This is XeTeX, Version 3.14159265-2.6-0.99999 (TeX Live 2018) (preloaded format=xelatex 2018.5.3)  4 MAY 2018 10:17
entering extended mode
 restricted \write18 enabled.
 file:line:error style messages enabled.
 %&-line parsing enabled.
**_region_.tex
(./_region_.tex
LaTeX2e <2018-04-01> patch level 3
Babel <3.20> and hyphenation patterns for 84 language(s) loaded.
 !name(solar.tex)
(/home/sup/texlive/2018/texmf-dist/tex/latex/tufte-latex/tufte-book.cls
Document Class: tufte-book 2015/06/21 v3.5.2 Tufte-book class
(/home/sup/texlive/2018/texmf-dist/tex/latex/tufte-latex/tufte-common.def
File: tufte-common.def 2015/06/21 v3.5.2 Common code for the Tufte-LaTeX styles


(/home/sup/texlive/2018/texmf-dist/tex/latex/xkeyval/xkeyval.sty
Package: xkeyval 2014/12/03 v2.7a package option processing (HA)

(/home/sup/texlive/2018/texmf-dist/tex/generic/xkeyval/xkeyval.tex
(/home/sup/texlive/2018/texmf-dist/tex/generic/xkeyval/xkvutils.tex
\XKV@toks=\toks14
\XKV@tempa@toks=\toks15

(/home/sup/texlive/2018/texmf-dist/tex/generic/xkeyval/keyval.tex))
\XKV@depth=\count80
File: xkeyval.tex 2014/12/03 v2.7a key=value parser (HA)
))
(/home/sup/texlive/2018/texmf-dist/tex/latex/xifthen/xifthen.sty
Package: xifthen 2015/11/05 v1.4.0 Extended ifthen features

(/home/sup/texlive/2018/texmf-dist/tex/latex/tools/calc.sty
Package: calc 2017/05/25 v4.3 Infix arithmetic (KKT,FJ)
\calc@Acount=\count81
\calc@Bcount=\count82
\calc@Adimen=\dimen102
\calc@Bdimen=\dimen103
\calc@Askip=\skip41
\calc@Bskip=\skip42
LaTeX Info: Redefining \setlength on input line 80.
LaTeX Info: Redefining \addtolength on input line 81.
\calc@Ccount=\count83
\calc@Cskip=\skip43
)
(/home/sup/texlive/2018/texmf-dist/tex/latex/base/ifthen.sty
Package: ifthen 2014/09/29 v1.1c Standard LaTeX ifthen package (DPC)
)
(/home/sup/texlive/2018/texmf-dist/tex/latex/ifmtarg/ifmtarg.sty
Package: ifmtarg 2018/04/16 v1.2b check for an empty argument
))
(/home/sup/texlive/2018/texmf-dist/tex/latex/hardwrap/hardwrap.sty
Package: hardwrap 2011/02/12 v0.2 Hard wrap messages

(/home/sup/texlive/2018/texmf-dist/tex/latex/ifplatform/ifplatform.sty
Package: ifplatform 2017/10/13 v0.4a Testing for the operating system

(/home/sup/texlive/2018/texmf-dist/tex/latex/tools/shellesc.sty
Package: shellesc 2016/06/07 v0.02a unified shell escape interface for LaTeX
Package shellesc Info: Restricted shell escape enabled on input line 69.
)
(/home/sup/texlive/2018/texmf-dist/tex/generic/oberdiek/pdftexcmds.sty
Package: pdftexcmds 2018/01/30 v0.27 Utility functions of pdfTeX for LuaTeX (HO
)

(/home/sup/texlive/2018/texmf-dist/tex/generic/oberdiek/infwarerr.sty
Package: infwarerr 2016/05/16 v1.4 Providing info/warning/error messages (HO)
)
(/home/sup/texlive/2018/texmf-dist/tex/generic/oberdiek/ifluatex.sty
Package: ifluatex 2016/05/16 v1.4 Provides the ifluatex switch (HO)
Package ifluatex Info: LuaTeX not detected.
)
(/home/sup/texlive/2018/texmf-dist/tex/generic/oberdiek/ltxcmds.sty
Package: ltxcmds 2016/05/16 v1.23 LaTeX kernel commands for general use (HO)
)
(/home/sup/texlive/2018/texmf-dist/tex/generic/oberdiek/ifpdf.sty
Package: ifpdf 2017/03/15 v3.2 Provides the ifpdf switch
)
Package pdftexcmds Info: LuaTeX not detected.
Package pdftexcmds Info: pdfTeX >= 1.30 not detected.
Package pdftexcmds Info: \pdf@primitive is available.
Package pdftexcmds Info: \pdf@ifprimitive is available.
Package pdftexcmds Info: \pdfdraftmode not found.
)
(/home/sup/texlive/2018/texmf-dist/tex/generic/oberdiek/catchfile.sty
Package: catchfile 2016/05/16 v1.7 Catch the contents of a file (HO)

(/home/sup/texlive/2018/texmf-dist/tex/generic/oberdiek/etexcmds.sty
Package: etexcmds 2016/05/16 v1.6 Avoid name clashes with e-TeX commands (HO)
Package etexcmds Info: Could not find \expanded.
(etexcmds)             That can mean that you are not using pdfTeX 1.50 or
(etexcmds)             that some package has redefined \expanded.
(etexcmds)             In the latter case, load this package earlier.
))

Package ifplatform Warning: 
    shell escape is disabled, so I can only detect \ifwindows.

) (/home/sup/texlive/2018/texmf-dist/tex/generic/ifxetex/ifxetex.sty
Package: ifxetex 2010/09/12 v0.6 Provides ifxetex conditional
)
\hw@charcount=\count84
\hw@wordcount=\count85
\hw@maxprintline=\count86
)
Class tufte-book Info: Passing svgnames to the `book' class.
Class tufte-book Info: Passing openany to the `book' class.
Class tufte-book Info: Loading the base class `book'

(/home/sup/texlive/2018/texmf-dist/tex/latex/base/book.cls
Document Class: book 2014/09/29 v1.4h Standard LaTeX document class
(/home/sup/texlive/2018/texmf-dist/tex/latex/base/bk10.clo
File: bk10.clo 2014/09/29 v1.4h Standard LaTeX file (size option)
)
\c@part=\count87
\c@chapter=\count88
\c@section=\count89
\c@subsection=\count90
\c@subsubsection=\count91
\c@paragraph=\count92
\c@subparagraph=\count93
\c@figure=\count94
\c@table=\count95
\abovecaptionskip=\skip44
\belowcaptionskip=\skip45
\bibindent=\dimen104
)
(/home/sup/texlive/2018/texmf-dist/tex/latex/xltxtra/xltxtra.sty
Package: xltxtra 2016/01/21 v0.6 Improvements for the "XeLaTeX" format

(/home/sup/texlive/2018/texmf-dist/tex/latex/fontspec/fontspec.sty
(/home/sup/texlive/2018/texmf-dist/tex/latex/l3packages/xparse/xparse.sty
(/home/sup/texlive/2018/texmf-dist/tex/latex/l3kernel/expl3.sty
Package: expl3 2018-04-30 L3 programming layer (loader) 

(/home/sup/texlive/2018/texmf-dist/tex/latex/l3kernel/expl3-code.tex
Package: expl3 2018-04-30 L3 programming layer (code)
\c_max_int=\count96
\l_tmpa_int=\count97
\l_tmpb_int=\count98
\g_tmpa_int=\count99
\g_tmpb_int=\count100
\g__kernel_prg_map_int=\count101
\c_log_iow=\count102
\l_iow_line_count_int=\count103
\l__iow_line_target_int=\count104
\l__iow_one_indent_int=\count105
\l__iow_indent_int=\count106
\c_zero_dim=\dimen105
\c_max_dim=\dimen106
\l_tmpa_dim=\dimen107
\l_tmpb_dim=\dimen108
\g_tmpa_dim=\dimen109
\g_tmpb_dim=\dimen110
\c_zero_skip=\skip46
\c_max_skip=\skip47
\l_tmpa_skip=\skip48
\l_tmpb_skip=\skip49
\g_tmpa_skip=\skip50
\g_tmpb_skip=\skip51
\c_zero_muskip=\muskip10
\c_max_muskip=\muskip11
\l_tmpa_muskip=\muskip12
\l_tmpb_muskip=\muskip13
\g_tmpa_muskip=\muskip14
\g_tmpb_muskip=\muskip15
\l_keys_choice_int=\count107
\c__fp_leading_shift_int=\count108
\c__fp_middle_shift_int=\count109
\c__fp_trailing_shift_int=\count110
\c__fp_big_leading_shift_int=\count111
\c__fp_big_middle_shift_int=\count112
\c__fp_big_trailing_shift_int=\count113
\c__fp_Bigg_leading_shift_int=\count114
\c__fp_Bigg_middle_shift_int=\count115
\c__fp_Bigg_trailing_shift_int=\count116
\c__intarray_sp_dim=\dimen111
\g__intarray_font_int=\count117
\l__sort_length_int=\count118
\l__sort_min_int=\count119
\l__sort_top_int=\count120
\l__sort_max_int=\count121
\l__sort_true_max_int=\count122
\l__sort_block_int=\count123
\l__sort_begin_int=\count124
\l__sort_end_int=\count125
\l__sort_A_int=\count126
\l__sort_B_int=\count127
\l__sort_C_int=\count128
\l__tl_analysis_normal_int=\count129
\l__tl_analysis_index_int=\count130
\l__tl_analysis_nesting_int=\count131
\l__tl_analysis_type_int=\count132
\l__regex_internal_a_int=\count133
\l__regex_internal_b_int=\count134
\l__regex_internal_c_int=\count135
\l__regex_balance_int=\count136
\l__regex_group_level_int=\count137
\l__regex_mode_int=\count138
\c__regex_cs_in_class_mode_int=\count139
\c__regex_cs_mode_int=\count140
\l__regex_catcodes_int=\count141
\l__regex_default_catcodes_int=\count142
\c__regex_catcode_L_int=\count143
\c__regex_catcode_O_int=\count144
\c__regex_catcode_A_int=\count145
\c__regex_all_catcodes_int=\count146
\l__regex_show_lines_int=\count147
\l__regex_min_state_int=\count148
\l__regex_max_state_int=\count149
\l__regex_left_state_int=\count150
\l__regex_right_state_int=\count151
\l__regex_capturing_group_int=\count152
\l__regex_min_pos_int=\count153
\l__regex_max_pos_int=\count154
\l__regex_curr_pos_int=\count155
\l__regex_start_pos_int=\count156
\l__regex_success_pos_int=\count157
\l__regex_curr_char_int=\count158
\l__regex_curr_catcode_int=\count159
\l__regex_last_char_int=\count160
\l__regex_case_changed_char_int=\count161
\l__regex_curr_state_int=\count162
\l__regex_step_int=\count163
\l__regex_min_active_int=\count164
\l__regex_max_active_int=\count165
\l__regex_replacement_csnames_int=\count166
\l__regex_match_count_int=\count167
\l__regex_min_submatch_int=\count168
\l__regex_submatch_int=\count169
\l__regex_zeroth_submatch_int=\count170
\g__regex_trace_regex_int=\count171
\c_empty_box=\box26
\l_tmpa_box=\box27
\l_tmpb_box=\box28
\g_tmpa_box=\box29
\g_tmpb_box=\box30
\l__box_top_dim=\dimen112
\l__box_bottom_dim=\dimen113
\l__box_left_dim=\dimen114
\l__box_right_dim=\dimen115
\l__box_top_new_dim=\dimen116
\l__box_bottom_new_dim=\dimen117
\l__box_left_new_dim=\dimen118
\l__box_right_new_dim=\dimen119
\l__box_internal_box=\box31
\l__coffin_internal_box=\box32
\l__coffin_internal_dim=\dimen120
\l__coffin_offset_x_dim=\dimen121
\l__coffin_offset_y_dim=\dimen122
\l__coffin_x_dim=\dimen123
\l__coffin_y_dim=\dimen124
\l__coffin_x_prime_dim=\dimen125
\l__coffin_y_prime_dim=\dimen126
\c_empty_coffin=\box33
\l__coffin_aligned_coffin=\box34
\l__coffin_aligned_internal_coffin=\box35
\l_tmpa_coffin=\box36
\l_tmpb_coffin=\box37
\l__coffin_display_coffin=\box38
\l__coffin_display_coord_coffin=\box39
\l__coffin_display_pole_coffin=\box40
\l__coffin_display_offset_dim=\dimen127
\l__coffin_display_x_dim=\dimen128
\l__coffin_display_y_dim=\dimen129
\g__file_internal_ior=\read1
\l__coffin_bounding_shift_dim=\dimen130
\l__coffin_left_corner_dim=\dimen131
\l__coffin_right_corner_dim=\dimen132
\l__coffin_bottom_corner_dim=\dimen133
\l__coffin_top_corner_dim=\dimen134
\l__coffin_scaled_total_height_dim=\dimen135
\l__coffin_scaled_width_dim=\dimen136
)
(/home/sup/texlive/2018/texmf-dist/tex/latex/l3kernel/l3xdvipdfmx.def
File: l3xdvidpfmx.def 2018-04-30 v L3 Experimental driver: xdvipdfmx
\g__driver_image_int=\count172
))
Package: xparse 2018-04-30 L3 Experimental document command parser
\l__xparse_current_arg_int=\count173
\g__xparse_grabber_int=\count174
\l__xparse_m_args_int=\count175
\l__xparse_mandatory_args_int=\count176
\l__xparse_v_nesting_int=\count177
)
Package: fontspec 2017/11/09 v2.6g Font selection for XeLaTeX and LuaLaTeX

(/home/sup/texlive/2018/texmf-dist/tex/latex/fontspec/fontspec-xetex.sty
Package: fontspec-xetex 2017/11/09 v2.6g Font selection for XeLaTeX and LuaLaTe
X
\l__fontspec_script_int=\count178
\l__fontspec_language_int=\count179
\l__fontspec_strnum_int=\count180
\l__fontspec_tmp_int=\count181
\l__fontspec_em_int=\count182
\l__fontspec_emdef_int=\count183
\l__fontspec_strong_int=\count184
\l__fontspec_strongdef_int=\count185
\l__fontspec_tmpa_dim=\dimen137
\l__fontspec_tmpb_dim=\dimen138
\l__fontspec_tmpc_dim=\dimen139

(/home/sup/texlive/2018/texmf-dist/tex/latex/base/fontenc.sty
Package: fontenc 2017/04/05 v2.0i Standard LaTeX package

(/home/sup/texlive/2018/texmf-dist/tex/latex/base/tuenc.def
File: tuenc.def 2017/04/05 v2.0i Standard LaTeX file
LaTeX Font Info:    Redeclaring font encoding TU on input line 82.
))
.................................................
. LaTeX info: "xparse/define-command"
. 
. Defining command \fontspec with sig. 'O{}mO{}' on line 542.
.................................................
.................................................
. LaTeX info: "xparse/define-command"
. 
. Defining command \setmainfont with sig. 'O{}mO{}' on line 546.
.................................................
.................................................
. LaTeX info: "xparse/define-command"
. 
. Defining command \setsansfont with sig. 'O{}mO{}' on line 550.
.................................................
.................................................
. LaTeX info: "xparse/define-command"
. 
. Defining command \setmonofont with sig. 'O{}mO{}' on line 554.
.................................................
.................................................
. LaTeX info: "xparse/define-command"
. 
. Defining command \setmathrm with sig. 'O{}mO{}' on line 558.
.................................................
.................................................
. LaTeX info: "xparse/define-command"
. 
. Defining command \setboldmathrm with sig. 'O{}mO{}' on line 562.
.................................................
.................................................
. LaTeX info: "xparse/define-command"
. 
. Defining command \setmathsf with sig. 'O{}mO{}' on line 566.
.................................................
.................................................
. LaTeX info: "xparse/define-command"
. 
. Defining command \setmathtt with sig. 'O{}mO{}' on line 570.
.................................................
.................................................
. LaTeX info: "xparse/define-command"
. 
. Defining command \setromanfont with sig. 'O{}mO{}' on line 574.
.................................................
.................................................
. LaTeX info: "xparse/define-command"
. 
. Defining command \newfontfamily with sig. 'mO{}mO{}' on line 578.
.................................................
.................................................
. LaTeX info: "xparse/define-command"
. 
. Defining command \newfontface with sig. 'mO{}mO{}' on line 582.
.................................................
.................................................
. LaTeX info: "xparse/define-command"
. 
. Defining command \defaultfontfeatures with sig. 't+om' on line 586.
.................................................
.................................................
. LaTeX info: "xparse/define-command"
. 
. Defining command \addfontfeatures with sig. 'm' on line 590.
.................................................
.................................................
. LaTeX info: "xparse/define-command"
. 
. Defining command \addfontfeature with sig. 'm' on line 594.
.................................................
.................................................
. LaTeX info: "xparse/define-command"
. 
. Defining command \newfontfeature with sig. 'mm' on line 598.
.................................................
.................................................
. LaTeX info: "xparse/define-command"
. 
. Defining command \newAATfeature with sig. 'mmmm' on line 602.
.................................................
.................................................
. LaTeX info: "xparse/define-command"
. 
. Defining command \newopentypefeature with sig. 'mmm' on line 606.
.................................................
.................................................
. LaTeX info: "xparse/define-command"
. 
. Defining command \newICUfeature with sig. 'mmm' on line 610.
.................................................
.................................................
. LaTeX info: "xparse/define-command"
. 
. Defining command \aliasfontfeature with sig. 'mm' on line 614.
.................................................
.................................................
. LaTeX info: "xparse/define-command"
. 
. Defining command \aliasfontfeatureoption with sig. 'mmm' on line 618.
.................................................
.................................................
. LaTeX info: "xparse/define-command"
. 
. Defining command \newfontscript with sig. 'mm' on line 622.
.................................................
.................................................
. LaTeX info: "xparse/define-command"
. 
. Defining command \newfontlanguage with sig. 'mm' on line 626.
.................................................
.................................................
. LaTeX info: "xparse/define-command"
. 
. Defining command \DeclareFontsExtensions with sig. 'm' on line 630.
.................................................
.................................................
. LaTeX info: "xparse/define-command"
. 
. Defining command \IfFontFeatureActiveTF with sig. 'mmm' on line 634.
.................................................
.................................................
. LaTeX info: "xparse/define-command"
. 
. Defining command \EncodingCommand with sig. 'mO{}m' on line 3632.
.................................................
.................................................
. LaTeX info: "xparse/define-command"
. 
. Defining command \EncodingAccent with sig. 'mm' on line 3638.
.................................................
.................................................
. LaTeX info: "xparse/define-command"
. 
. Defining command \EncodingSymbol with sig. 'mm' on line 3644.
.................................................
.................................................
. LaTeX info: "xparse/define-command"
. 
. Defining command \EncodingComposite with sig. 'mmm' on line 3650.
.................................................
.................................................
. LaTeX info: "xparse/define-command"
. 
. Defining command \EncodingCompositeCommand with sig. 'mmm' on line 3656.
.................................................
.................................................
. LaTeX info: "xparse/define-command"
. 
. Defining command \DeclareUnicodeEncoding with sig. 'mm' on line 3681.
.................................................
.................................................
. LaTeX info: "xparse/define-command"
. 
. Defining command \UndeclareSymbol with sig. 'm' on line 3687.
.................................................
.................................................
. LaTeX info: "xparse/define-command"
. 
. Defining command \UndeclareAccent with sig. 'm' on line 3693.
.................................................
.................................................
. LaTeX info: "xparse/define-command"
. 
. Defining command \UndeclareCommand with sig. 'm' on line 3699.
.................................................
.................................................
. LaTeX info: "xparse/define-command"
. 
. Defining command \UndeclareComposite with sig. 'mm' on line 3706.
.................................................

(/home/sup/texlive/2018/texmf-dist/tex/latex/fontspec/fontspec.cfg)
LaTeX Info: Redefining \itshape on input line 3891.
LaTeX Info: Redefining \slshape on input line 3896.
LaTeX Info: Redefining \scshape on input line 3901.
LaTeX Info: Redefining \upshape on input line 3906.
LaTeX Info: Redefining \em on input line 3936.
LaTeX Info: Redefining \emph on input line 3961.
LaTeX Info: Redefining \- on input line 4015.
.................................................
. LaTeX info: "xparse/redefine-command"
. 
. Redefining command \oldstylenums with sig. 'm' on line 4110.
.................................................
.................................................
. LaTeX info: "xparse/define-command"
. 
. Defining command \liningnums with sig. 'm' on line 4114.
.................................................
))
(/home/sup/texlive/2018/texmf-dist/tex/latex/realscripts/realscripts.sty
Package: realscripts 2016/02/13 v0.3d Access OpenType subscripts and superscrip
ts
.................................................
. LaTeX info: "xparse/define-command"
. 
. Defining command \fakesubscript with sig. 'm' on line 19.
.................................................
.................................................
. LaTeX info: "xparse/define-command"
. 
. Defining command \fakesuperscript with sig. 'm' on line 22.
.................................................
.................................................
. LaTeX info: "xparse/redefine-command"
. 
. Redefining command \textsubscript with sig. 's' on line 25.
.................................................
.................................................
. LaTeX info: "xparse/redefine-command"
. 
. Redefining command \textsuperscript with sig. 's' on line 28.
.................................................
.................................................
. LaTeX info: "xparse/define-command"
. 
. Defining command \realsubscript with sig. 'm' on line 45.
.................................................
.................................................
. LaTeX info: "xparse/define-command"
. 
. Defining command \realsuperscript with sig. 'm' on line 60.
.................................................
.................................................
. LaTeX info: "xparse/define-command"
. 
. Defining command \textsubsuperscript with sig. 'sO{l}mm' on line 138.
.................................................
.................................................
. LaTeX info: "xparse/define-command"
. 
. Defining command \textsupersubscript with sig. 'sO{l}mm' on line 143.
.................................................
\subsupersep=\dimen140
)
(/home/sup/texlive/2018/texmf-dist/tex/latex/metalogo/metalogo.sty
Package: metalogo 2010/05/29 v0.12 Extended TeX logo macros

(/home/sup/texlive/2018/texmf-dist/tex/latex/graphics/graphicx.sty
Package: graphicx 2017/06/01 v1.1a Enhanced LaTeX Graphics (DPC,SPQR)

(/home/sup/texlive/2018/texmf-dist/tex/latex/graphics/graphics.sty
Package: graphics 2017/06/25 v1.2c Standard LaTeX Graphics (DPC,SPQR)

(/home/sup/texlive/2018/texmf-dist/tex/latex/graphics/trig.sty
Package: trig 2016/01/03 v1.10 sin cos tan (DPC)
)
(/home/sup/texlive/2018/texmf-dist/tex/latex/graphics-cfg/graphics.cfg
File: graphics.cfg 2016/06/04 v1.11 sample graphics configuration
)
Package graphics Info: Driver file: xetex.def on input line 99.

(/home/sup/texlive/2018/texmf-dist/tex/latex/graphics-def/xetex.def
File: xetex.def 2017/06/24 v5.0h Graphics/color driver for xetex
))
\Gin@req@height=\dimen141
\Gin@req@width=\dimen142
)
\xl@everylogo=\toks16
\xl@@everylogo=\toks17
LaTeX Info: Redefining \TeX on input line 193.
LaTeX Info: Redefining \LaTeX on input line 202.
LaTeX Info: Redefining \LaTeXe on input line 219.
)
\l__xetex_show_hyphens_wrapping_box=\box41
\l__xetex_show_hyphens_temp_box=\box42
\l__xetex_show_hyphens_final_box=\box43
\g__xetex_show_hyphens_word_box=\box44
)
(/home/sup/texlive/2018/texmf-dist/tex/latex/titlesec/titlesec.sty
Package: titlesec 2016/03/21 v2.10.2 Sectioning titles
\ttl@box=\box45
\beforetitleunit=\skip52
\aftertitleunit=\skip53
\ttl@plus=\dimen143
\ttl@minus=\dimen144
\ttl@toksa=\toks18
\titlewidth=\dimen145
\titlewidthlast=\dimen146
\titlewidthfirst=\dimen147
)
(/home/sup/texlive/2018/texmf-dist/tex/latex/titlesec/titletoc.sty
Package: titletoc 2011/12/15 v1.6 TOC entries
\ttl@leftsep=\dimen148
)
(/home/sup/texlive/2018/texmf-dist/tex/latex/hyperref/hyperref.sty
Package: hyperref 2018/02/06 v6.86b Hypertext links for LaTeX

(/home/sup/texlive/2018/texmf-dist/tex/generic/oberdiek/hobsub-hyperref.sty
Package: hobsub-hyperref 2016/05/16 v1.14 Bundle oberdiek, subset hyperref (HO)


(/home/sup/texlive/2018/texmf-dist/tex/generic/oberdiek/hobsub-generic.sty
Package: hobsub-generic 2016/05/16 v1.14 Bundle oberdiek, subset generic (HO)
Package: hobsub 2016/05/16 v1.14 Construct package bundles (HO)
Package hobsub Info: Skipping package `infwarerr' (already loaded).
Package hobsub Info: Skipping package `ltxcmds' (already loaded).
Package hobsub Info: Skipping package `ifluatex' (already loaded).
Package: ifvtex 2016/05/16 v1.6 Detect VTeX and its facilities (HO)
Package ifvtex Info: VTeX not detected.
Package: intcalc 2016/05/16 v1.2 Expandable calculations with integers (HO)
Package hobsub Info: Skipping package `ifpdf' (already loaded).
Package hobsub Info: Skipping package `etexcmds' (already loaded).
Package: kvsetkeys 2016/05/16 v1.17 Key value parser (HO)
Package: kvdefinekeys 2016/05/16 v1.4 Define keys (HO)
Package hobsub Info: Skipping package `pdftexcmds' (already loaded).
Package: pdfescape 2016/05/16 v1.14 Implements pdfTeX's escape features (HO)
Package: bigintcalc 2016/05/16 v1.4 Expandable calculations on big integers (HO
)
Package: bitset 2016/05/16 v1.2 Handle bit-vector datatype (HO)
Package: uniquecounter 2016/05/16 v1.3 Provide unlimited unique counter (HO)
)
Package hobsub Info: Skipping package `hobsub' (already loaded).
Package: letltxmacro 2016/05/16 v1.5 Let assignment for LaTeX macros (HO)
Package: hopatch 2016/05/16 v1.3 Wrapper for package hooks (HO)
Package: xcolor-patch 2016/05/16 xcolor patch
Package: atveryend 2016/05/16 v1.9 Hooks at the very end of document (HO)
Package atveryend Info: \enddocument detected (standard20110627).
Package: atbegshi 2016/06/09 v1.18 At begin shipout hook (HO)
Package: refcount 2016/05/16 v3.5 Data extraction from label references (HO)
Package: hycolor 2016/05/16 v1.8 Color options for hyperref/bookmark (HO)
)
(/home/sup/texlive/2018/texmf-dist/tex/latex/oberdiek/auxhook.sty
Package: auxhook 2016/05/16 v1.4 Hooks for auxiliary files (HO)
)
(/home/sup/texlive/2018/texmf-dist/tex/latex/oberdiek/kvoptions.sty
Package: kvoptions 2016/05/16 v3.12 Key value format for package options (HO)
)
\@linkdim=\dimen149
\Hy@linkcounter=\count186
\Hy@pagecounter=\count187

(/home/sup/texlive/2018/texmf-dist/tex/latex/hyperref/pd1enc.def
File: pd1enc.def 2018/02/06 v6.86b Hyperref: PDFDocEncoding definition (HO)
)
\Hy@SavedSpaceFactor=\count188

(/home/sup/texlive/2018/texmf-dist/tex/latex/latexconfig/hyperref.cfg
File: hyperref.cfg 2002/06/06 v1.2 hyperref configuration of TeXLive
)
Package hyperref Info: Option `unicode' set `true' on input line 4383.

(/home/sup/texlive/2018/texmf-dist/tex/latex/hyperref/puenc.def
File: puenc.def 2018/02/06 v6.86b Hyperref: PDF Unicode definition (HO)
)
Package hyperref Info: Option `hyperfootnotes' set `false' on input line 4383.
Package hyperref Info: Hyper figures OFF on input line 4509.
Package hyperref Info: Link nesting OFF on input line 4514.
Package hyperref Info: Hyper index ON on input line 4517.
Package hyperref Info: Plain pages OFF on input line 4524.
Package hyperref Info: Backreferencing OFF on input line 4529.
Package hyperref Info: Implicit mode ON; LaTeX internals redefined.
Package hyperref Info: Bookmarks ON on input line 4762.
\c@Hy@tempcnt=\count189

(/home/sup/texlive/2018/texmf-dist/tex/latex/url/url.sty
\Urlmuskip=\muskip16
Package: url 2013/09/16  ver 3.4  Verb mode for urls, etc.
)
LaTeX Info: Redefining \url on input line 5115.
\XeTeXLinkMargin=\dimen150
\Fld@menulength=\count190
\Field@Width=\dimen151
\Fld@charsize=\dimen152
Package hyperref Info: Hyper figures OFF on input line 6369.
Package hyperref Info: Link nesting OFF on input line 6374.
Package hyperref Info: Hyper index ON on input line 6377.
Package hyperref Info: backreferencing OFF on input line 6384.
Package hyperref Info: Link coloring OFF on input line 6389.
Package hyperref Info: Link coloring with OCG OFF on input line 6394.
Package hyperref Info: PDF/A mode OFF on input line 6399.
LaTeX Info: Redefining \ref on input line 6439.
LaTeX Info: Redefining \pageref on input line 6443.
\Hy@abspage=\count191
\c@Item=\count192
)
Package hyperref Info: Driver: hxetex.

(/home/sup/texlive/2018/texmf-dist/tex/latex/hyperref/hxetex.def
File: hxetex.def 2018/02/06 v6.86b Hyperref driver for XeTeX

(/home/sup/texlive/2018/texmf-dist/tex/generic/oberdiek/stringenc.sty
Package: stringenc 2016/05/16 v1.11 Convert strings between diff. encodings (HO
)
)
\pdfm@box=\box46
\c@Hy@AnnotLevel=\count193
\HyField@AnnotCount=\count194
\Fld@listcount=\count195
\c@bookmark@seq@number=\count196

(/home/sup/texlive/2018/texmf-dist/tex/latex/oberdiek/rerunfilecheck.sty
Package: rerunfilecheck 2016/05/16 v1.8 Rerun checks for auxiliary files (HO)
Package uniquecounter Info: New unique counter `rerunfilecheck' on input line 2
82.
)
\Hy@SectionHShift=\skip54
)
(/home/sup/texlive/2018/texmf-dist/tex/latex/ms/ragged2e.sty
Package: ragged2e 2009/05/21 v2.1 ragged2e Package (MS)

(/home/sup/texlive/2018/texmf-dist/tex/latex/ms/everysel.sty
Package: everysel 2011/10/28 v1.2 EverySelectfont Package (MS)
)
\CenteringLeftskip=\skip55
\RaggedLeftLeftskip=\skip56
\RaggedRightLeftskip=\skip57
\CenteringRightskip=\skip58
\RaggedLeftRightskip=\skip59
\RaggedRightRightskip=\skip60
\CenteringParfillskip=\skip61
\RaggedLeftParfillskip=\skip62
\RaggedRightParfillskip=\skip63
\JustifyingParfillskip=\skip64
\CenteringParindent=\skip65
\RaggedLeftParindent=\skip66
\RaggedRightParindent=\skip67
\JustifyingParindent=\skip68
)
(/home/sup/texlive/2018/texmf-dist/tex/latex/geometry/geometry.sty
Package: geometry 2018/03/24 v5.7 Page Geometry
\Gm@cnth=\count197
\Gm@cntv=\count198
\c@Gm@tempcnt=\count199
\Gm@bindingoffset=\dimen153
\Gm@wd@mp=\dimen154
\Gm@odd@mp=\dimen155
\Gm@even@mp=\dimen156
\Gm@layoutwidth=\dimen157
\Gm@layoutheight=\dimen158
\Gm@layouthoffset=\dimen159
\Gm@layoutvoffset=\dimen160
\Gm@dimlist=\toks19
)
(/home/sup/texlive/2018/texmf-dist/tex/latex/changepage/changepage.sty
Package: changepage 2009/10/20 v1.0c check page and change page layout
\c@cp@cntr=\count266
\cp@tempcnt=\count267
)
\@tufte@overhang=\skip69
\@tufte@fullwidth=\skip70
\@tufte@caption@fill=\skip71

(/home/sup/texlive/2018/texmf-dist/tex/latex/paralist/paralist.sty
Package: paralist 2017/01/22 v2.7 Extended list environments
\pltopsep=\skip72
\plpartopsep=\skip73
\plitemsep=\skip74
\plparsep=\skip75
\pl@lab=\toks20
)
(/home/sup/texlive/2018/texmf-dist/tex/latex/textcase/textcase.sty
Package: textcase 2004/10/07 v0.07 Text only upper/lower case changing (DPC)
)
(/home/sup/texlive/2018/texmf-dist/tex/latex/soul/soul.sty
Package: soul 2003/11/17 v2.4 letterspacing/underlining (mf)
\SOUL@word=\toks21
\SOUL@lasttoken=\toks22
\SOUL@cmds=\toks23
\SOUL@buffer=\toks24
\SOUL@token=\toks25
\SOUL@spaceskip=\skip76
\SOUL@ttwidth=\dimen161
\SOUL@uldp=\dimen162
\SOUL@ulht=\dimen163
)
LaTeX Info: Redefining \allcapsspacing on input line 737.
LaTeX Info: Redefining \smallcapsspacing on input line 737.

(/home/sup/texlive/2018/texmf-dist/tex/latex/setspace/setspace.sty
Package: setspace 2011/12/19 v6.7a set line spacing
)
(/home/sup/texlive/2018/texmf-dist/tex/latex/xcolor/xcolor.sty
Package: xcolor 2016/05/11 v2.12 LaTeX color extensions (UK)

(/home/sup/texlive/2018/texmf-dist/tex/latex/graphics-cfg/color.cfg
File: color.cfg 2016/01/02 v1.6 sample color configuration
)
Package xcolor Info: Package option `usenames' ignored on input line 216.
Package xcolor Info: Driver file: xetex.def on input line 225.
Package xcolor Info: Model `cmy' substituted by `cmy0' on input line 1348.
Package xcolor Info: Model `RGB' extended on input line 1364.
Package xcolor Info: Model `HTML' substituted by `rgb' on input line 1366.
Package xcolor Info: Model `Hsb' substituted by `hsb' on input line 1367.
Package xcolor Info: Model `tHsb' substituted by `hsb' on input line 1368.
Package xcolor Info: Model `HSB' substituted by `hsb' on input line 1369.
Package xcolor Info: Model `Gray' substituted by `gray' on input line 1370.
Package xcolor Info: Model `wave' substituted by `hsb' on input line 1371.

(/home/sup/texlive/2018/texmf-dist/tex/latex/graphics/dvipsnam.def
File: dvipsnam.def 2016/06/17 v3.0m Driver-dependent file (DPC,SPQR)
)
(/home/sup/texlive/2018/texmf-dist/tex/latex/xcolor/svgnam.def
File: svgnam.def 2016/05/11 v2.12 Predefined colors according to SVG 1.1 (UK)
))
(/home/sup/texlive/2018/texmf-dist/tex/latex/natbib/natbib.sty
Package: natbib 2010/09/13 8.31b (PWD, AO)
\bibhang=\skip77
\bibsep=\skip78
LaTeX Info: Redefining \cite on input line 694.
\c@NAT@ctr=\count268
)
(/home/sup/texlive/2018/texmf-dist/tex/latex/natbib/bibentry.sty
Package: bibentry 2007/10/30 1.5 (PWD)
)
No file _region_.bbl.
\c@@tufte@num@bibkeys=\count269
(/home/sup/texlive/2018/texmf-dist/tex/latex/sauerj/optparams.sty
Package: optparams 2004/08/14 v0.9 multiple optional parameters in macros
)
\@tufte@sidenote@vertical@offset=\skip79

(/home/sup/texlive/2018/texmf-dist/tex/latex/placeins/placeins.sty
Package: placeins 2005/04/18  v 2.2
)
\@tufte@margin@floatbox=\box47
\@tufte@figure@box=\box48
\@tufte@caption@box=\box49
\@tufte@caption@vertical@offset=\skip80
\@tufte@float@contents@width=\skip81

(/home/sup/texlive/2018/texmf-dist/tex/latex/fancyhdr/fancyhdr.sty
Package: fancyhdr 2017/06/30 v3.9a Extensive control of page headers and footer
s
\f@nch@headwidth=\skip82
\f@nch@O@elh=\skip83
\f@nch@O@erh=\skip84
\f@nch@O@olh=\skip85
\f@nch@O@orh=\skip86
\f@nch@O@elf=\skip87
\f@nch@O@erf=\skip88
\f@nch@O@olf=\skip89
\f@nch@O@orf=\skip90
)
\tufteskipamount=\skip91

(/home/sup/texlive/2018/texmf-dist/tex/latex/tools/multicol.sty
Package: multicol 2018/04/20 v1.8s multicolumn formatting (FMi)
\c@tracingmulticols=\count270
\mult@box=\box50
\multicol@leftmargin=\dimen164
\c@unbalance=\count271
\c@collectmore=\count272
\doublecol@number=\count273
\multicoltolerance=\count274
\multicolpretolerance=\count275
\full@width=\dimen165
\page@free=\dimen166
\premulticols=\dimen167
\postmulticols=\dimen168
\multicolsep=\skip92
\multicolbaselineskip=\skip93
\partial@page=\box51
\last@line=\box52
\maxbalancingoverflow=\dimen169
\mult@rightbox=\box53
\mult@grightbox=\box54
\mult@gfirstbox=\box55
\mult@firstbox=\box56
\@tempa=\box57
\@tempa=\box58
\@tempa=\box59
\@tempa=\box60
\@tempa=\box61
\@tempa=\box62
\@tempa=\box63
\@tempa=\box64
\@tempa=\box65
\@tempa=\box66
\@tempa=\box67
\@tempa=\box68
\@tempa=\box69
\@tempa=\box70
\@tempa=\box71
\@tempa=\box72
\@tempa=\box73
\c@columnbadness=\count276
\c@finalcolumnbadness=\count277
\last@try=\dimen170
\multicolovershoot=\dimen171
\multicolundershoot=\dimen172
\mult@nat@firstbox=\box74
\colbreak@box=\box75
\mc@col@check@num=\count278
)))
(/home/sup/texlive/2018/texmf-dist/tex/latex/polyglossia/polyglossia.sty
Package: polyglossia 2018/04/07 v1.43 Alternative to Babel for XeLaTeX and LuaL
aTeX

(/home/sup/texlive/2018/texmf-dist/tex/latex/etoolbox/etoolbox.sty
Package: etoolbox 2018/02/11 v2.5e e-TeX tools for LaTeX (JAW)
\etb@tempcnta=\count279
)
(/home/sup/texlive/2018/texmf-dist/tex/latex/makecmds/makecmds.sty
Package: makecmds 2009/09/03 v1.0a extra command making commands
)
\xpg@normalclass=\XeTeXcharclass1
)
(/home/sup/texlive/2018/texmf-dist/tex/latex/polyglossia/gloss-thai.ldf
File: gloss-thai.ldf polyglossia: module for thai
)
Package polyglossia Info: Default language is thai.
\g__fontspec_family_THSarabunNew_int=\count280
.................................................
. fontspec info: "defining-font"
. 
. Font family 'THSarabunNew(0)' created for font 'TH Sarabun New' with options
. [Scale=1.23].
.  
.  This font family consists of the following NFSS series/shapes:
.  
. - 'normal' (m/n) with NFSS spec.: <->s*[1.23]"TH Sarabun
. New/OT:script=latn;language=DFLT;"
. - 'small caps'  (m/sc) with NFSS spec.: 
. - 'bold' (bx/n) with NFSS spec.: <->s*[1.23]"TH Sarabun
. New/B/OT:script=latn;language=DFLT;"
. - 'bold small caps'  (bx/sc) with NFSS spec.: 
. - 'italic' (m/it) with NFSS spec.: <->s*[1.23]"TH Sarabun
. New/I/OT:script=latn;language=DFLT;"
. - 'italic small caps'  (m/itsc) with NFSS spec.: 
. - 'bold italic' (bx/it) with NFSS spec.: <->s*[1.23]"TH Sarabun
. New/BI/OT:script=latn;language=DFLT;"
. - 'bold italic small caps'  (bx/itsc) with NFSS spec.: 
.................................................
.................................................
. fontspec info: "defining-font"
. 
. Font family 'THSarabunNew(1)' created for font 'TH Sarabun New' with options
. [].
.  
.  This font family consists of the following NFSS series/shapes:
.  
. - 'normal' (m/n) with NFSS spec.: <->"TH Sarabun
. New/OT:script=latn;language=DFLT;"
. - 'small caps'  (m/sc) with NFSS spec.: 
. - 'bold' (bx/n) with NFSS spec.: <->"TH Sarabun
. New/B/OT:script=latn;language=DFLT;"
. - 'bold small caps'  (bx/sc) with NFSS spec.: 
. - 'italic' (m/it) with NFSS spec.: <->"TH Sarabun
. New/I/OT:script=latn;language=DFLT;"
. - 'italic small caps'  (m/itsc) with NFSS spec.: 
. - 'bold italic' (bx/it) with NFSS spec.: <->"TH Sarabun
. New/BI/OT:script=latn;language=DFLT;"
. - 'bold italic small caps'  (bx/itsc) with NFSS spec.: 
.................................................

(/home/sup/texlive/2018/texmf-dist/tex/latex/parskip/parskip.sty
Package: parskip 2001/04/09 non-zero parskip adjustments
)
(/home/sup/texlive/2018/texmf-dist/tex/latex/booktabs/booktabs.sty
Package: booktabs 2016/04/27 v1.618033 publication quality tables
\heavyrulewidth=\dimen173
\lightrulewidth=\dimen174
\cmidrulewidth=\dimen175
\belowrulesep=\dimen176
\belowbottomsep=\dimen177
\aboverulesep=\dimen178
\abovetopsep=\dimen179
\cmidrulesep=\dimen180
\cmidrulekern=\dimen181
\defaultaddspace=\dimen182
\@cmidla=\count281
\@cmidlb=\count282
\@aboverulesep=\dimen183
\@belowrulesep=\dimen184
\@thisruleclass=\count283
\@lastruleclass=\count284
\@thisrulewidth=\dimen185
)
(/home/sup/texlive/2018/texmf-dist/tex/latex/tools/array.sty
Package: array 2018/04/07 v2.4g Tabular extension package (FMi)
\col@sep=\dimen186
\ar@mcellbox=\box76
\extrarowheight=\dimen187
\NC@list=\toks26
\extratabsurround=\skip94
\backup@length=\skip95
\ar@cellbox=\box77
)
(/home/sup/texlive/2018/texmf-dist/tex/latex/enumitem/enumitem.sty
Package: enumitem 2011/09/28 v3.5.2 Customized lists
\enitkv@toks@=\toks27
\labelindent=\skip96
\enit@outerparindent=\dimen188
\enit@toks=\toks28
\enit@inbox=\box78
\enitdp@description=\count285
)
(/home/sup/texlive/2018/texmf-dist/tex/latex/pgf/frontendlayer/tikz.sty
(/home/sup/texlive/2018/texmf-dist/tex/latex/pgf/basiclayer/pgf.sty
(/home/sup/texlive/2018/texmf-dist/tex/latex/pgf/utilities/pgfrcs.sty
(/home/sup/texlive/2018/texmf-dist/tex/generic/pgf/utilities/pgfutil-common.tex
\pgfutil@everybye=\toks29
\pgfutil@tempdima=\dimen189
\pgfutil@tempdimb=\dimen190

(/home/sup/texlive/2018/texmf-dist/tex/generic/pgf/utilities/pgfutil-common-lis
ts.tex))
(/home/sup/texlive/2018/texmf-dist/tex/generic/pgf/utilities/pgfutil-latex.def
\pgfutil@abb=\box79

(/home/sup/texlive/2018/texmf-dist/tex/latex/ms/everyshi.sty
Package: everyshi 2001/05/15 v3.00 EveryShipout Package (MS)
))
(/home/sup/texlive/2018/texmf-dist/tex/generic/pgf/utilities/pgfrcs.code.tex
Package: pgfrcs 2015/08/07 v3.0.1a (rcs-revision 1.31)
))
Package: pgf 2015/08/07 v3.0.1a (rcs-revision 1.15)

(/home/sup/texlive/2018/texmf-dist/tex/latex/pgf/basiclayer/pgfcore.sty
(/home/sup/texlive/2018/texmf-dist/tex/latex/pgf/systemlayer/pgfsys.sty
(/home/sup/texlive/2018/texmf-dist/tex/generic/pgf/systemlayer/pgfsys.code.tex
Package: pgfsys 2014/07/09 v3.0.1a (rcs-revision 1.48)

(/home/sup/texlive/2018/texmf-dist/tex/generic/pgf/utilities/pgfkeys.code.tex
\pgfkeys@pathtoks=\toks30
\pgfkeys@temptoks=\toks31

(/home/sup/texlive/2018/texmf-dist/tex/generic/pgf/utilities/pgfkeysfiltered.co
de.tex
\pgfkeys@tmptoks=\toks32
))
\pgf@x=\dimen191
\pgf@y=\dimen192
\pgf@xa=\dimen193
\pgf@ya=\dimen194
\pgf@xb=\dimen195
\pgf@yb=\dimen196
\pgf@xc=\dimen197
\pgf@yc=\dimen198
\w@pgf@writea=\write3
\r@pgf@reada=\read2
\c@pgf@counta=\count286
\c@pgf@countb=\count287
\c@pgf@countc=\count288
\c@pgf@countd=\count289
\t@pgf@toka=\toks33
\t@pgf@tokb=\toks34
\t@pgf@tokc=\toks35
 (/home/sup/texlive/2018/texmf-dist/tex/generic/pgf/systemlayer/pgf.cfg
File: pgf.cfg 2008/05/14  (rcs-revision 1.7)
)
Driver file for pgf: pgfsys-xetex.def

(/home/sup/texlive/2018/texmf-dist/tex/generic/pgf/systemlayer/pgfsys-xetex.def
File: pgfsys-xetex.def 2014/07/09  (rcs-revision 1.11)

(/home/sup/texlive/2018/texmf-dist/tex/generic/pgf/systemlayer/pgfsys-dvipdfmx.
def
File: pgfsys-dvipdfmx.def 2014/07/09  (rcs-revision 1.14)

(/home/sup/texlive/2018/texmf-dist/tex/generic/pgf/systemlayer/pgfsys-common-pd
f.def
File: pgfsys-common-pdf.def 2013/10/10  (rcs-revision 1.13)
)
\pgfsys@objnum=\count290
)))
(/home/sup/texlive/2018/texmf-dist/tex/generic/pgf/systemlayer/pgfsyssoftpath.c
ode.tex
File: pgfsyssoftpath.code.tex 2013/09/09  (rcs-revision 1.9)
\pgfsyssoftpath@smallbuffer@items=\count291
\pgfsyssoftpath@bigbuffer@items=\count292
)
(/home/sup/texlive/2018/texmf-dist/tex/generic/pgf/systemlayer/pgfsysprotocol.c
ode.tex
File: pgfsysprotocol.code.tex 2006/10/16  (rcs-revision 1.4)
))
(/home/sup/texlive/2018/texmf-dist/tex/generic/pgf/basiclayer/pgfcore.code.tex
Package: pgfcore 2010/04/11 v3.0.1a (rcs-revision 1.7)

(/home/sup/texlive/2018/texmf-dist/tex/generic/pgf/math/pgfmath.code.tex
(/home/sup/texlive/2018/texmf-dist/tex/generic/pgf/math/pgfmathcalc.code.tex
(/home/sup/texlive/2018/texmf-dist/tex/generic/pgf/math/pgfmathutil.code.tex)
(/home/sup/texlive/2018/texmf-dist/tex/generic/pgf/math/pgfmathparser.code.tex
\pgfmath@dimen=\dimen199
\pgfmath@count=\count293
\pgfmath@box=\box80
\pgfmath@toks=\toks36
\pgfmath@stack@operand=\toks37
\pgfmath@stack@operation=\toks38
)
(/home/sup/texlive/2018/texmf-dist/tex/generic/pgf/math/pgfmathfunctions.code.t
ex
(/home/sup/texlive/2018/texmf-dist/tex/generic/pgf/math/pgfmathfunctions.basic.
code.tex)
(/home/sup/texlive/2018/texmf-dist/tex/generic/pgf/math/pgfmathfunctions.trigon
ometric.code.tex)
(/home/sup/texlive/2018/texmf-dist/tex/generic/pgf/math/pgfmathfunctions.random
.code.tex)
(/home/sup/texlive/2018/texmf-dist/tex/generic/pgf/math/pgfmathfunctions.compar
ison.code.tex)
(/home/sup/texlive/2018/texmf-dist/tex/generic/pgf/math/pgfmathfunctions.base.c
ode.tex)
(/home/sup/texlive/2018/texmf-dist/tex/generic/pgf/math/pgfmathfunctions.round.
code.tex)
(/home/sup/texlive/2018/texmf-dist/tex/generic/pgf/math/pgfmathfunctions.misc.c
ode.tex)
(/home/sup/texlive/2018/texmf-dist/tex/generic/pgf/math/pgfmathfunctions.intege
rarithmetics.code.tex)))
(/home/sup/texlive/2018/texmf-dist/tex/generic/pgf/math/pgfmathfloat.code.tex
\c@pgfmathroundto@lastzeros=\count294
))
(/home/sup/texlive/2018/texmf-dist/tex/generic/pgf/basiclayer/pgfcorepoints.cod
e.tex
File: pgfcorepoints.code.tex 2013/10/07  (rcs-revision 1.27)
\pgf@picminx=\dimen256
\pgf@picmaxx=\dimen257
\pgf@picminy=\dimen258
\pgf@picmaxy=\dimen259
\pgf@pathminx=\dimen260
\pgf@pathmaxx=\dimen261
\pgf@pathminy=\dimen262
\pgf@pathmaxy=\dimen263
\pgf@xx=\dimen264
\pgf@xy=\dimen265
\pgf@yx=\dimen266
\pgf@yy=\dimen267
\pgf@zx=\dimen268
\pgf@zy=\dimen269
)
(/home/sup/texlive/2018/texmf-dist/tex/generic/pgf/basiclayer/pgfcorepathconstr
uct.code.tex
File: pgfcorepathconstruct.code.tex 2013/10/07  (rcs-revision 1.29)
\pgf@path@lastx=\dimen270
\pgf@path@lasty=\dimen271
)
(/home/sup/texlive/2018/texmf-dist/tex/generic/pgf/basiclayer/pgfcorepathusage.
code.tex
File: pgfcorepathusage.code.tex 2014/11/02  (rcs-revision 1.24)
\pgf@shorten@end@additional=\dimen272
\pgf@shorten@start@additional=\dimen273
)
(/home/sup/texlive/2018/texmf-dist/tex/generic/pgf/basiclayer/pgfcorescopes.cod
e.tex
File: pgfcorescopes.code.tex 2015/05/08  (rcs-revision 1.46)
\pgfpic=\box81
\pgf@hbox=\box82
\pgf@layerbox@main=\box83
\pgf@picture@serial@count=\count295
)
(/home/sup/texlive/2018/texmf-dist/tex/generic/pgf/basiclayer/pgfcoregraphicsta
te.code.tex
File: pgfcoregraphicstate.code.tex 2014/11/02  (rcs-revision 1.12)
\pgflinewidth=\dimen274
)
(/home/sup/texlive/2018/texmf-dist/tex/generic/pgf/basiclayer/pgfcoretransforma
tions.code.tex
File: pgfcoretransformations.code.tex 2015/08/07  (rcs-revision 1.20)
\pgf@pt@x=\dimen275
\pgf@pt@y=\dimen276
\pgf@pt@temp=\dimen277
)
(/home/sup/texlive/2018/texmf-dist/tex/generic/pgf/basiclayer/pgfcorequick.code
.tex
File: pgfcorequick.code.tex 2008/10/09  (rcs-revision 1.3)
)
(/home/sup/texlive/2018/texmf-dist/tex/generic/pgf/basiclayer/pgfcoreobjects.co
de.tex
File: pgfcoreobjects.code.tex 2006/10/11  (rcs-revision 1.2)
)
(/home/sup/texlive/2018/texmf-dist/tex/generic/pgf/basiclayer/pgfcorepathproces
sing.code.tex
File: pgfcorepathprocessing.code.tex 2013/09/09  (rcs-revision 1.9)
)
(/home/sup/texlive/2018/texmf-dist/tex/generic/pgf/basiclayer/pgfcorearrows.cod
e.tex
File: pgfcorearrows.code.tex 2015/05/14  (rcs-revision 1.43)
\pgfarrowsep=\dimen278
)
(/home/sup/texlive/2018/texmf-dist/tex/generic/pgf/basiclayer/pgfcoreshade.code
.tex
File: pgfcoreshade.code.tex 2013/07/15  (rcs-revision 1.15)
\pgf@max=\dimen279
\pgf@sys@shading@range@num=\count296
)
(/home/sup/texlive/2018/texmf-dist/tex/generic/pgf/basiclayer/pgfcoreimage.code
.tex
File: pgfcoreimage.code.tex 2013/07/15  (rcs-revision 1.18)

(/home/sup/texlive/2018/texmf-dist/tex/generic/pgf/basiclayer/pgfcoreexternal.c
ode.tex
File: pgfcoreexternal.code.tex 2014/07/09  (rcs-revision 1.21)
\pgfexternal@startupbox=\box84
))
(/home/sup/texlive/2018/texmf-dist/tex/generic/pgf/basiclayer/pgfcorelayers.cod
e.tex
File: pgfcorelayers.code.tex 2013/07/18  (rcs-revision 1.7)
)
(/home/sup/texlive/2018/texmf-dist/tex/generic/pgf/basiclayer/pgfcoretransparen
cy.code.tex
File: pgfcoretransparency.code.tex 2013/09/30  (rcs-revision 1.5)
)
(/home/sup/texlive/2018/texmf-dist/tex/generic/pgf/basiclayer/pgfcorepatterns.c
ode.tex
File: pgfcorepatterns.code.tex 2013/11/07  (rcs-revision 1.5)
)))
(/home/sup/texlive/2018/texmf-dist/tex/generic/pgf/modules/pgfmoduleshapes.code
.tex
File: pgfmoduleshapes.code.tex 2014/03/21  (rcs-revision 1.35)
\pgfnodeparttextbox=\box85
)
(/home/sup/texlive/2018/texmf-dist/tex/generic/pgf/modules/pgfmoduleplot.code.t
ex
File: pgfmoduleplot.code.tex 2015/08/03  (rcs-revision 1.13)
)
(/home/sup/texlive/2018/texmf-dist/tex/latex/pgf/compatibility/pgfcomp-version-
0-65.sty
Package: pgfcomp-version-0-65 2007/07/03 v3.0.1a (rcs-revision 1.7)
\pgf@nodesepstart=\dimen280
\pgf@nodesepend=\dimen281
)
(/home/sup/texlive/2018/texmf-dist/tex/latex/pgf/compatibility/pgfcomp-version-
1-18.sty
Package: pgfcomp-version-1-18 2007/07/23 v3.0.1a (rcs-revision 1.1)
))
(/home/sup/texlive/2018/texmf-dist/tex/latex/pgf/utilities/pgffor.sty
(/home/sup/texlive/2018/texmf-dist/tex/latex/pgf/utilities/pgfkeys.sty
(/home/sup/texlive/2018/texmf-dist/tex/generic/pgf/utilities/pgfkeys.code.tex))
(/home/sup/texlive/2018/texmf-dist/tex/latex/pgf/math/pgfmath.sty
(/home/sup/texlive/2018/texmf-dist/tex/generic/pgf/math/pgfmath.code.tex))
(/home/sup/texlive/2018/texmf-dist/tex/generic/pgf/utilities/pgffor.code.tex
Package: pgffor 2013/12/13 v3.0.1a (rcs-revision 1.25)

(/home/sup/texlive/2018/texmf-dist/tex/generic/pgf/math/pgfmath.code.tex)
\pgffor@iter=\dimen282
\pgffor@skip=\dimen283
\pgffor@stack=\toks39
\pgffor@toks=\toks40
))
(/home/sup/texlive/2018/texmf-dist/tex/generic/pgf/frontendlayer/tikz/tikz.code
.tex
Package: tikz 2015/08/07 v3.0.1a (rcs-revision 1.151)

(/home/sup/texlive/2018/texmf-dist/tex/generic/pgf/libraries/pgflibraryplothand
lers.code.tex
File: pgflibraryplothandlers.code.tex 2013/08/31 v3.0.1a (rcs-revision 1.20)
\pgf@plot@mark@count=\count297
\pgfplotmarksize=\dimen284
)
\tikz@lastx=\dimen285
\tikz@lasty=\dimen286
\tikz@lastxsaved=\dimen287
\tikz@lastysaved=\dimen288
\tikzleveldistance=\dimen289
\tikzsiblingdistance=\dimen290
\tikz@figbox=\box86
\tikz@figbox@bg=\box87
\tikz@tempbox=\box88
\tikz@tempbox@bg=\box89
\tikztreelevel=\count298
\tikznumberofchildren=\count299
\tikznumberofcurrentchild=\count300
\tikz@fig@count=\count301

(/home/sup/texlive/2018/texmf-dist/tex/generic/pgf/modules/pgfmodulematrix.code
.tex
File: pgfmodulematrix.code.tex 2013/09/17  (rcs-revision 1.8)
\pgfmatrixcurrentrow=\count302
\pgfmatrixcurrentcolumn=\count303
\pgf@matrix@numberofcolumns=\count304
)
\tikz@expandcount=\count305

(/home/sup/texlive/2018/texmf-dist/tex/generic/pgf/frontendlayer/tikz/libraries
/tikzlibrarytopaths.code.tex
File: tikzlibrarytopaths.code.tex 2008/06/17 v3.0.1a (rcs-revision 1.2)
)))
(/home/sup/texlive/2018/texmf-dist/tex/generic/pgf/frontendlayer/tikz/libraries
/tikzlibraryarrows.code.tex
File: tikzlibraryarrows.code.tex 2008/01/09 v3.0.1a (rcs-revision 1.1)

(/home/sup/texlive/2018/texmf-dist/tex/generic/pgf/libraries/pgflibraryarrows.c
ode.tex
File: pgflibraryarrows.code.tex 2013/09/23 v3.0.1a (rcs-revision 1.16)
\arrowsize=\dimen291
))
(/home/sup/texlive/2018/texmf-dist/tex/generic/pgf/frontendlayer/tikz/libraries
/tikzlibrarycalc.code.tex
File: tikzlibrarycalc.code.tex 2013/07/15 v3.0.1a (rcs-revision 1.9)
)
(/home/sup/texlive/2018/texmf-dist/tex/generic/pgf/frontendlayer/tikz/libraries
/tikzlibrarydecorations.code.tex
(/home/sup/texlive/2018/texmf-dist/tex/generic/pgf/modules/pgfmoduledecorations
.code.tex
\pgfdecoratedcompleteddistance=\dimen292
\pgfdecoratedremainingdistance=\dimen293
\pgfdecoratedinputsegmentcompleteddistance=\dimen294
\pgfdecoratedinputsegmentremainingdistance=\dimen295
\pgf@decorate@distancetomove=\dimen296
\pgf@decorate@repeatstate=\count306
\pgfdecorationsegmentamplitude=\dimen297
\pgfdecorationsegmentlength=\dimen298
)
\tikz@lib@dec@box=\box90
)
(/home/sup/texlive/2018/texmf-dist/tex/generic/pgf/frontendlayer/tikz/libraries
/tikzlibraryshapes.code.tex
File: tikzlibraryshapes.code.tex 2008/01/09 v3.0.1a (rcs-revision 1.1)

(/home/sup/texlive/2018/texmf-dist/tex/generic/pgf/frontendlayer/tikz/libraries
/tikzlibraryshapes.geometric.code.tex
File: tikzlibraryshapes.geometric.code.tex 2008/01/09 v3.0.1a (rcs-revision 1.1
)

(/home/sup/texlive/2018/texmf-dist/tex/generic/pgf/libraries/shapes/pgflibrarys
hapes.geometric.code.tex
File: pgflibraryshapes.geometric.code.tex 2008/06/26 v3.0.1a (rcs-revision 1.1)

))
(/home/sup/texlive/2018/texmf-dist/tex/generic/pgf/frontendlayer/tikz/libraries
/tikzlibraryshapes.misc.code.tex
File: tikzlibraryshapes.misc.code.tex 2008/01/09 v3.0.1a (rcs-revision 1.1)

(/home/sup/texlive/2018/texmf-dist/tex/generic/pgf/libraries/shapes/pgflibrarys
hapes.misc.code.tex
File: pgflibraryshapes.misc.code.tex 2013/07/18 v3.0.1a (rcs-revision 1.5)
))
(/home/sup/texlive/2018/texmf-dist/tex/generic/pgf/frontendlayer/tikz/libraries
/tikzlibraryshapes.symbols.code.tex
File: tikzlibraryshapes.symbols.code.tex 2008/01/09 v3.0.1a (rcs-revision 1.1)

(/home/sup/texlive/2018/texmf-dist/tex/generic/pgf/libraries/shapes/pgflibrarys
hapes.symbols.code.tex
File: pgflibraryshapes.symbols.code.tex 2013/09/11 v3.0.1a (rcs-revision 1.6)
))
(/home/sup/texlive/2018/texmf-dist/tex/generic/pgf/frontendlayer/tikz/libraries
/tikzlibraryshapes.arrows.code.tex
File: tikzlibraryshapes.arrows.code.tex 2008/01/09 v3.0.1a (rcs-revision 1.1)

(/home/sup/texlive/2018/texmf-dist/tex/generic/pgf/libraries/shapes/pgflibrarys
hapes.arrows.code.tex
File: pgflibraryshapes.arrows.code.tex 2008/06/26 v3.0.1a (rcs-revision 1.1)
))
(/home/sup/texlive/2018/texmf-dist/tex/generic/pgf/frontendlayer/tikz/libraries
/tikzlibraryshapes.callouts.code.tex
(/home/sup/texlive/2018/texmf-dist/tex/generic/pgf/libraries/shapes/pgflibrarys
hapes.callouts.code.tex))
(/home/sup/texlive/2018/texmf-dist/tex/generic/pgf/frontendlayer/tikz/libraries
/tikzlibraryshapes.multipart.code.tex
File: tikzlibraryshapes.multipart.code.tex 2008/01/09 v3.0.1a (rcs-revision 1.1
)

(/home/sup/texlive/2018/texmf-dist/tex/generic/pgf/libraries/shapes/pgflibrarys
hapes.multipart.code.tex
File: pgflibraryshapes.multipart.code.tex 2010/01/07 v3.0.1a (rcs-revision 1.2)

\pgfnodepartlowerbox=\box91
\pgfnodeparttwobox=\box92
\pgfnodepartthreebox=\box93
\pgfnodepartfourbox=\box94
\pgfnodeparttwentybox=\box95
\pgfnodepartnineteenbox=\box96
\pgfnodeparteighteenbox=\box97
\pgfnodepartseventeenbox=\box98
\pgfnodepartsixteenbox=\box99
\pgfnodepartfifteenbox=\box100
\pgfnodepartfourteenbox=\box101
\pgfnodepartthirteenbox=\box102
\pgfnodeparttwelvebox=\box103
\pgfnodepartelevenbox=\box104
\pgfnodeparttenbox=\box105
\pgfnodepartninebox=\box106
\pgfnodeparteightbox=\box107
\pgfnodepartsevenbox=\box108
\pgfnodepartsixbox=\box109
\pgfnodepartfivebox=\box110
)))
(/home/sup/texlive/2018/texmf-dist/tex/generic/pgf/frontendlayer/tikz/libraries
/tikzlibrarypositioning.code.tex
File: tikzlibrarypositioning.code.tex 2008/10/06 v3.0.1a (rcs-revision 1.7)
)
(/home/sup/texlive/2018/texmf-dist/tex/generic/pgf/frontendlayer/tikz/libraries
/tikzlibrarydecorations.pathmorphing.code.tex
(/home/sup/texlive/2018/texmf-dist/tex/generic/pgf/libraries/decorations/pgflib
rarydecorations.pathmorphing.code.tex))
(/home/sup/texlive/2018/texmf-dist/tex/generic/pgf/frontendlayer/tikz/libraries
/tikzlibrarypatterns.code.tex
File: tikzlibrarypatterns.code.tex 2008/01/15 v3.0.1a (rcs-revision 1.2)

(/home/sup/texlive/2018/texmf-dist/tex/generic/pgf/libraries/pgflibrarypatterns
.code.tex
File: pgflibrarypatterns.code.tex 2008/03/03 v3.0.1a (rcs-revision 1.13)
)) (/home/sup/texlive/2018/texmf-dist/tex/latex/pgfplots/pgfplots.sty
(/home/sup/texlive/2018/texmf-dist/tex/generic/pgfplots/pgfplots.revision.tex)
Package: pgfplots 2018/03/28 v1.16 Data Visualization (1.16)

(/home/sup/texlive/2018/texmf-dist/tex/generic/pgfplots/pgfplots.code.tex
(/home/sup/texlive/2018/texmf-dist/tex/generic/pgfplots/pgfplotscore.code.tex
\t@pgfplots@toka=\toks41
\t@pgfplots@tokb=\toks42
\t@pgfplots@tokc=\toks43
\pgfplots@tmpa=\dimen299
\c@pgfplots@coordindex=\count307
\c@pgfplots@scanlineindex=\count308

(/home/sup/texlive/2018/texmf-dist/tex/generic/pgfplots/sys/pgfplotssysgeneric.
code.tex))
(/home/sup/texlive/2018/texmf-dist/tex/generic/pgfplots/libs/pgfplotslibrary.co
de.tex)
(/home/sup/texlive/2018/texmf-dist/tex/generic/pgfplots/oldpgfcompatib/pgfplots
oldpgfsupp_loader.code.tex
(/home/sup/texlive/2018/texmf-dist/tex/generic/pgf/libraries/pgflibraryfpu.code
.tex)
Package pgfplots: loading complementary arithmetics for your pgf version...

(/home/sup/texlive/2018/texmf-dist/tex/generic/pgfplots/oldpgfcompatib/pgfplots
oldpgfsupp_pgflibraryfpu.code.tex)
(/home/sup/texlive/2018/texmf-dist/tex/generic/pgfplots/oldpgfcompatib/pgfplots
oldpgfsupp_pgfmathfloat.code.tex
\c@pgfmathroundto@lastzeros=\count309
)
(/home/sup/texlive/2018/texmf-dist/tex/generic/pgfplots/oldpgfcompatib/pgfplots
oldpgfsupp_leq.code.tex))
(/home/sup/texlive/2018/texmf-dist/tex/generic/pgfplots/util/pgfplotsutil.code.
tex
(/home/sup/texlive/2018/texmf-dist/tex/generic/pgfplots/liststructure/pgfplotsl
iststructure.code.tex)
(/home/sup/texlive/2018/texmf-dist/tex/generic/pgfplots/liststructure/pgfplotsl
iststructureext.code.tex)
(/home/sup/texlive/2018/texmf-dist/tex/generic/pgfplots/liststructure/pgfplotsa
rray.code.tex
\c@pgfplotsarray@tmp=\count310
)
(/home/sup/texlive/2018/texmf-dist/tex/generic/pgfplots/liststructure/pgfplotsm
atrix.code.tex)
(/home/sup/texlive/2018/texmf-dist/tex/generic/pgfplots/numtable/pgfplotstables
hared.code.tex
\c@pgfplotstable@counta=\count311
\t@pgfplotstable@a=\toks44
)
(/home/sup/texlive/2018/texmf-dist/tex/generic/pgfplots/liststructure/pgfplotsd
eque.code.tex)
(/home/sup/texlive/2018/texmf-dist/tex/generic/pgfplots/util/pgfplotsbinary.cod
e.tex
(/home/sup/texlive/2018/texmf-dist/tex/generic/pgfplots/util/pgfplotsbinary.dat
a.code.tex))
(/home/sup/texlive/2018/texmf-dist/tex/generic/pgfplots/util/pgfplotsutil.verb.
code.tex)
(/home/sup/texlive/2018/texmf-dist/tex/generic/pgfplots/libs/pgflibrarypgfplots
.surfshading.code.tex
\c@pgfplotslibrarysurf@no=\count312

(/home/sup/texlive/2018/texmf-dist/tex/generic/pgfplots/sys/pgflibrarypgfplots.
surfshading.pgfsys-xetex.def
(/home/sup/texlive/2018/texmf-dist/tex/generic/pgfplots/sys/pgflibrarypgfplots.
surfshading.pgfsys-dvipdfmx.def
\c@pgfplotslibrarysurf@streamlen=\count313
))))
(/home/sup/texlive/2018/texmf-dist/tex/generic/pgfplots/util/pgfplotscolormap.c
ode.tex
(/home/sup/texlive/2018/texmf-dist/tex/generic/pgfplots/util/pgfplotscolor.code
.tex))
(/home/sup/texlive/2018/texmf-dist/tex/generic/pgfplots/pgfplotsstackedplots.co
de.tex)
(/home/sup/texlive/2018/texmf-dist/tex/generic/pgfplots/pgfplotsplothandlers.co
de.tex
(/home/sup/texlive/2018/texmf-dist/tex/generic/pgfplots/pgfplotsmeshplothandler
.code.tex
(/home/sup/texlive/2018/texmf-dist/tex/generic/pgfplots/pgfplotsmeshplotimage.c
ode.tex)))
(/home/sup/texlive/2018/texmf-dist/tex/generic/pgfplots/pgfplots.scaling.code.t
ex)
(/home/sup/texlive/2018/texmf-dist/tex/generic/pgfplots/pgfplotscoordprocessing
.code.tex)
(/home/sup/texlive/2018/texmf-dist/tex/generic/pgfplots/pgfplots.errorbars.code
.tex)
(/home/sup/texlive/2018/texmf-dist/tex/generic/pgfplots/pgfplots.markers.code.t
ex)
(/home/sup/texlive/2018/texmf-dist/tex/generic/pgfplots/pgfplotsticks.code.tex)

(/home/sup/texlive/2018/texmf-dist/tex/generic/pgfplots/pgfplots.paths.code.tex
)
(/home/sup/texlive/2018/texmf-dist/tex/generic/pgf/frontendlayer/tikz/libraries
/tikzlibrarydecorations.pathreplacing.code.tex
(/home/sup/texlive/2018/texmf-dist/tex/generic/pgf/libraries/decorations/pgflib
rarydecorations.pathreplacing.code.tex))
\pgfplots@numplots=\count314
\pgfplots@xmin@reg=\dimen300
\pgfplots@xmax@reg=\dimen301
\pgfplots@ymin@reg=\dimen302
\pgfplots@ymax@reg=\dimen303
\pgfplots@zmin@reg=\dimen304
\pgfplots@zmax@reg=\dimen305
)
(/home/sup/texlive/2018/texmf-dist/tex/generic/pgf/frontendlayer/tikz/libraries
/tikzlibraryplotmarks.code.tex
File: tikzlibraryplotmarks.code.tex 2008/01/09 v3.0.1a (rcs-revision 1.1)

(/home/sup/texlive/2018/texmf-dist/tex/generic/pgf/libraries/pgflibraryplotmark
s.code.tex
File: pgflibraryplotmarks.code.tex 2015/08/03 v3.0.1a (rcs-revision 1.14)
)))
(/home/sup/texlive/2018/texmf-dist/tex/generic/pgfplots/libs/pgflibrarypgfplots
.colorbrewer.code.tex
(/home/sup/texlive/2018/texmf-dist/tex/generic/pgfplots/libs/tikzlibrarycolorbr
ewer.code.tex))
(/home/sup/texlive/2018/texmf-dist/tex/latex/circuitikz/circuitikz.sty
Package: circuitikz 2017/05/28{} The CircuiTikz circuit drawing package version
 0.8.3

(/home/sup/texlive/2018/texmf-dist/tex/generic/circuitikz/pgfcirc.defines.tex
\pgf@circ@res@up=\dimen306
\pgf@circ@res@down=\dimen307
\pgf@circ@res@zero=\dimen308
\pgf@circ@res@left=\dimen309
\pgf@circ@res@right=\dimen310
\pgf@circ@res@other=\dimen311
\pgf@circ@res@step=\dimen312
\pgf@circ@res@temp=\dimen313
\pgfstartlinewidth=\dimen314
\pgf@circ@Rlen=\dimen315
)
(/home/sup/texlive/2018/texmf-dist/tex/generic/circuitikz/pgfcircutils.tex)
(/home/sup/texlive/2018/texmf-dist/tex/generic/circuitikz/pgfcircshapes.tex)
(/home/sup/texlive/2018/texmf-dist/tex/generic/circuitikz/pgfcircmonopoles.tex)
(/home/sup/texlive/2018/texmf-dist/tex/generic/circuitikz/pgfcircbipoles.tex)
(/home/sup/texlive/2018/texmf-dist/tex/generic/circuitikz/pgfcirctripoles.tex)
(/home/sup/texlive/2018/texmf-dist/tex/generic/circuitikz/pgfcircquadpoles.tex)
(/home/sup/texlive/2018/texmf-dist/tex/generic/circuitikz/pgfcirclabel.tex)
(/home/sup/texlive/2018/texmf-dist/tex/generic/circuitikz/pgfcircvoltage.tex)
(/home/sup/texlive/2018/texmf-dist/tex/generic/circuitikz/pgfcirccurrent.tex)
(/home/sup/texlive/2018/texmf-dist/tex/generic/circuitikz/pgfcircflow.tex)
(/home/sup/texlive/2018/texmf-dist/tex/generic/circuitikz/pgfcircpath.tex))
(/home/sup/texlive/2018/texmf-dist/tex/latex/tocloft/tocloft.sty
Package: tocloft 2017/08/31 v2.3i parameterised ToC, etc., typesetting
Package tocloft Info: The document has chapter divisions on input line 51.
\cftparskip=\skip97
\cftbeforetoctitleskip=\skip98
\cftaftertoctitleskip=\skip99
\cftbeforepartskip=\skip100
\cftpartnumwidth=\skip101
\cftpartindent=\skip102
\cftbeforechapskip=\skip103
\cftchapindent=\skip104
\cftchapnumwidth=\skip105
\cftbeforesecskip=\skip106
\cftsecindent=\skip107
\cftsecnumwidth=\skip108
\cftbeforesubsecskip=\skip109
\cftsubsecindent=\skip110
\cftsubsecnumwidth=\skip111
\cftbeforesubsubsecskip=\skip112
\cftsubsubsecindent=\skip113
\cftsubsubsecnumwidth=\skip114
\cftbeforeparaskip=\skip115
\cftparaindent=\skip116
\cftparanumwidth=\skip117
\cftbeforesubparaskip=\skip118
\cftsubparaindent=\skip119
\cftsubparanumwidth=\skip120
\cftbeforeloftitleskip=\skip121
\cftafterloftitleskip=\skip122
\cftbeforefigskip=\skip123
\cftfigindent=\skip124
\cftfignumwidth=\skip125
\c@lofdepth=\count315
\c@lotdepth=\count316
\cftbeforelottitleskip=\skip126
\cftafterlottitleskip=\skip127
\cftbeforetabskip=\skip128
\cfttabindent=\skip129
\cfttabnumwidth=\skip130


Package tocloft Warning: \@starttoc has already been redefined; tocloft bailing
 out. on input line 1147.

) (/home/sup/texlive/2018/texmf-dist/tex/latex/float/float.sty
Package: float 2001/11/08 v1.3d Float enhancements (AL)
\c@float@type=\count317
\float@exts=\toks45
\float@box=\box111
\@float@everytoks=\toks46
\@floatcapt=\box112
)
(/home/sup/texlive/2018/texmf-dist/tex/latex/amsmath/amsmath.sty
Package: amsmath 2017/09/02 v2.17a AMS math features
\@mathmargin=\skip131

For additional information on amsmath, use the `?' option.
(/home/sup/texlive/2018/texmf-dist/tex/latex/amsmath/amstext.sty
Package: amstext 2000/06/29 v2.01 AMS text

(/home/sup/texlive/2018/texmf-dist/tex/latex/amsmath/amsgen.sty
File: amsgen.sty 1999/11/30 v2.0 generic functions
\@emptytoks=\toks47
\ex@=\dimen316
))
(/home/sup/texlive/2018/texmf-dist/tex/latex/amsmath/amsbsy.sty
Package: amsbsy 1999/11/29 v1.2d Bold Symbols
\pmbraise@=\dimen317
)
(/home/sup/texlive/2018/texmf-dist/tex/latex/amsmath/amsopn.sty
Package: amsopn 2016/03/08 v2.02 operator names
)
\inf@bad=\count318
LaTeX Info: Redefining \frac on input line 213.
\uproot@=\count319
\leftroot@=\count320
LaTeX Info: Redefining \overline on input line 375.
\classnum@=\count321
\DOTSCASE@=\count322
LaTeX Info: Redefining \ldots on input line 472.
LaTeX Info: Redefining \dots on input line 475.
LaTeX Info: Redefining \cdots on input line 596.
\Mathstrutbox@=\box113
\strutbox@=\box114
\big@size=\dimen318
LaTeX Font Info:    Redeclaring font encoding OML on input line 712.
LaTeX Font Info:    Redeclaring font encoding OMS on input line 713.
\macc@depth=\count323
\c@MaxMatrixCols=\count324
\dotsspace@=\muskip17
\c@parentequation=\count325
\dspbrk@lvl=\count326
\tag@help=\toks48
\row@=\count327
\column@=\count328
\maxfields@=\count329
\andhelp@=\toks49
\eqnshift@=\dimen319
\alignsep@=\dimen320
\tagshift@=\dimen321
\tagwidth@=\dimen322
\totwidth@=\dimen323
\lineht@=\dimen324
\@envbody=\toks50
\multlinegap=\skip132
\multlinetaggap=\skip133
\mathdisplay@stack=\toks51
LaTeX Info: Redefining \[ on input line 2817.
LaTeX Info: Redefining \] on input line 2818.
)
(/home/sup/texlive/2018/texmf-dist/tex/latex/amscls/amsthm.sty
Package: amsthm 2017/10/31 v2.20.4
\thm@style=\toks52
\thm@bodyfont=\toks53
\thm@headfont=\toks54
\thm@notefont=\toks55
\thm@headpunct=\toks56
\thm@preskip=\skip134
\thm@postskip=\skip135
\thm@headsep=\skip136
\dth@everypar=\toks57
)
(/home/sup/texlive/2018/texmf-dist/tex/latex/thmtools/thmtools.sty
Package: thmtools 2014/04/21 v66
\thmt@toks=\toks58
\c@thmt@dummyctr=\count330

(/home/sup/texlive/2018/texmf-dist/tex/latex/thmtools/thm-patch.sty
Package: thm-patch 2014/04/21 v66

(/home/sup/texlive/2018/texmf-dist/tex/latex/thmtools/parseargs.sty
Package: parseargs 2014/04/21 v66
\@parsespec=\toks59
))
(/home/sup/texlive/2018/texmf-dist/tex/latex/thmtools/thm-kv.sty
Package: thm-kv 2014/04/21 v66
Package thm-kv Info: Theorem names will be uppercased on input line 40.
Package thm-kv Info: kvsetkeys patch (v1.16 or later) on input line 156.
)
(/home/sup/texlive/2018/texmf-dist/tex/latex/thmtools/thm-autoref.sty
Package: thm-autoref 2014/04/21 v66

(/home/sup/texlive/2018/texmf-dist/tex/latex/thmtools/aliasctr.sty
Package: aliasctr 2014/04/21 v66

(/home/sup/texlive/2018/texmf-dist/tex/latex/carlisle/remreset.sty)))
(/home/sup/texlive/2018/texmf-dist/tex/latex/thmtools/thm-listof.sty
Package: thm-listof 2014/04/21 v66
)
(/home/sup/texlive/2018/texmf-dist/tex/latex/thmtools/thm-restate.sty
Package: thm-restate 2014/04/21 v66
)
(/home/sup/texlive/2018/texmf-dist/tex/latex/thmtools/thm-amsthm.sty
Package: thm-amsthm 2014/04/21 v66
\thmt@style@headstyle=\toks60
))
(/home/sup/texlive/2018/texmf-dist/tex/latex/mdframed/mdframed.sty
Package: mdframed 2013/07/01 1.9b: mdframed

(/home/sup/texlive/2018/texmf-dist/tex/latex/oberdiek/zref-abspage.sty
Package: zref-abspage 2016/05/21 v2.26 Module abspage for zref (HO)

(/home/sup/texlive/2018/texmf-dist/tex/latex/oberdiek/zref-base.sty
Package: zref-base 2016/05/21 v2.26 Module base for zref (HO)
Package zref Info: New property list: main on input line 759.
Package zref Info: New property: default on input line 760.
Package zref Info: New property: page on input line 761.
)
\c@abspage=\count331
Package zref Info: New property: abspage on input line 62.
)
(/home/sup/texlive/2018/texmf-dist/tex/latex/needspace/needspace.sty
Package: needspace 2010/09/12 v1.3d reserve vertical space
)
\mdf@templength=\skip137
\c@mdf@globalstyle@cnt=\count332
\mdf@skipabove@length=\skip138
\mdf@skipbelow@length=\skip139
\mdf@leftmargin@length=\skip140
\mdf@rightmargin@length=\skip141
\mdf@innerleftmargin@length=\skip142
\mdf@innerrightmargin@length=\skip143
\mdf@innertopmargin@length=\skip144
\mdf@innerbottommargin@length=\skip145
\mdf@splittopskip@length=\skip146
\mdf@splitbottomskip@length=\skip147
\mdf@outermargin@length=\skip148
\mdf@innermargin@length=\skip149
\mdf@linewidth@length=\skip150
\mdf@innerlinewidth@length=\skip151
\mdf@middlelinewidth@length=\skip152
\mdf@outerlinewidth@length=\skip153
\mdf@roundcorner@length=\skip154
\mdf@footenotedistance@length=\skip155
\mdf@userdefinedwidth@length=\skip156
\mdf@needspace@length=\skip157
\mdf@frametitleaboveskip@length=\skip158
\mdf@frametitlebelowskip@length=\skip159
\mdf@frametitlerulewidth@length=\skip160
\mdf@frametitleleftmargin@length=\skip161
\mdf@frametitlerightmargin@length=\skip162
\mdf@shadowsize@length=\skip163
\mdf@extratopheight@length=\skip164
\mdf@subtitleabovelinewidth@length=\skip165
\mdf@subtitlebelowlinewidth@length=\skip166
\mdf@subtitleaboveskip@length=\skip167
\mdf@subtitlebelowskip@length=\skip168
\mdf@subtitleinneraboveskip@length=\skip169
\mdf@subtitleinnerbelowskip@length=\skip170
\mdf@subsubtitleabovelinewidth@length=\skip171
\mdf@subsubtitlebelowlinewidth@length=\skip172
\mdf@subsubtitleaboveskip@length=\skip173
\mdf@subsubtitlebelowskip@length=\skip174
\mdf@subsubtitleinneraboveskip@length=\skip175
\mdf@subsubtitleinnerbelowskip@length=\skip176

(/home/sup/texlive/2018/texmf-dist/tex/latex/mdframed/md-frame-0.mdf
File: md-frame-0.mdf 2013/07/01\ 1.9b: md-frame-0
)
\mdf@frametitlebox=\box115
\mdf@footnotebox=\box116
\mdf@splitbox@one=\box117
\mdf@splitbox@two=\box118
\mdf@splitbox@save=\box119
\mdfsplitboxwidth=\skip177
\mdfsplitboxtotalwidth=\skip178
\mdfsplitboxheight=\skip179
\mdfsplitboxdepth=\skip180
\mdfsplitboxtotalheight=\skip181
\mdfframetitleboxwidth=\skip182
\mdfframetitleboxtotalwidth=\skip183
\mdfframetitleboxheight=\skip184
\mdfframetitleboxdepth=\skip185
\mdfframetitleboxtotalheight=\skip186
\mdffootnoteboxwidth=\skip187
\mdffootnoteboxtotalwidth=\skip188
\mdffootnoteboxheight=\skip189
\mdffootnoteboxdepth=\skip190
\mdffootnoteboxtotalheight=\skip191
\mdftotallinewidth=\skip192
\mdfboundingboxwidth=\skip193
\mdfboundingboxtotalwidth=\skip194
\mdfboundingboxheight=\skip195
\mdfboundingboxdepth=\skip196
\mdfboundingboxtotalheight=\skip197
\mdf@freevspace@length=\skip198
\mdf@horizontalwidthofbox@length=\skip199
\mdf@verticalmarginwhole@length=\skip256
\mdf@horizontalspaceofbox=\skip257
\mdfsubtitleheight=\skip258
\mdfsubsubtitleheight=\skip259
\c@mdfcountframes=\count333

****** mdframed patching \endmdf@trivlist

****** -- success******

.................................................
. LaTeX info: "xparse/define-command"
. 
. Defining command \newmdtheoremenv with sig. 'O{} m o m o ' on line 601.
.................................................
.................................................
. LaTeX info: "xparse/define-command"
. 
. Defining command \mdtheorem with sig. ' O{} m o m o ' on line 701.
.................................................
\mdf@envdepth=\count334
\c@mdf@env@i=\count335
\c@mdf@env@ii=\count336
\c@mdf@zref@counter=\count337
Package zref Info: New property: mdf@pagevalue on input line 895.
)
Package thmtools Info: Key `numberwithin' (with value `chapter')
(thmtools)             is not a known style key.
(thmtools)             Will pass this to every \declaretheorem
(thmtools)             that uses `style=exstyle' on input line 119.
Package thmtools Info: Key `preheadhook' (with value `\begin {mdframed}[backgro
undcolor=LightSkyBlue, innertopmargin=6pt, splittopskip=\topskip , skipbelow=0p
t, skipabove=6pt, topline=false,bottomline=false,leftline=false,rightline=false
]')
(thmtools)             is not a known style key.
(thmtools)             Will pass this to every \declaretheorem
(thmtools)             that uses `style=exstyle' on input line 119.
Package thmtools Info: Key `postfoothook' (with value `\end {mdframed}')
(thmtools)             is not a known style key.
(thmtools)             Will pass this to every \declaretheorem
(thmtools)             that uses `style=exstyle' on input line 119.
Package thmtools Info: Key `numberwithin' (with value `chapter')
(thmtools)             is not a known style key.
(thmtools)             Will pass this to every \declaretheorem
(thmtools)             that uses `style=solstyle' on input line 134.
Package thmtools Info: Key `preheadhook' (with value `\begin {mdframed}[backgro
undcolor=LightSkyBlue, innertopmargin=6pt, splittopskip=\topskip , skipbelow=6p
t, skipabove=0pt, topline=false,bottomline=false,leftline=false,rightline=false
]')
(thmtools)             is not a known style key.
(thmtools)             Will pass this to every \declaretheorem
(thmtools)             that uses `style=solstyle' on input line 134.
Package thmtools Info: Key `postfoothook' (with value `\end {mdframed}')
(thmtools)             is not a known style key.
(thmtools)             Will pass this to every \declaretheorem
(thmtools)             that uses `style=solstyle' on input line 134.
\c@=\count338
\c@=\count339

(./_region_.aux)
\openout1 = `_region_.aux'.

LaTeX Font Info:    Checking defaults for OML/cmm/m/it on input line 140.
LaTeX Font Info:    ... okay on input line 140.
LaTeX Font Info:    Checking defaults for T1/cmr/m/n on input line 140.
LaTeX Font Info:    ... okay on input line 140.
LaTeX Font Info:    Checking defaults for OT1/cmr/m/n on input line 140.
LaTeX Font Info:    ... okay on input line 140.
LaTeX Font Info:    Checking defaults for OMS/cmsy/m/n on input line 140.
LaTeX Font Info:    ... okay on input line 140.
LaTeX Font Info:    Checking defaults for TU/lmr/m/n on input line 140.
LaTeX Font Info:    ... okay on input line 140.
LaTeX Font Info:    Checking defaults for OMX/cmex/m/n on input line 140.
LaTeX Font Info:    ... okay on input line 140.
LaTeX Font Info:    Checking defaults for U/cmr/m/n on input line 140.
LaTeX Font Info:    ... okay on input line 140.
LaTeX Font Info:    Checking defaults for PD1/pdf/m/n on input line 140.
LaTeX Font Info:    ... okay on input line 140.
LaTeX Font Info:    Checking defaults for PU/pdf/m/n on input line 140.
LaTeX Font Info:    ... okay on input line 140.
.................................................
. fontspec info: "setup-math"
. 
. Adjusting the maths setup (use [no-math] to avoid this).
.................................................
\symlegacymaths=\mathgroup4
LaTeX Font Info:    Overwriting symbol font `legacymaths' in version `bold'
(Font)                  OT1/cmr/m/n --> OT1/cmr/bx/n on input line 140.
LaTeX Font Info:    Redeclaring math accent \acute on input line 140.
LaTeX Font Info:    Redeclaring math accent \grave on input line 140.
LaTeX Font Info:    Redeclaring math accent \ddot on input line 140.
LaTeX Font Info:    Redeclaring math accent \tilde on input line 140.
LaTeX Font Info:    Redeclaring math accent \bar on input line 140.
LaTeX Font Info:    Redeclaring math accent \breve on input line 140.
LaTeX Font Info:    Redeclaring math accent \check on input line 140.
LaTeX Font Info:    Redeclaring math accent \hat on input line 140.
LaTeX Font Info:    Redeclaring math accent \dot on input line 140.
LaTeX Font Info:    Redeclaring math accent \mathring on input line 140.
LaTeX Font Info:    Redeclaring math symbol \Gamma on input line 140.
LaTeX Font Info:    Redeclaring math symbol \Delta on input line 140.
LaTeX Font Info:    Redeclaring math symbol \Theta on input line 140.
LaTeX Font Info:    Redeclaring math symbol \Lambda on input line 140.
LaTeX Font Info:    Redeclaring math symbol \Xi on input line 140.
LaTeX Font Info:    Redeclaring math symbol \Pi on input line 140.
LaTeX Font Info:    Redeclaring math symbol \Sigma on input line 140.
LaTeX Font Info:    Redeclaring math symbol \Upsilon on input line 140.
LaTeX Font Info:    Redeclaring math symbol \Phi on input line 140.
LaTeX Font Info:    Redeclaring math symbol \Psi on input line 140.
LaTeX Font Info:    Redeclaring math symbol \Omega on input line 140.
LaTeX Font Info:    Redeclaring math symbol \mathdollar on input line 140.
LaTeX Font Info:    Redeclaring symbol font `operators' on input line 140.
LaTeX Font Info:    Encoding `OT1' has changed to `TU' for symbol font
(Font)              `operators' in the math version `normal' on input line 140.

LaTeX Font Info:    Overwriting symbol font `operators' in version `normal'
(Font)                  OT1/cmr/m/n --> TU/lmr/m/n on input line 140.
LaTeX Font Info:    Encoding `OT1' has changed to `TU' for symbol font
(Font)              `operators' in the math version `bold' on input line 140.
LaTeX Font Info:    Overwriting symbol font `operators' in version `bold'
(Font)                  OT1/cmr/bx/n --> TU/lmr/m/n on input line 140.
LaTeX Font Info:    Overwriting symbol font `operators' in version `normal'
(Font)                  TU/lmr/m/n --> TU/lmr/m/n on input line 140.
LaTeX Font Info:    Overwriting math alphabet `\mathit' in version `normal'
(Font)                  OT1/cmr/m/it --> TU/lmr/m/it on input line 140.
LaTeX Font Info:    Overwriting math alphabet `\mathbf' in version `normal'
(Font)                  OT1/cmr/bx/n --> TU/lmr/bx/n on input line 140.
LaTeX Font Info:    Overwriting math alphabet `\mathsf' in version `normal'
(Font)                  OT1/cmss/m/n --> TU/lmss/m/n on input line 140.
LaTeX Font Info:    Overwriting math alphabet `\mathtt' in version `normal'
(Font)                  OT1/cmtt/m/n --> TU/lmtt/m/n on input line 140.
LaTeX Font Info:    Overwriting symbol font `operators' in version `bold'
(Font)                  TU/lmr/m/n --> TU/lmr/bx/n on input line 140.
LaTeX Font Info:    Overwriting math alphabet `\mathit' in version `bold'
(Font)                  OT1/cmr/bx/it --> TU/lmr/bx/it on input line 140.
LaTeX Font Info:    Overwriting math alphabet `\mathsf' in version `bold'
(Font)                  OT1/cmss/bx/n --> TU/lmss/bx/n on input line 140.
LaTeX Font Info:    Overwriting math alphabet `\mathtt' in version `bold'
(Font)                  OT1/cmtt/m/n --> TU/lmtt/bx/n on input line 140.
\AtBeginShipoutBox=\box120
Package hyperref Info: Link coloring OFF on input line 140.

(/home/sup/texlive/2018/texmf-dist/tex/latex/hyperref/nameref.sty
Package: nameref 2016/05/21 v2.44 Cross-referencing by name of section

(/home/sup/texlive/2018/texmf-dist/tex/generic/oberdiek/gettitlestring.sty
Package: gettitlestring 2016/05/16 v1.5 Cleanup title references (HO)
)
\c@section@level=\count340
)
LaTeX Info: Redefining \ref on input line 140.
LaTeX Info: Redefining \pageref on input line 140.
LaTeX Info: Redefining \nameref on input line 140.
\@outlinefile=\write4
\openout4 = `_region_.out'.



Package hyperref Warning: Rerun to get /PageLabels entry.

ABD: EverySelectfont initializing macros
LaTeX Info: Redefining \selectfont on input line 140.

*geometry* driver: auto-detecting
*geometry* detected driver: xetex
*geometry* verbose mode - [ preamble ] result:
* driver: xetex
* paper: a4paper
* layout: <same size as paper>
* layoutoffset:(h,v)=(0.0pt,0.0pt)
* modes: twoside asymmetric 
* h-part:(L,W,R)=(70.56284pt, 304.44447pt, 222.50056pt)
* v-part:(T,H,B)=(77.96053pt, 686.0pt, 81.08632pt)
* \paperwidth=597.50787pt
* \paperheight=845.04684pt
* \textwidth=304.44447pt
* \textheight=686.0pt
* \oddsidemargin=-1.70715pt
* \evensidemargin=-1.70715pt
* \topmargin=-36.30946pt
* \headheight=14.0pt
* \headsep=28.0pt
* \topskip=10.0pt
* \footskip=25.29494pt
* \marginparwidth=140.5566pt
* \marginparsep=23.33124pt
* \columnsep=10.0pt
* \skip\footins=9.0pt plus 4.0pt minus 2.0pt
* \hoffset=0.0pt
* \voffset=0.0pt
* \mag=1000
* \@twocolumnfalse
* \@twosidetrue
* \@mparswitchfalse
* \@reversemarginfalse
* (1in=72.27pt=25.4mm, 1cm=28.453pt)

\langwohyphens=\language84
LaTeX Font Info:    Font shape `TU/THSarabunNew(0)/m/n' will be
(Font)              scaled to size 12.29996pt on input line 140.
\thai@year=\count341
ABD: EveryShipout initializing macros

Package pgfplots Warning: running in backwards compatibility mode (unsuitable t
ick labels; missing features). Consider writing \pgfplotsset{compat=1.16} into 
your preamble.
 on input line 140.

 !name(solar.tex) !offset(-3) 
*geometry* verbose mode - [ newgeometry ] result:
* driver: xetex
* paper: a4paper
* layout: <same size as paper>
* layoutoffset:(h,v)=(0.0pt,0.0pt)
* modes: twoside 
* h-part:(L,W,R)=(28.45274pt, 497.35347pt, 71.70166pt)
* v-part:(T,H,B)=(28.45274pt, 715.18745pt, 101.40665pt)
* \paperwidth=597.50787pt
* \paperheight=845.04684pt
* \textwidth=497.35347pt
* \textheight=715.18745pt
* \oddsidemargin=-43.81725pt
* \evensidemargin=-0.56833pt
* \topmargin=-85.81725pt
* \headheight=14.0pt
* \headsep=28.0pt
* \topskip=10.0pt
* \footskip=25.29494pt
* \marginparwidth=140.5566pt
* \marginparsep=23.33124pt
* \columnsep=10.0pt
* \skip\footins=9.0pt plus 4.0pt minus 2.0pt
* \hoffset=0.0pt
* \voffset=0.0pt
* \mag=1000
* \@twocolumnfalse
* \@twosidetrue
* \@mparswitchtrue
* \@reversemarginfalse
* (1in=72.27pt=25.4mm, 1cm=28.453pt)

File: pictures/logo-tu.pdf Graphic file (type pdf)
<use pictures/logo-tu.pdf>
LaTeX Font Info:    Font shape `TU/THSarabunNew(0)/bx/n' will be
(Font)              scaled to size 12.29996pt on input line 156.
LaTeX Font Info:    Font shape `TU/THSarabunNew(0)/m/n' will be
(Font)              scaled to size 29.5199pt on input line 162.
LaTeX Font Info:    Font shape `TU/THSarabunNew(0)/bx/n' will be
(Font)              scaled to size 29.5199pt on input line 162.
LaTeX Font Info:    Font shape `TU/THSarabunNew(0)/m/n' will be
(Font)              scaled to size 25.51012pt on input line 165.
 [1




]
LaTeX Font Info:    Font shape `TU/THSarabunNew(0)/bx/n' will be
(Font)              scaled to size 25.51012pt on input line 172.
 [2


]
\tf@toc=\write5
\openout5 = `_region_.toc'.

 [3

]
\tf@lof=\write6
\openout6 = `_region_.lof'.

 [4

]
\tf@lot=\write7
\openout7 = `_region_.lot'.

 [5

] [6

] [7

]
 1.
LaTeX Font Info:    Font shape `TU/THSarabunNew(0)/m/n' will be
(Font)              scaled to size 14.75995pt on input line 199.
LaTeX Font Info:    Font shape `TU/THSarabunNew(0)/bx/n' will be
(Font)              scaled to size 14.75995pt on input line 199.

Overfull \hbox (3.30045pt too wide) in paragraph at lines 201--202
\TU/THSarabunNew(0)/m/n/10        
         
 []

LaTeX Font Info:    Font shape `TU/THSarabunNew(0)/m/n' will be
(Font)              scaled to size 13.46844pt on input line 211.
LaTeX Font Info:    Font shape `TU/THSarabunNew(0)/m/it' will be
(Font)              scaled to size 13.46844pt on input line 211.

Underfull \vbox (badness 1275) has occurred while \output is active []

 [8

]
LaTeX Font Info:    Font shape `TU/THSarabunNew(0)/m/it' will be
(Font)              scaled to size 12.29996pt on input line 227.


LaTeX Warning: Reference `fig: equiv circuit solar cell' on page 9 undefined on
 input line 229.

LaTeX Font Info:    Font shape `TU/THSarabunNew(0)/m/n' will be
(Font)              scaled to size 9.83997pt on input line 243.
.................................................
. fontspec info: "defining-font"
. 
. Font family 'THSarabunNew(2)' created for font 'TH Sarabun New' with options
. [Scale=1.23,LetterSpace=0].
.  
.  This font family consists of the following NFSS series/shapes:
.  
. - 'normal' (m/n) with NFSS spec.: <->s*[1.23]"TH Sarabun
. New/OT:script=latn;language=DFLT;letterspace=0;"
. - 'small caps'  (m/sc) with NFSS spec.: 
. - 'bold' (bx/n) with NFSS spec.: <->s*[1.23]"TH Sarabun
. New/B/OT:script=latn;language=DFLT;letterspace=0;"
. - 'bold small caps'  (bx/sc) with NFSS spec.: 
. - 'italic' (m/it) with NFSS spec.: <->s*[1.23]"TH Sarabun
. New/I/OT:script=latn;language=DFLT;letterspace=0;"
. - 'italic small caps'  (m/itsc) with NFSS spec.: 
. - 'bold italic' (bx/it) with NFSS spec.: <->s*[1.23]"TH Sarabun
. New/BI/OT:script=latn;language=DFLT;letterspace=0;"
. - 'bold italic small caps'  (bx/itsc) with NFSS spec.: 
.................................................
LaTeX Font Info:    Font shape `TU/THSarabunNew(2)/m/n' will be
(Font)              scaled to size 12.29996pt on input line 246.

LaTeX Font Warning: Font shape `TU/THSarabunNew(2)/m/sc' undefined
(Font)              using `TU/THSarabunNew(2)/m/n' instead on input line 246.

[9]

LaTeX Warning: Reference `eq: pn current' on page 10 undefined on input line 25
9.


LaTeX Warning: Reference `eq: solar cell current density' on page 10 undefined 
on input line 259.

Missing character: There is no ; in font nullfont!
Missing character: There is no ; in font nullfont!
Missing character: There is no ; in font nullfont!
Missing character: There is no ; in font nullfont!
Missing character: There is no ; in font nullfont!

LaTeX Warning: Reference `plot_0' on page 10 undefined on input line 332.


LaTeX Warning: Reference `plot_1' on page 10 undefined on input line 332.


LaTeX Warning: Reference `plot_2' on page 10 undefined on input line 332.


LaTeX Warning: Reference `plot_3' on page 10 undefined on input line 332.


Overfull \hbox (17.26405pt too wide) in paragraph at lines 333--335
 [][] 
 []


LaTeX Warning: `h' float specifier changed to `ht'.

Package mdframed Info: mdframed works in twoside mode on input line 337.
Package mdframed Info: mdframed detected package amsthm 
 changed the theorem header of amsthm
(mdframed)              on input line 337.
Package hyperref Info: bookmark level for unknown  defaults to 0 on inp
ut line 337.
LaTeX Font Info:    Font shape `TU/THSarabunNew(2)/m/sc' will be
(Font)              scaled to size 12.29996pt on input line 340.
[10]

LaTeX Warning: Reference `mdf@pagelabel-1' on page 11 undefined on input line 3
40.

Package mdframed Info: mdframed works in twoside mode on input line 342.
Package mdframed Info: mdframed detected package amsthm 
 changed the theorem header of amsthm
(mdframed)              on input line 342.
Package hyperref Info: bookmark level for unknown  defaults to 0 on input l
ine 342.

LaTeX Warning: Reference `mdf@pagelabel-2' on page 11 undefined on input line 3
42.


LaTeX Warning: `h' float specifier changed to `ht'.

Missing character: There is no / in font nullfont!
Missing character: There is no p in font nullfont!
Missing character: There is no g in font nullfont!
Missing character: There is no f in font nullfont!
Missing character: There is no p in font nullfont!
Missing character: There is no l in font nullfont!
Missing character: There is no o in font nullfont!
Missing character: There is no t in font nullfont!
Missing character: There is no s in font nullfont!
Missing character: There is no / in font nullfont!
Missing character: There is no s in font nullfont!
Missing character: There is no e in font nullfont!
Missing character: There is no t in font nullfont!
Missing character: There is no p in font nullfont!
Missing character: There is no o in font nullfont!
Missing character: There is no i in font nullfont!
Missing character: There is no n in font nullfont!
Missing character: There is no t in font nullfont!
Missing character: There is no m in font nullfont!
Missing character: There is no e in font nullfont!
Missing character: There is no t in font nullfont!
Missing character: There is no a in font nullfont!
Missing character: There is no i in font nullfont!
Missing character: There is no f in font nullfont!
Missing character: There is no e in font nullfont!
Missing character: There is no m in font nullfont!
Missing character: There is no p in font nullfont!
Missing character: There is no t in font nullfont!
Missing character: There is no y in font nullfont!
Missing character: There is no = in font nullfont!
Missing character: There is no f in font nullfont!
Missing character: There is no ( in font nullfont!
Missing character: There is no x in font nullfont!
Missing character: There is no ) in font nullfont!
Missing character: There is no , in font nullfont!
Missing character: There is no ; in font nullfont!

./_region_.tex:477: Package pgfkeys Error: I do not know the key '/tikz/colorbr
ewer cycle list', to which you passed 'Dark2', and I am going to ignore it. Per
haps you misspelled it.

See the pgfkeys package documentation for explanation.
Type  H <return>  for immediate help.
 ...                                              
                                                  
l.477     \end{axis}
                    
This error message was generated by an \errmessage
command, so I can't give any explicit help.
Pretend that you're Hercule Poirot: Examine all clues,
and deduce the truth by order and method.


LaTeX Warning: `h' float specifier changed to `ht'.

Package mdframed Info: mdframed works in twoside mode on input line 482.
Package mdframed Info: mdframed detected package amsthm 
 changed the theorem header of amsthm
(mdframed)              on input line 482.

LaTeX Warning: Reference `mdf@pagelabel-3' on page 11 undefined on input line 4
96.

[11]

LaTeX Warning: Reference `mdf@pagelabel-4' on page 12 undefined on input line 4
96.

Package mdframed Info: mdframed works in twoside mode on input line 498.
Package mdframed Info: mdframed detected package amsthm 
 changed the theorem header of amsthm
(mdframed)              on input line 498.

LaTeX Warning: Reference `mdf@pagelabel-5' on page 12 undefined on input line 4
99.


Underfull \vbox (badness 10000) has occurred while \output is active []

 [12]
[13]
 2.

Overfull \hbox (3.09706pt too wide) in paragraph at lines 512--512
|[]\TU/THSarabunNew(0)/bx/n/20.74       (Thermoelectricity)| 
 []


LaTeX Warning: `h' float specifier changed to `ht'.


Underfull \vbox (badness 7814) has occurred while \output is active []

 [14

]

LaTeX Warning: Reference `eq:seebeck coefficient' on page 15 undefined on input
 line 566.


LaTeX Warning: `h' float specifier changed to `ht'.


LaTeX Warning: Reference `fig:thermoelectric circuit' on page 15 undefined on i
nput line 608.

[15]
Overfull \hbox (9.19217pt too wide) in paragraph at lines 633--634
[]\TU/THSarabunNew(0)/m/n/10         
       load matching
 []


LaTeX Warning: `h' float specifier changed to `ht'.

[16]
Underfull \vbox (badness 5431) has occurred while \output is active []

 [17]
Underfull \vbox (badness 10000) has occurred while \output is active []

 [18]

LaTeX Warning: Reference `eq: TEG thermal eff' on page 19 undefined on input li
ne 721.


Overfull \hbox (1.54158pt too wide) in paragraph at lines 729--730
[]\TU/THSarabunNew(0)/m/n/10        (
   )   
 []

Missing character: There is no ; in font nullfont!

Overfull \hbox (9.76187pt too wide) in paragraph at lines 754--757
 [][] 
 []


Underfull \hbox (badness 10000) in paragraph at lines 768--769
[]|\TU/THSarabunNew(0)/m/n/10 Average Material
 []

Package mdframed Info: mdframed works in twoside mode on input line 784.
Package mdframed Info: mdframed detected package amsthm 
 changed the theorem header of amsthm
(mdframed)              on input line 784.
[19]

LaTeX Warning: Reference `mdf@pagelabel-6' on page 20 undefined on input line 7
98.

Package mdframed Info: mdframed works in twoside mode on input line 801.
Package mdframed Info: mdframed detected package amsthm 
 changed the theorem header of amsthm
(mdframed)              on input line 801.
Missing character: There is no ; in font nullfont!

LaTeX Warning: Reference `mdf@pagelabel-7' on page 20 undefined on input line 8
80.

[20]

LaTeX Warning: Reference `mdf@pagelabel-8' on page 21 undefined on input line 8
80.

[21]
 3.

Underfull \vbox (badness 2376) has occurred while \output is active []

 [22

]
LaTeX Font Info:    Font shape `TU/THSarabunNew(0)/m/n' will be
(Font)              scaled to size 8.60997pt on input line 927.
LaTeX Font Info:    Font shape `TU/THSarabunNew(0)/m/n' will be
(Font)              scaled to size 6.14998pt on input line 927.

Underfull \vbox (badness 3449) has occurred while \output is active []



Package Fancyhdr Warning: \headheight is too small (14.0pt): 
 Make it at least 14.4828pt.
 We now make it that large for the rest of the document.
 This may cause the page layout to be inconsistent, however.

[23]

LaTeX Warning: Reference `eq:max electrical work' on page 24 undefined on input
 line 975.


LaTeX Warning: Reference `eq:gfe changes in reaction' on page 24 undefined on i
nput line 982.


Underfull \vbox (badness 10000) has occurred while \output is active []

 [24]

LaTeX Warning: Reference `tab:h0 and g0' on page 25 undefined on input line 102
6.


Overfull \hbox (9.38133pt too wide) detected at line 1041
[]
 []


Package Fancyhdr Warning: \headheight is too small (14.0pt): 
 Make it at least 14.4828pt.
 We now make it that large for the rest of the document.
 This may cause the page layout to be inconsistent, however.

[25]

LaTeX Warning: Reference `eq:gfe to elec work' on page 26 undefined on input li
ne 1079.


LaTeX Warning: Reference `eq:nernst equation' on page 26 undefined on input lin
e 1086.


Underfull \vbox (badness 10000) has occurred while \output is active []

 [26]
Missing character: There is no / in font nullfont!
Missing character: There is no p in font nullfont!
Missing character: There is no g in font nullfont!
Missing character: There is no f in font nullfont!
Missing character: There is no p in font nullfont!
Missing character: There is no l in font nullfont!
Missing character: There is no o in font nullfont!
Missing character: There is no t in font nullfont!
Missing character: There is no s in font nullfont!
Missing character: There is no / in font nullfont!
Missing character: There is no s in font nullfont!
Missing character: There is no e in font nullfont!
Missing character: There is no t in font nullfont!
Missing character: There is no p in font nullfont!
Missing character: There is no o in font nullfont!
Missing character: There is no i in font nullfont!
Missing character: There is no n in font nullfont!
Missing character: There is no t in font nullfont!
Missing character: There is no m in font nullfont!
Missing character: There is no e in font nullfont!
Missing character: There is no t in font nullfont!
Missing character: There is no a in font nullfont!
Missing character: There is no i in font nullfont!
Missing character: There is no f in font nullfont!
Missing character: There is no e in font nullfont!
Missing character: There is no m in font nullfont!
Missing character: There is no p in font nullfont!
Missing character: There is no t in font nullfont!
Missing character: There is no y in font nullfont!
Missing character: There is no = in font nullfont!
Missing character: There is no f in font nullfont!
Missing character: There is no ( in font nullfont!
Missing character: There is no x in font nullfont!
Missing character: There is no ) in font nullfont!
Missing character: There is no , in font nullfont!
Missing character: There is no ; in font nullfont!


LaTeX Warning: `h' float specifier changed to `ht'.


Package Fancyhdr Warning: \headheight is too small (14.0pt): 
 Make it at least 14.4828pt.
 We now make it that large for the rest of the document.
 This may cause the page layout to be inconsistent, however.

[27] [28]
 4.

Package amsmath Warning: Foreign command \over;
(amsmath)                \frac or \genfrac should be used instead
(amsmath)                 on input line 1213.


LaTeX Warning: Reference `eq:wind mass flowrate' on page 29 undefined on input 
line 1223.


LaTeX Warning: Reference `eq:wind power' on page 29 undefined on input line 122
3.


Underfull \vbox (badness 10000) has occurred while \output is active []

 [29

]
[30]

LaTeX Warning: `h' float specifier changed to `ht'.


Underfull \vbox (badness 10000) has occurred while \output is active []

 [31]
Overfull \hbox (11.4113pt too wide) in paragraph at lines 1350--1353
[][]
 []


Underfull \hbox (badness 10000) in paragraph at lines 1350--1353

 []


Underfull \vbox (badness 2913) has occurred while \output is active []

 [32]
Missing character: There is no ; in font nullfont!
Missing character: There is no ; in font nullfont!

[33]
 5.
[34

]
 6.
[35

] [36] [37

]
 7.
[38

]
Overfull \hbox (5.3082pt too wide) in paragraph at lines 1515--1515
|[]\TU/THSarabunNew(0)/bx/n/12      (Levelized Cost 
of Energy - LCOE)| 
 []


Underfull \vbox (badness 6792) has occurred while \output is active []

 [39]
[40] [41

]
 8.
[42

]

Package bibentry Warning: You have used \nobibliography* 
(bibentry)                without a following \bibliography.
(bibentry)                You may not be able to run BibTeX.

Package atveryend Info: Empty hook `BeforeClearDocument' on input line 1536.
Package atveryend Info: Empty hook `AfterLastShipout' on input line 1536.
(./_region_.aux
\thai@year=\count342
)
Package atveryend Info: Empty hook `AtVeryEndDocument' on input line 1536.
Package atveryend Info: Executing hook `AtEndAfterFileList' on input line 1536.



Package rerunfilecheck Warning: File `_region_.out' has changed.
(rerunfilecheck)                Rerun to get outlines right
(rerunfilecheck)                or use package `bookmark'.

Package rerunfilecheck Info: Checksums for `_region_.out':
(rerunfilecheck)             Before: 
(rerunfilecheck)             After:  5060E095E3821D636DDCAEF8DD6DFD77.

LaTeX Font Warning: Some font shapes were not available, defaults substituted.


LaTeX Warning: There were undefined references.


LaTeX Warning: Label(s) may have changed. Rerun to get cross-references right.

Package atveryend Info: Empty hook `AtVeryVeryEnd' on input line 1536.
 ) 
Here is how much of TeX's memory you used:
 55868 strings out of 492970
 1353388 string characters out of 6134359
 1890787 words of memory out of 5000000
 59080 multiletter control sequences out of 15000+600000
 535033 words of font info for 66 fonts, out of 8000000 for 9000
 1348 hyphenation exceptions out of 8191
 62i,19n,100p,10447b,2394s stack positions out of 5000i,500n,10000p,200000b,80000s

Output written on _region_.pdf (42 pages).
