mktextfm Courier_ProportionalThai
mktextfm Courier_ProportionalThai
mktextfm Courier_ProportionalThai
mktextfm Courier_ProportionalThai/BI
mktextfm Courier_ProportionalThai
mktextfm Courier_ProportionalThai/B
mktextfm Courier_ProportionalThai
mktextfm Courier_ProportionalThai/I
mktextfm Courier_ProportionalThai
mktextfm Courier_ProportionalThai
mktextfm Courier_ProportionalThai
mktextfm Courier_ProportionalThai
mktextfm Courier_ProportionalThai
mktextfm Courier_ProportionalThai
mktextfm Courier_ProportionalThai
mktextfm Courier_ProportionalThai
mktextfm Courier_ProportionalThai
mktextfm Courier_ProportionalThai
mktextfm Courier_ProportionalThai
mktextfm Courier_ProportionalThai
mktextfm Courier_ProportionalThai
mktextfm Courier_ProportionalThai
mktextfm Courier_ProportionalThai
mktextfm Courier_ProportionalThai
mktextfm Courier_ProportionalThai
mktextfm Courier
mktextfm Courier
mktextfm Courier
mktextfm Courier/BI
mktextfm Courier
mktextfm Courier/B
mktextfm Courier
mktextfm Courier/I
mktextfm Courier
mktextfm Courier
mktextfm Courier
mktextfm Courier
mktextfm Courier
mktextfm Courier
mktextfm Courier
mktextfm Courier
mktextfm Courier
mktextfm Courier
mktextfm Courier
mktextfm Courier
mktextfm Courier
mktextfm Courier
mktextfm Courier
mktextfm Courier
mktextfm Courier
mktextfm Courier
mktextfm Courier
mktextfm Courier
mktextfm Courier/BI
mktextfm Courier
mktextfm Courier/B
mktextfm Courier
mktextfm Courier/I
mktextfm Courier
mktextfm Courier
mktextfm Courier
mktextfm Courier
mktextfm Courier
mktextfm Courier
mktextfm Courier
mktextfm Courier
mktextfm Courier
mktextfm Courier
mktextfm Courier
mktextfm Courier
mktextfm Courier
mktextfm Courier
mktextfm Courier
mktextfm Courier
mktextfm Courier
mktextfm Courier_ProportionalThai
mktextfm Courier_ProportionalThai
mktextfm Courier_ProportionalThai
mktextfm Courier_ProportionalThai/BI
mktextfm Courier_ProportionalThai
mktextfm Courier_ProportionalThai/B
mktextfm Courier_ProportionalThai
mktextfm Courier_ProportionalThai/I
mktextfm Courier_ProportionalThai
mktextfm Courier_ProportionalThai
mktextfm Courier_ProportionalThai
mktextfm Courier_ProportionalThai
mktextfm Courier_ProportionalThai
mktextfm Courier_ProportionalThai
mktextfm Courier_ProportionalThai
mktextfm Courier_ProportionalThai
mktextfm Courier_ProportionalThai
mktextfm Courier_ProportionalThai
mktextfm Courier_ProportionalThai
mktextfm Courier_ProportionalThai
mktextfm Courier_ProportionalThai
mktextfm Courier_ProportionalThai
mktextfm Courier_ProportionalThai
mktextfm Courier_ProportionalThai
mktextfm Courier_ProportionalThai
mktextfm Courier_ProportionalThai
mktextfm Courier_ProportionalThai
mktextfm Courier_ProportionalThai
mktextfm Courier_ProportionalThai/BI
mktextfm Courier_ProportionalThai
mktextfm Courier_ProportionalThai/B
mktextfm Courier_ProportionalThai
mktextfm Courier_ProportionalThai/I
mktextfm Courier_ProportionalThai
mktextfm Courier_ProportionalThai
mktextfm Courier_ProportionalThai
mktextfm Courier_ProportionalThai
mktextfm Courier_ProportionalThai
mktextfm Courier_ProportionalThai
mktextfm Courier_ProportionalThai
mktextfm Courier_ProportionalThai
mktextfm Courier_ProportionalThai
mktextfm Courier_ProportionalThai
mktextfm Courier_ProportionalThai
mktextfm Courier_ProportionalThai
mktextfm Courier_ProportionalThai
mktextfm Courier_ProportionalThai
mktextfm Courier_ProportionalThai
mktextfm Courier_ProportionalThai
mktextfm Courier_ProportionalThai
mktextfm THSarabunNew
mktextfm THSarabunNew
mktextfm THSarabunNew
mktextfm THSarabunNew/BI
mktextfm THSarabunNew
mktextfm THSarabunNew/B
mktextfm THSarabunNew
mktextfm THSarabunNew/I
mktextfm THSarabunNew
mktextfm THSarabunNew
mktextfm THSarabunNew
mktextfm THSarabunNew
mktextfm THSarabunNew
mktextfm THSarabunNew
mktextfm THSarabunNew
mktextfm THSarabunNew
mktextfm THSarabunNew
mktextfm THSarabunNew
mktextfm THSarabunNew
mktextfm THSarabunNew
mktextfm THSarabunNew
mktextfm THSarabunNew
mktextfm THSarabunNew
mktextfm THSarabunNew
mktextfm THSarabunNew
mktextfm THSarabunNew
mktextfm THSarabunNew
mktextfm THSarabunNew
mktextfm THSarabunNew/BI
mktextfm THSarabunNew
mktextfm THSarabunNew/B
mktextfm THSarabunNew
mktextfm THSarabunNew/I
mktextfm THSarabunNew
mktextfm THSarabunNew
mktextfm THSarabunNew
mktextfm THSarabunNew
mktextfm THSarabunNew
mktextfm THSarabunNew
mktextfm THSarabunNew
mktextfm THSarabunNew
mktextfm THSarabunNew
mktextfm THSarabunNew
mktextfm THSarabunNew
mktextfm THSarabunNew
mktextfm THSarabunNew
mktextfm THSarabunNew
mktextfm THSarabunNew
mktextfm THSarabunNew
mktextfm THSarabunNew
