This is XeTeX, Version 3.14159265-2.6-0.99998 (TeX Live 2017) (preloaded format=xelatex 2018.1.11)  23 JAN 2018 10:38
entering extended mode
 restricted \write18 enabled.
 file:line:error style messages enabled.
 %&-line parsing enabled.
**\input solar.tex
(./solar.tex
(/home/sup/texlive/2017/texmf-dist/tex/latex/tufte-latex/tufte-book.cls
Document Class: tufte-book 2015/06/21 v3.5.2 Tufte-book class
(/home/sup/texlive/2017/texmf-dist/tex/latex/tufte-latex/tufte-common.def
File: tufte-common.def 2015/06/21 v3.5.2 Common code for the Tufte-LaTeX styles


(/home/sup/texlive/2017/texmf-dist/tex/latex/xkeyval/xkeyval.sty
Package: xkeyval 2014/12/03 v2.7a package option processing (HA)

(/home/sup/texlive/2017/texmf-dist/tex/generic/xkeyval/xkeyval.tex
(/home/sup/texlive/2017/texmf-dist/tex/generic/xkeyval/xkvutils.tex
\XKV@toks=\toks14
\XKV@tempa@toks=\toks15

(/home/sup/texlive/2017/texmf-dist/tex/generic/xkeyval/keyval.tex))
\XKV@depth=\count79
File: xkeyval.tex 2014/12/03 v2.7a key=value parser (HA)
))
(/home/sup/texlive/2017/texmf-dist/tex/latex/xifthen/xifthen.sty
Package: xifthen 2015/11/05 v1.4.0 Extended ifthen features

(/home/sup/texlive/2017/texmf-dist/tex/latex/tools/calc.sty
Package: calc 2014/10/28 v4.3 Infix arithmetic (KKT,FJ)
\calc@Acount=\count80
\calc@Bcount=\count81
\calc@Adimen=\dimen102
\calc@Bdimen=\dimen103
\calc@Askip=\skip41
\calc@Bskip=\skip42
LaTeX Info: Redefining \setlength on input line 80.
LaTeX Info: Redefining \addtolength on input line 81.
\calc@Ccount=\count82
\calc@Cskip=\skip43
)
(/home/sup/texlive/2017/texmf-dist/tex/latex/base/ifthen.sty
Package: ifthen 2014/09/29 v1.1c Standard LaTeX ifthen package (DPC)
)
(/home/sup/texlive/2017/texmf-dist/tex/latex/ifmtarg/ifmtarg.sty
Package: ifmtarg 2009/09/02 v1.2a check for an empty argument
))
(/home/sup/texlive/2017/texmf-dist/tex/latex/hardwrap/hardwrap.sty
Package: hardwrap 2011/02/12 v0.2 Hard wrap messages

(/home/sup/texlive/2017/texmf-dist/tex/latex/ifplatform/ifplatform.sty
Package: ifplatform 2017/10/13 v0.4a Testing for the operating system

(/home/sup/texlive/2017/texmf-dist/tex/latex/tools/shellesc.sty
Package: shellesc 2016/06/07 v0.02a unified shell escape interface for LaTeX
Package shellesc Info: Restricted shell escape enabled on input line 69.
)
(/home/sup/texlive/2017/texmf-dist/tex/generic/oberdiek/pdftexcmds.sty
Package: pdftexcmds 2017/03/19 v0.25 Utility functions of pdfTeX for LuaTeX (HO
)

(/home/sup/texlive/2017/texmf-dist/tex/generic/oberdiek/infwarerr.sty
Package: infwarerr 2016/05/16 v1.4 Providing info/warning/error messages (HO)
)
(/home/sup/texlive/2017/texmf-dist/tex/generic/oberdiek/ifluatex.sty
Package: ifluatex 2016/05/16 v1.4 Provides the ifluatex switch (HO)
Package ifluatex Info: LuaTeX not detected.
)
(/home/sup/texlive/2017/texmf-dist/tex/generic/oberdiek/ltxcmds.sty
Package: ltxcmds 2016/05/16 v1.23 LaTeX kernel commands for general use (HO)
)
(/home/sup/texlive/2017/texmf-dist/tex/generic/oberdiek/ifpdf.sty
Package: ifpdf 2017/03/15 v3.2 Provides the ifpdf switch
)
Package pdftexcmds Info: LuaTeX not detected.
Package pdftexcmds Info: pdfTeX >= 1.30 not detected.
Package pdftexcmds Info: \pdf@primitive is available.
Package pdftexcmds Info: \pdf@ifprimitive is available.
Package pdftexcmds Info: \pdfdraftmode not found.
)
(/home/sup/texlive/2017/texmf-dist/tex/generic/oberdiek/catchfile.sty
Package: catchfile 2016/05/16 v1.7 Catch the contents of a file (HO)

(/home/sup/texlive/2017/texmf-dist/tex/generic/oberdiek/etexcmds.sty
Package: etexcmds 2016/05/16 v1.6 Avoid name clashes with e-TeX commands (HO)
Package etexcmds Info: Could not find \expanded.
(etexcmds)             That can mean that you are not using pdfTeX 1.50 or
(etexcmds)             that some package has redefined \expanded.
(etexcmds)             In the latter case, load this package earlier.
))

Package ifplatform Warning: 
    shell escape is disabled, so I can only detect \ifwindows.

) (/home/sup/texlive/2017/texmf-dist/tex/generic/ifxetex/ifxetex.sty
Package: ifxetex 2010/09/12 v0.6 Provides ifxetex conditional
)
\hw@charcount=\count83
\hw@wordcount=\count84
\hw@maxprintline=\count85
)

Class tufte-book Warning: Option `12pt' is not supported -- ignoring option

Class tufte-book Info: Passing svgnames to the `book' class.
Class tufte-book Info: Loading the base class `book'
(/home/sup/texlive/2017/texmf-dist/tex/latex/base/book.cls
Document Class: book 2014/09/29 v1.4h Standard LaTeX document class
(/home/sup/texlive/2017/texmf-dist/tex/latex/base/bk10.clo
File: bk10.clo 2014/09/29 v1.4h Standard LaTeX file (size option)
)
\c@part=\count86
\c@chapter=\count87
\c@section=\count88
\c@subsection=\count89
\c@subsubsection=\count90
\c@paragraph=\count91
\c@subparagraph=\count92
\c@figure=\count93
\c@table=\count94
\abovecaptionskip=\skip44
\belowcaptionskip=\skip45
\bibindent=\dimen104
)
(/home/sup/texlive/2017/texmf-dist/tex/latex/xltxtra/xltxtra.sty
Package: xltxtra 2016/01/21 v0.6 Improvements for the "XeLaTeX" format

(/home/sup/texlive/2017/texmf-dist/tex/latex/fontspec/fontspec.sty
(/home/sup/texlive/2017/texmf-dist/tex/latex/l3packages/xparse/xparse.sty
(/home/sup/texlive/2017/texmf-dist/tex/latex/l3kernel/expl3.sty
Package: expl3 2017/12/16 L3 programming layer (loader) 

(/home/sup/texlive/2017/texmf-dist/tex/latex/l3kernel/expl3-code.tex
Package: expl3 2017/12/16 L3 programming layer (code)
\c_max_int=\count95
\l_tmpa_int=\count96
\l_tmpb_int=\count97
\g_tmpa_int=\count98
\g_tmpb_int=\count99
\g__intarray_font_int=\count100
\g__prg_map_int=\count101
\c_log_iow=\count102
\l_iow_line_count_int=\count103
\l__iow_line_target_int=\count104
\l__iow_one_indent_int=\count105
\l__iow_indent_int=\count106
\c_zero_dim=\dimen105
\c_max_dim=\dimen106
\l_tmpa_dim=\dimen107
\l_tmpb_dim=\dimen108
\g_tmpa_dim=\dimen109
\g_tmpb_dim=\dimen110
\c_zero_skip=\skip46
\c_max_skip=\skip47
\l_tmpa_skip=\skip48
\l_tmpb_skip=\skip49
\g_tmpa_skip=\skip50
\g_tmpb_skip=\skip51
\c_zero_muskip=\muskip10
\c_max_muskip=\muskip11
\l_tmpa_muskip=\muskip12
\l_tmpb_muskip=\muskip13
\g_tmpa_muskip=\muskip14
\g_tmpb_muskip=\muskip15
\l_keys_choice_int=\count107
\c__fp_leading_shift_int=\count108
\c__fp_middle_shift_int=\count109
\c__fp_trailing_shift_int=\count110
\c__fp_big_leading_shift_int=\count111
\c__fp_big_middle_shift_int=\count112
\c__fp_big_trailing_shift_int=\count113
\c__fp_Bigg_leading_shift_int=\count114
\c__fp_Bigg_middle_shift_int=\count115
\c__fp_Bigg_trailing_shift_int=\count116
\l__sort_length_int=\count117
\l__sort_min_int=\count118
\l__sort_top_int=\count119
\l__sort_max_int=\count120
\l__sort_true_max_int=\count121
\l__sort_block_int=\count122
\l__sort_begin_int=\count123
\l__sort_end_int=\count124
\l__sort_A_int=\count125
\l__sort_B_int=\count126
\l__sort_C_int=\count127
\l__tl_build_start_index_int=\count128
\l__tl_build_index_int=\count129
\l__tl_analysis_normal_int=\count130
\l__tl_analysis_index_int=\count131
\l__tl_analysis_nesting_int=\count132
\l__tl_analysis_type_int=\count133
\l__regex_internal_a_int=\count134
\l__regex_internal_b_int=\count135
\l__regex_internal_c_int=\count136
\l__regex_balance_int=\count137
\l__regex_group_level_int=\count138
\l__regex_mode_int=\count139
\c__regex_cs_in_class_mode_int=\count140
\c__regex_cs_mode_int=\count141
\l__regex_catcodes_int=\count142
\l__regex_default_catcodes_int=\count143
\c__regex_catcode_L_int=\count144
\c__regex_catcode_O_int=\count145
\c__regex_catcode_A_int=\count146
\c__regex_all_catcodes_int=\count147
\l__regex_show_lines_int=\count148
\l__regex_min_state_int=\count149
\l__regex_max_state_int=\count150
\l__regex_left_state_int=\count151
\l__regex_right_state_int=\count152
\l__regex_capturing_group_int=\count153
\l__regex_min_pos_int=\count154
\l__regex_max_pos_int=\count155
\l__regex_curr_pos_int=\count156
\l__regex_start_pos_int=\count157
\l__regex_success_pos_int=\count158
\l__regex_curr_char_int=\count159
\l__regex_curr_catcode_int=\count160
\l__regex_last_char_int=\count161
\l__regex_case_changed_char_int=\count162
\l__regex_curr_state_int=\count163
\l__regex_step_int=\count164
\l__regex_min_active_int=\count165
\l__regex_max_active_int=\count166
\l__regex_replacement_csnames_int=\count167
\l__regex_match_count_int=\count168
\l__regex_min_submatch_int=\count169
\l__regex_submatch_int=\count170
\l__regex_zeroth_submatch_int=\count171
\g__debug_trace_regex_int=\count172
\c_empty_box=\box26
\l_tmpa_box=\box27
\l_tmpb_box=\box28
\g_tmpa_box=\box29
\g_tmpb_box=\box30
\l__box_top_dim=\dimen111
\l__box_bottom_dim=\dimen112
\l__box_left_dim=\dimen113
\l__box_right_dim=\dimen114
\l__box_top_new_dim=\dimen115
\l__box_bottom_new_dim=\dimen116
\l__box_left_new_dim=\dimen117
\l__box_right_new_dim=\dimen118
\l__box_internal_box=\box31
\l__coffin_internal_box=\box32
\l__coffin_internal_dim=\dimen119
\l__coffin_offset_x_dim=\dimen120
\l__coffin_offset_y_dim=\dimen121
\l__coffin_x_dim=\dimen122
\l__coffin_y_dim=\dimen123
\l__coffin_x_prime_dim=\dimen124
\l__coffin_y_prime_dim=\dimen125
\c_empty_coffin=\box33
\l__coffin_aligned_coffin=\box34
\l__coffin_aligned_internal_coffin=\box35
\l_tmpa_coffin=\box36
\l_tmpb_coffin=\box37
\l__coffin_display_coffin=\box38
\l__coffin_display_coord_coffin=\box39
\l__coffin_display_pole_coffin=\box40
\l__coffin_display_offset_dim=\dimen126
\l__coffin_display_x_dim=\dimen127
\l__coffin_display_y_dim=\dimen128
\l__coffin_bounding_shift_dim=\dimen129
\l__coffin_left_corner_dim=\dimen130
\l__coffin_right_corner_dim=\dimen131
\l__coffin_bottom_corner_dim=\dimen132
\l__coffin_top_corner_dim=\dimen133
\l__coffin_scaled_total_height_dim=\dimen134
\l__coffin_scaled_width_dim=\dimen135
)
(/home/sup/texlive/2017/texmf-dist/tex/latex/l3kernel/l3xdvipdfmx.def
File: l3xdvidpfmx.def 2017/03/18 v L3 Experimental driver: xdvipdfmx
\g__driver_image_int=\count173
\l__driver_tmp_box=\box41
))
Package: xparse 2017/12/16 L3 Experimental document command parser
\l__xparse_current_arg_int=\count174
\g__xparse_grabber_int=\count175
\l__xparse_m_args_int=\count176
\l__xparse_mandatory_args_int=\count177
\l__xparse_v_nesting_int=\count178
)
Package: fontspec 2017/11/09 v2.6g Font selection for XeLaTeX and LuaLaTeX

(/home/sup/texlive/2017/texmf-dist/tex/latex/fontspec/fontspec-xetex.sty
Package: fontspec-xetex 2017/11/09 v2.6g Font selection for XeLaTeX and LuaLaTe
X
\l__fontspec_script_int=\count179
\l__fontspec_language_int=\count180
\l__fontspec_strnum_int=\count181
\l__fontspec_tmp_int=\count182
\l__fontspec_em_int=\count183
\l__fontspec_emdef_int=\count184
\l__fontspec_strong_int=\count185
\l__fontspec_strongdef_int=\count186
\l__fontspec_tmpa_dim=\dimen136
\l__fontspec_tmpb_dim=\dimen137
\l__fontspec_tmpc_dim=\dimen138
\g__file_internal_ior=\read1

(/home/sup/texlive/2017/texmf-dist/tex/latex/base/fontenc.sty
Package: fontenc 2017/04/05 v2.0i Standard LaTeX package

(/home/sup/texlive/2017/texmf-dist/tex/latex/base/tuenc.def
File: tuenc.def 2017/04/05 v2.0i Standard LaTeX file
LaTeX Font Info:    Redeclaring font encoding TU on input line 82.
))
.................................................
. LaTeX info: "xparse/define-command"
. 
. Defining command \fontspec with sig. 'O{}mO{}' on line 542.
.................................................
.................................................
. LaTeX info: "xparse/define-command"
. 
. Defining command \setmainfont with sig. 'O{}mO{}' on line 546.
.................................................
.................................................
. LaTeX info: "xparse/define-command"
. 
. Defining command \setsansfont with sig. 'O{}mO{}' on line 550.
.................................................
.................................................
. LaTeX info: "xparse/define-command"
. 
. Defining command \setmonofont with sig. 'O{}mO{}' on line 554.
.................................................
.................................................
. LaTeX info: "xparse/define-command"
. 
. Defining command \setmathrm with sig. 'O{}mO{}' on line 558.
.................................................
.................................................
. LaTeX info: "xparse/define-command"
. 
. Defining command \setboldmathrm with sig. 'O{}mO{}' on line 562.
.................................................
.................................................
. LaTeX info: "xparse/define-command"
. 
. Defining command \setmathsf with sig. 'O{}mO{}' on line 566.
.................................................
.................................................
. LaTeX info: "xparse/define-command"
. 
. Defining command \setmathtt with sig. 'O{}mO{}' on line 570.
.................................................
.................................................
. LaTeX info: "xparse/define-command"
. 
. Defining command \setromanfont with sig. 'O{}mO{}' on line 574.
.................................................
.................................................
. LaTeX info: "xparse/define-command"
. 
. Defining command \newfontfamily with sig. 'mO{}mO{}' on line 578.
.................................................
.................................................
. LaTeX info: "xparse/define-command"
. 
. Defining command \newfontface with sig. 'mO{}mO{}' on line 582.
.................................................
.................................................
. LaTeX info: "xparse/define-command"
. 
. Defining command \defaultfontfeatures with sig. 't+om' on line 586.
.................................................
.................................................
. LaTeX info: "xparse/define-command"
. 
. Defining command \addfontfeatures with sig. 'm' on line 590.
.................................................
.................................................
. LaTeX info: "xparse/define-command"
. 
. Defining command \addfontfeature with sig. 'm' on line 594.
.................................................
.................................................
. LaTeX info: "xparse/define-command"
. 
. Defining command \newfontfeature with sig. 'mm' on line 598.
.................................................
.................................................
. LaTeX info: "xparse/define-command"
. 
. Defining command \newAATfeature with sig. 'mmmm' on line 602.
.................................................
.................................................
. LaTeX info: "xparse/define-command"
. 
. Defining command \newopentypefeature with sig. 'mmm' on line 606.
.................................................
.................................................
. LaTeX info: "xparse/define-command"
. 
. Defining command \newICUfeature with sig. 'mmm' on line 610.
.................................................
.................................................
. LaTeX info: "xparse/define-command"
. 
. Defining command \aliasfontfeature with sig. 'mm' on line 614.
.................................................
.................................................
. LaTeX info: "xparse/define-command"
. 
. Defining command \aliasfontfeatureoption with sig. 'mmm' on line 618.
.................................................
.................................................
. LaTeX info: "xparse/define-command"
. 
. Defining command \newfontscript with sig. 'mm' on line 622.
.................................................
.................................................
. LaTeX info: "xparse/define-command"
. 
. Defining command \newfontlanguage with sig. 'mm' on line 626.
.................................................
.................................................
. LaTeX info: "xparse/define-command"
. 
. Defining command \DeclareFontsExtensions with sig. 'm' on line 630.
.................................................
.................................................
. LaTeX info: "xparse/define-command"
. 
. Defining command \IfFontFeatureActiveTF with sig. 'mmm' on line 634.
.................................................
.................................................
. LaTeX info: "xparse/define-command"
. 
. Defining command \EncodingCommand with sig. 'mO{}m' on line 3632.
.................................................
.................................................
. LaTeX info: "xparse/define-command"
. 
. Defining command \EncodingAccent with sig. 'mm' on line 3638.
.................................................
.................................................
. LaTeX info: "xparse/define-command"
. 
. Defining command \EncodingSymbol with sig. 'mm' on line 3644.
.................................................
.................................................
. LaTeX info: "xparse/define-command"
. 
. Defining command \EncodingComposite with sig. 'mmm' on line 3650.
.................................................
.................................................
. LaTeX info: "xparse/define-command"
. 
. Defining command \EncodingCompositeCommand with sig. 'mmm' on line 3656.
.................................................
.................................................
. LaTeX info: "xparse/define-command"
. 
. Defining command \DeclareUnicodeEncoding with sig. 'mm' on line 3681.
.................................................
.................................................
. LaTeX info: "xparse/define-command"
. 
. Defining command \UndeclareSymbol with sig. 'm' on line 3687.
.................................................
.................................................
. LaTeX info: "xparse/define-command"
. 
. Defining command \UndeclareAccent with sig. 'm' on line 3693.
.................................................
.................................................
. LaTeX info: "xparse/define-command"
. 
. Defining command \UndeclareCommand with sig. 'm' on line 3699.
.................................................
.................................................
. LaTeX info: "xparse/define-command"
. 
. Defining command \UndeclareComposite with sig. 'mm' on line 3706.
.................................................

(/home/sup/texlive/2017/texmf-dist/tex/latex/fontspec/fontspec.cfg)
LaTeX Info: Redefining \itshape on input line 3891.
LaTeX Info: Redefining \slshape on input line 3896.
LaTeX Info: Redefining \scshape on input line 3901.
LaTeX Info: Redefining \upshape on input line 3906.
LaTeX Info: Redefining \em on input line 3936.
LaTeX Info: Redefining \emph on input line 3961.
LaTeX Info: Redefining \- on input line 4015.
.................................................
. LaTeX info: "xparse/redefine-command"
. 
. Redefining command \oldstylenums with sig. 'm' on line 4110.
.................................................
.................................................
. LaTeX info: "xparse/define-command"
. 
. Defining command \liningnums with sig. 'm' on line 4114.
.................................................
))
(/home/sup/texlive/2017/texmf-dist/tex/latex/realscripts/realscripts.sty
Package: realscripts 2016/02/13 v0.3d Access OpenType subscripts and superscrip
ts
.................................................
. LaTeX info: "xparse/define-command"
. 
. Defining command \fakesubscript with sig. 'm' on line 19.
.................................................
.................................................
. LaTeX info: "xparse/define-command"
. 
. Defining command \fakesuperscript with sig. 'm' on line 22.
.................................................
.................................................
. LaTeX info: "xparse/redefine-command"
. 
. Redefining command \textsubscript with sig. 's' on line 25.
.................................................
.................................................
. LaTeX info: "xparse/redefine-command"
. 
. Redefining command \textsuperscript with sig. 's' on line 28.
.................................................
.................................................
. LaTeX info: "xparse/define-command"
. 
. Defining command \realsubscript with sig. 'm' on line 45.
.................................................
.................................................
. LaTeX info: "xparse/define-command"
. 
. Defining command \realsuperscript with sig. 'm' on line 60.
.................................................
.................................................
. LaTeX info: "xparse/define-command"
. 
. Defining command \textsubsuperscript with sig. 'sO{l}mm' on line 138.
.................................................
.................................................
. LaTeX info: "xparse/define-command"
. 
. Defining command \textsupersubscript with sig. 'sO{l}mm' on line 143.
.................................................
\subsupersep=\dimen139
)
(/home/sup/texlive/2017/texmf-dist/tex/latex/metalogo/metalogo.sty
Package: metalogo 2010/05/29 v0.12 Extended TeX logo macros

(/home/sup/texlive/2017/texmf-dist/tex/latex/graphics/graphicx.sty
Package: graphicx 2017/06/01 v1.1a Enhanced LaTeX Graphics (DPC,SPQR)

(/home/sup/texlive/2017/texmf-dist/tex/latex/graphics/graphics.sty
Package: graphics 2017/06/25 v1.2c Standard LaTeX Graphics (DPC,SPQR)

(/home/sup/texlive/2017/texmf-dist/tex/latex/graphics/trig.sty
Package: trig 2016/01/03 v1.10 sin cos tan (DPC)
)
(/home/sup/texlive/2017/texmf-dist/tex/latex/graphics-cfg/graphics.cfg
File: graphics.cfg 2016/06/04 v1.11 sample graphics configuration
)
Package graphics Info: Driver file: xetex.def on input line 99.

(/home/sup/texlive/2017/texmf-dist/tex/latex/graphics-def/xetex.def
File: xetex.def 2017/06/24 v5.0h Graphics/color driver for xetex
))
\Gin@req@height=\dimen140
\Gin@req@width=\dimen141
)
\xl@everylogo=\toks16
\xl@@everylogo=\toks17
LaTeX Info: Redefining \TeX on input line 193.
LaTeX Info: Redefining \LaTeX on input line 202.
LaTeX Info: Redefining \LaTeXe on input line 219.
)
\l__xetex_show_hyphens_wrapping_box=\box42
\l__xetex_show_hyphens_temp_box=\box43
\l__xetex_show_hyphens_final_box=\box44
\g__xetex_show_hyphens_word_box=\box45
)
(/home/sup/texlive/2017/texmf-dist/tex/latex/titlesec/titlesec.sty
Package: titlesec 2016/03/21 v2.10.2 Sectioning titles
\ttl@box=\box46
\beforetitleunit=\skip52
\aftertitleunit=\skip53
\ttl@plus=\dimen142
\ttl@minus=\dimen143
\ttl@toksa=\toks18
\titlewidth=\dimen144
\titlewidthlast=\dimen145
\titlewidthfirst=\dimen146
)
(/home/sup/texlive/2017/texmf-dist/tex/latex/titlesec/titletoc.sty
Package: titletoc 2011/12/15 v1.6 TOC entries
\ttl@leftsep=\dimen147
)
(/home/sup/texlive/2017/texmf-dist/tex/latex/hyperref/hyperref.sty
Package: hyperref 2017/03/14 v6.85a Hypertext links for LaTeX

(/home/sup/texlive/2017/texmf-dist/tex/generic/oberdiek/hobsub-hyperref.sty
Package: hobsub-hyperref 2016/05/16 v1.14 Bundle oberdiek, subset hyperref (HO)


(/home/sup/texlive/2017/texmf-dist/tex/generic/oberdiek/hobsub-generic.sty
Package: hobsub-generic 2016/05/16 v1.14 Bundle oberdiek, subset generic (HO)
Package: hobsub 2016/05/16 v1.14 Construct package bundles (HO)
Package hobsub Info: Skipping package `infwarerr' (already loaded).
Package hobsub Info: Skipping package `ltxcmds' (already loaded).
Package hobsub Info: Skipping package `ifluatex' (already loaded).
Package: ifvtex 2016/05/16 v1.6 Detect VTeX and its facilities (HO)
Package ifvtex Info: VTeX not detected.
Package: intcalc 2016/05/16 v1.2 Expandable calculations with integers (HO)
Package hobsub Info: Skipping package `ifpdf' (already loaded).
Package hobsub Info: Skipping package `etexcmds' (already loaded).
Package: kvsetkeys 2016/05/16 v1.17 Key value parser (HO)
Package: kvdefinekeys 2016/05/16 v1.4 Define keys (HO)
Package hobsub Info: Skipping package `pdftexcmds' (already loaded).
Package: pdfescape 2016/05/16 v1.14 Implements pdfTeX's escape features (HO)
Package: bigintcalc 2016/05/16 v1.4 Expandable calculations on big integers (HO
)
Package: bitset 2016/05/16 v1.2 Handle bit-vector datatype (HO)
Package: uniquecounter 2016/05/16 v1.3 Provide unlimited unique counter (HO)
)
Package hobsub Info: Skipping package `hobsub' (already loaded).
Package: letltxmacro 2016/05/16 v1.5 Let assignment for LaTeX macros (HO)
Package: hopatch 2016/05/16 v1.3 Wrapper for package hooks (HO)
Package: xcolor-patch 2016/05/16 xcolor patch
Package: atveryend 2016/05/16 v1.9 Hooks at the very end of document (HO)
Package atveryend Info: \enddocument detected (standard20110627).
Package: atbegshi 2016/06/09 v1.18 At begin shipout hook (HO)
Package: refcount 2016/05/16 v3.5 Data extraction from label references (HO)
Package: hycolor 2016/05/16 v1.8 Color options for hyperref/bookmark (HO)
)
(/home/sup/texlive/2017/texmf-dist/tex/latex/oberdiek/auxhook.sty
Package: auxhook 2016/05/16 v1.4 Hooks for auxiliary files (HO)
)
(/home/sup/texlive/2017/texmf-dist/tex/latex/oberdiek/kvoptions.sty
Package: kvoptions 2016/05/16 v3.12 Key value format for package options (HO)
)
\@linkdim=\dimen148
\Hy@linkcounter=\count187
\Hy@pagecounter=\count188

(/home/sup/texlive/2017/texmf-dist/tex/latex/hyperref/pd1enc.def
File: pd1enc.def 2017/03/14 v6.85a Hyperref: PDFDocEncoding definition (HO)
)
\Hy@SavedSpaceFactor=\count189

(/home/sup/texlive/2017/texmf-dist/tex/latex/latexconfig/hyperref.cfg
File: hyperref.cfg 2002/06/06 v1.2 hyperref configuration of TeXLive
)
Package hyperref Info: Option `unicode' set `true' on input line 4374.

(/home/sup/texlive/2017/texmf-dist/tex/latex/hyperref/puenc.def
File: puenc.def 2017/03/14 v6.85a Hyperref: PDF Unicode definition (HO)
)
Package hyperref Info: Option `hyperfootnotes' set `false' on input line 4374.
Package hyperref Info: Hyper figures OFF on input line 4498.
Package hyperref Info: Link nesting OFF on input line 4503.
Package hyperref Info: Hyper index ON on input line 4506.
Package hyperref Info: Plain pages OFF on input line 4513.
Package hyperref Info: Backreferencing OFF on input line 4518.
Package hyperref Info: Implicit mode ON; LaTeX internals redefined.
Package hyperref Info: Bookmarks ON on input line 4751.
\c@Hy@tempcnt=\count190

(/home/sup/texlive/2017/texmf-dist/tex/latex/url/url.sty
\Urlmuskip=\muskip16
Package: url 2013/09/16  ver 3.4  Verb mode for urls, etc.
)
LaTeX Info: Redefining \url on input line 5104.
\XeTeXLinkMargin=\dimen149
\Fld@menulength=\count191
\Field@Width=\dimen150
\Fld@charsize=\dimen151
Package hyperref Info: Hyper figures OFF on input line 6358.
Package hyperref Info: Link nesting OFF on input line 6363.
Package hyperref Info: Hyper index ON on input line 6366.
Package hyperref Info: backreferencing OFF on input line 6373.
Package hyperref Info: Link coloring OFF on input line 6378.
Package hyperref Info: Link coloring with OCG OFF on input line 6383.
Package hyperref Info: PDF/A mode OFF on input line 6388.
LaTeX Info: Redefining \ref on input line 6428.
LaTeX Info: Redefining \pageref on input line 6432.
\Hy@abspage=\count192
\c@Item=\count193
)

Package hyperref Message: Driver: hxetex.

(/home/sup/texlive/2017/texmf-dist/tex/latex/hyperref/hxetex.def
File: hxetex.def 2017/03/14 v6.85a Hyperref driver for XeTeX

(/home/sup/texlive/2017/texmf-dist/tex/generic/oberdiek/stringenc.sty
Package: stringenc 2016/05/16 v1.11 Convert strings between diff. encodings (HO
)
)
\pdfm@box=\box47
\c@Hy@AnnotLevel=\count194
\HyField@AnnotCount=\count195
\Fld@listcount=\count196
\c@bookmark@seq@number=\count197

(/home/sup/texlive/2017/texmf-dist/tex/latex/oberdiek/rerunfilecheck.sty
Package: rerunfilecheck 2016/05/16 v1.8 Rerun checks for auxiliary files (HO)
Package rerunfilecheck Info: Feature \pdfmdfivesum is not available
(rerunfilecheck)             (e.g. pdfTeX or LuaTeX with package `pdftexcmds').

(rerunfilecheck)             Therefore file contents cannot be checked efficien
tly
(rerunfilecheck)             and the loading of the package is aborted.
)
\Hy@SectionHShift=\skip54
)
(/home/sup/texlive/2017/texmf-dist/tex/latex/ms/ragged2e.sty
Package: ragged2e 2009/05/21 v2.1 ragged2e Package (MS)

(/home/sup/texlive/2017/texmf-dist/tex/latex/ms/everysel.sty
Package: everysel 2011/10/28 v1.2 EverySelectfont Package (MS)
)
\CenteringLeftskip=\skip55
\RaggedLeftLeftskip=\skip56
\RaggedRightLeftskip=\skip57
\CenteringRightskip=\skip58
\RaggedLeftRightskip=\skip59
\RaggedRightRightskip=\skip60
\CenteringParfillskip=\skip61
\RaggedLeftParfillskip=\skip62
\RaggedRightParfillskip=\skip63
\JustifyingParfillskip=\skip64
\CenteringParindent=\skip65
\RaggedLeftParindent=\skip66
\RaggedRightParindent=\skip67
\JustifyingParindent=\skip68
)
(/home/sup/texlive/2017/texmf-dist/tex/latex/geometry/geometry.sty
Package: geometry 2010/09/12 v5.6 Page Geometry
\Gm@cnth=\count198
\Gm@cntv=\count199
\c@Gm@tempcnt=\count266
\Gm@bindingoffset=\dimen152
\Gm@wd@mp=\dimen153
\Gm@odd@mp=\dimen154
\Gm@even@mp=\dimen155
\Gm@layoutwidth=\dimen156
\Gm@layoutheight=\dimen157
\Gm@layouthoffset=\dimen158
\Gm@layoutvoffset=\dimen159
\Gm@dimlist=\toks19
)
(/home/sup/texlive/2017/texmf-dist/tex/latex/changepage/changepage.sty
Package: changepage 2009/10/20 v1.0c check page and change page layout
\c@cp@cntr=\count267
\cp@tempcnt=\count268
)
\@tufte@overhang=\skip69
\@tufte@fullwidth=\skip70
\@tufte@caption@fill=\skip71

(/home/sup/texlive/2017/texmf-dist/tex/latex/paralist/paralist.sty
Package: paralist 2017/01/22 v2.7 Extended list environments
\pltopsep=\skip72
\plpartopsep=\skip73
\plitemsep=\skip74
\plparsep=\skip75
\pl@lab=\toks20
)
(/home/sup/texlive/2017/texmf-dist/tex/latex/textcase/textcase.sty
Package: textcase 2004/10/07 v0.07 Text only upper/lower case changing (DPC)
)
(/home/sup/texlive/2017/texmf-dist/tex/latex/soul/soul.sty
Package: soul 2003/11/17 v2.4 letterspacing/underlining (mf)
\SOUL@word=\toks21
\SOUL@lasttoken=\toks22
\SOUL@cmds=\toks23
\SOUL@buffer=\toks24
\SOUL@token=\toks25
\SOUL@spaceskip=\skip76
\SOUL@ttwidth=\dimen160
\SOUL@uldp=\dimen161
\SOUL@ulht=\dimen162
)
LaTeX Info: Redefining \allcapsspacing on input line 737.
LaTeX Info: Redefining \smallcapsspacing on input line 737.

(/home/sup/texlive/2017/texmf-dist/tex/latex/setspace/setspace.sty
Package: setspace 2011/12/19 v6.7a set line spacing
)
(/home/sup/texlive/2017/texmf-dist/tex/latex/xcolor/xcolor.sty
Package: xcolor 2016/05/11 v2.12 LaTeX color extensions (UK)

(/home/sup/texlive/2017/texmf-dist/tex/latex/graphics-cfg/color.cfg
File: color.cfg 2016/01/02 v1.6 sample color configuration
)
Package xcolor Info: Package option `usenames' ignored on input line 216.
Package xcolor Info: Driver file: xetex.def on input line 225.
Package xcolor Info: Model `cmy' substituted by `cmy0' on input line 1348.
Package xcolor Info: Model `RGB' extended on input line 1364.
Package xcolor Info: Model `HTML' substituted by `rgb' on input line 1366.
Package xcolor Info: Model `Hsb' substituted by `hsb' on input line 1367.
Package xcolor Info: Model `tHsb' substituted by `hsb' on input line 1368.
Package xcolor Info: Model `HSB' substituted by `hsb' on input line 1369.
Package xcolor Info: Model `Gray' substituted by `gray' on input line 1370.
Package xcolor Info: Model `wave' substituted by `hsb' on input line 1371.

(/home/sup/texlive/2017/texmf-dist/tex/latex/graphics/dvipsnam.def
File: dvipsnam.def 2016/06/17 v3.0m Driver-dependent file (DPC,SPQR)
)
(/home/sup/texlive/2017/texmf-dist/tex/latex/xcolor/svgnam.def
File: svgnam.def 2016/05/11 v2.12 Predefined colors according to SVG 1.1 (UK)
))
(/home/sup/texlive/2017/texmf-dist/tex/latex/natbib/natbib.sty
Package: natbib 2010/09/13 8.31b (PWD, AO)
\bibhang=\skip77
\bibsep=\skip78
LaTeX Info: Redefining \cite on input line 694.
\c@NAT@ctr=\count269
)
(/home/sup/texlive/2017/texmf-dist/tex/latex/natbib/bibentry.sty
Package: bibentry 2007/10/30 1.5 (PWD)
) (./solar.bbl)
\c@@tufte@num@bibkeys=\count270
(/home/sup/texlive/2017/texmf-dist/tex/latex/sauerj/optparams.sty
Package: optparams 2004/08/14 v0.9 multiple optional parameters in macros
)
\@tufte@sidenote@vertical@offset=\skip79

(/home/sup/texlive/2017/texmf-dist/tex/latex/placeins/placeins.sty
Package: placeins 2005/04/18  v 2.2
)
\@tufte@margin@floatbox=\box48
\@tufte@figure@box=\box49
\@tufte@caption@box=\box50
\@tufte@caption@vertical@offset=\skip80
\@tufte@float@contents@width=\skip81

(/home/sup/texlive/2017/texmf-dist/tex/latex/fancyhdr/fancyhdr.sty
Package: fancyhdr 2017/06/30 v3.9a Extensive control of page headers and footer
s
\f@nch@headwidth=\skip82
\f@nch@O@elh=\skip83
\f@nch@O@erh=\skip84
\f@nch@O@olh=\skip85
\f@nch@O@orh=\skip86
\f@nch@O@elf=\skip87
\f@nch@O@erf=\skip88
\f@nch@O@olf=\skip89
\f@nch@O@orf=\skip90
)
\tufteskipamount=\skip91

(/home/sup/texlive/2017/texmf-dist/tex/latex/tools/multicol.sty
Package: multicol 2017/04/11 v1.8q multicolumn formatting (FMi)
\c@tracingmulticols=\count271
\mult@box=\box51
\multicol@leftmargin=\dimen163
\c@unbalance=\count272
\c@collectmore=\count273
\doublecol@number=\count274
\multicoltolerance=\count275
\multicolpretolerance=\count276
\full@width=\dimen164
\page@free=\dimen165
\premulticols=\dimen166
\postmulticols=\dimen167
\multicolsep=\skip92
\multicolbaselineskip=\skip93
\partial@page=\box52
\last@line=\box53
\maxbalancingoverflow=\dimen168
\mult@rightbox=\box54
\mult@grightbox=\box55
\mult@gfirstbox=\box56
\mult@firstbox=\box57
\@tempa=\box58
\@tempa=\box59
\@tempa=\box60
\@tempa=\box61
\@tempa=\box62
\@tempa=\box63
\@tempa=\box64
\@tempa=\box65
\@tempa=\box66
\@tempa=\box67
\@tempa=\box68
\@tempa=\box69
\@tempa=\box70
\@tempa=\box71
\@tempa=\box72
\@tempa=\box73
\@tempa=\box74
\c@columnbadness=\count277
\c@finalcolumnbadness=\count278
\last@try=\dimen169
\multicolovershoot=\dimen170
\multicolundershoot=\dimen171
\mult@nat@firstbox=\box75
\colbreak@box=\box76
\mc@col@check@num=\count279
)))
(/home/sup/texlive/2017/texmf-dist/tex/latex/polyglossia/polyglossia.sty
Package: polyglossia 2015/03/25 v1.42.4 Alternative to Babel for XeLaTeX and Lu
aLaTeX

(/home/sup/texlive/2017/texmf-dist/tex/latex/etoolbox/etoolbox.sty
Package: etoolbox 2017/11/22 v2.5 e-TeX tools for LaTeX (JAW)
\etb@tempcnta=\count280
)
(/home/sup/texlive/2017/texmf-dist/tex/latex/makecmds/makecmds.sty
Package: makecmds 2009/09/03 v1.0a extra command making commands
)
\xpg@normalclass=\XeTeXcharclass1
)
(/home/sup/texlive/2017/texmf-dist/tex/latex/polyglossia/gloss-thai.ldf
File: gloss-thai.ldf polyglossia: module for thai
)
Package polyglossia Info: Default language is thai.
\g__fontspec_family_THSarabunNew_int=\count281
.................................................
. fontspec info: "defining-font"
. 
. Font family 'THSarabunNew(0)' created for font 'TH Sarabun New' with options
. [Scale=1.23].
.  
.  This font family consists of the following NFSS series/shapes:
.  
. - 'normal' (m/n) with NFSS spec.: <->s*[1.23]"TH Sarabun
. New/OT:script=latn;language=DFLT;"
. - 'small caps'  (m/sc) with NFSS spec.: 
. - 'bold' (bx/n) with NFSS spec.: <->s*[1.23]"TH Sarabun
. New/B/OT:script=latn;language=DFLT;"
. - 'bold small caps'  (bx/sc) with NFSS spec.: 
. - 'italic' (m/it) with NFSS spec.: <->s*[1.23]"TH Sarabun
. New/I/OT:script=latn;language=DFLT;"
. - 'italic small caps'  (m/itsc) with NFSS spec.: 
. - 'bold italic' (bx/it) with NFSS spec.: <->s*[1.23]"TH Sarabun
. New/BI/OT:script=latn;language=DFLT;"
. - 'bold italic small caps'  (bx/itsc) with NFSS spec.: 
.................................................
.................................................
. fontspec info: "defining-font"
. 
. Font family 'THSarabunNew(1)' created for font 'TH Sarabun New' with options
. [].
.  
.  This font family consists of the following NFSS series/shapes:
.  
. - 'normal' (m/n) with NFSS spec.: <->"TH Sarabun
. New/OT:script=latn;language=DFLT;"
. - 'small caps'  (m/sc) with NFSS spec.: 
. - 'bold' (bx/n) with NFSS spec.: <->"TH Sarabun
. New/B/OT:script=latn;language=DFLT;"
. - 'bold small caps'  (bx/sc) with NFSS spec.: 
. - 'italic' (m/it) with NFSS spec.: <->"TH Sarabun
. New/I/OT:script=latn;language=DFLT;"
. - 'italic small caps'  (m/itsc) with NFSS spec.: 
. - 'bold italic' (bx/it) with NFSS spec.: <->"TH Sarabun
. New/BI/OT:script=latn;language=DFLT;"
. - 'bold italic small caps'  (bx/itsc) with NFSS spec.: 
.................................................

(/home/sup/texlive/2017/texmf-dist/tex/latex/parskip/parskip.sty
Package: parskip 2001/04/09 non-zero parskip adjustments
)
(/home/sup/texlive/2017/texmf-dist/tex/latex/booktabs/booktabs.sty
Package: booktabs 2016/04/27 v1.618033 publication quality tables
\heavyrulewidth=\dimen172
\lightrulewidth=\dimen173
\cmidrulewidth=\dimen174
\belowrulesep=\dimen175
\belowbottomsep=\dimen176
\aboverulesep=\dimen177
\abovetopsep=\dimen178
\cmidrulesep=\dimen179
\cmidrulekern=\dimen180
\defaultaddspace=\dimen181
\@cmidla=\count282
\@cmidlb=\count283
\@aboverulesep=\dimen182
\@belowrulesep=\dimen183
\@thisruleclass=\count284
\@lastruleclass=\count285
\@thisrulewidth=\dimen184
)
(/home/sup/texlive/2017/texmf-dist/tex/latex/tools/array.sty
Package: array 2016/10/06 v2.4d Tabular extension package (FMi)
\col@sep=\dimen185
\extrarowheight=\dimen186
\NC@list=\toks26
\extratabsurround=\skip94
\backup@length=\skip95
)
(/home/sup/texlive/2017/texmf-dist/tex/latex/enumitem/enumitem.sty
Package: enumitem 2011/09/28 v3.5.2 Customized lists
\enitkv@toks@=\toks27
\labelindent=\skip96
\enit@outerparindent=\dimen187
\enit@toks=\toks28
\enit@inbox=\box77
\enitdp@description=\count286
)
(/home/sup/texlive/2017/texmf-dist/tex/latex/subfigure/subfigure.sty
Package: subfigure 2002/03/15 v2.1.5 subfigure package
\subfigtopskip=\skip97
\subfigcapskip=\skip98
\subfigcaptopadj=\dimen188
\subfigbottomskip=\skip99
\subfigcapmargin=\dimen189
\subfiglabelskip=\skip100
\c@subfigure=\count287
\c@lofdepth=\count288
\c@subtable=\count289
\c@lotdepth=\count290

****************************************
* Local config file subfigure.cfg used *
****************************************
(/home/sup/texlive/2017/texmf-dist/tex/latex/subfigure/subfigure.cfg)
\subfig@top=\skip101
\subfig@bottom=\skip102
)
(/home/sup/texlive/2017/texmf-dist/tex/latex/pgf/frontendlayer/tikz.sty
(/home/sup/texlive/2017/texmf-dist/tex/latex/pgf/basiclayer/pgf.sty
(/home/sup/texlive/2017/texmf-dist/tex/latex/pgf/utilities/pgfrcs.sty
(/home/sup/texlive/2017/texmf-dist/tex/generic/pgf/utilities/pgfutil-common.tex
\pgfutil@everybye=\toks29
\pgfutil@tempdima=\dimen190
\pgfutil@tempdimb=\dimen191

(/home/sup/texlive/2017/texmf-dist/tex/generic/pgf/utilities/pgfutil-common-lis
ts.tex))
(/home/sup/texlive/2017/texmf-dist/tex/generic/pgf/utilities/pgfutil-latex.def
\pgfutil@abb=\box78

(/home/sup/texlive/2017/texmf-dist/tex/latex/ms/everyshi.sty
Package: everyshi 2001/05/15 v3.00 EveryShipout Package (MS)
))
(/home/sup/texlive/2017/texmf-dist/tex/generic/pgf/utilities/pgfrcs.code.tex
Package: pgfrcs 2015/08/07 v3.0.1a (rcs-revision 1.31)
))
Package: pgf 2015/08/07 v3.0.1a (rcs-revision 1.15)

(/home/sup/texlive/2017/texmf-dist/tex/latex/pgf/basiclayer/pgfcore.sty
(/home/sup/texlive/2017/texmf-dist/tex/latex/pgf/systemlayer/pgfsys.sty
(/home/sup/texlive/2017/texmf-dist/tex/generic/pgf/systemlayer/pgfsys.code.tex
Package: pgfsys 2014/07/09 v3.0.1a (rcs-revision 1.48)

(/home/sup/texlive/2017/texmf-dist/tex/generic/pgf/utilities/pgfkeys.code.tex
\pgfkeys@pathtoks=\toks30
\pgfkeys@temptoks=\toks31

(/home/sup/texlive/2017/texmf-dist/tex/generic/pgf/utilities/pgfkeysfiltered.co
de.tex
\pgfkeys@tmptoks=\toks32
))
\pgf@x=\dimen192
\pgf@y=\dimen193
\pgf@xa=\dimen194
\pgf@ya=\dimen195
\pgf@xb=\dimen196
\pgf@yb=\dimen197
\pgf@xc=\dimen198
\pgf@yc=\dimen199
\w@pgf@writea=\write3
\r@pgf@reada=\read2
\c@pgf@counta=\count291
\c@pgf@countb=\count292
\c@pgf@countc=\count293
\c@pgf@countd=\count294
\t@pgf@toka=\toks33
\t@pgf@tokb=\toks34
\t@pgf@tokc=\toks35
 (/home/sup/texlive/2017/texmf-dist/tex/generic/pgf/systemlayer/pgf.cfg
File: pgf.cfg 2008/05/14  (rcs-revision 1.7)
)
Driver file for pgf: pgfsys-xetex.def

(/home/sup/texlive/2017/texmf-dist/tex/generic/pgf/systemlayer/pgfsys-xetex.def
File: pgfsys-xetex.def 2014/07/09  (rcs-revision 1.11)

(/home/sup/texlive/2017/texmf-dist/tex/generic/pgf/systemlayer/pgfsys-dvipdfmx.
def
File: pgfsys-dvipdfmx.def 2014/07/09  (rcs-revision 1.14)

(/home/sup/texlive/2017/texmf-dist/tex/generic/pgf/systemlayer/pgfsys-common-pd
f.def
File: pgfsys-common-pdf.def 2013/10/10  (rcs-revision 1.13)
)
\pgfsys@objnum=\count295
)))
(/home/sup/texlive/2017/texmf-dist/tex/generic/pgf/systemlayer/pgfsyssoftpath.c
ode.tex
File: pgfsyssoftpath.code.tex 2013/09/09  (rcs-revision 1.9)
\pgfsyssoftpath@smallbuffer@items=\count296
\pgfsyssoftpath@bigbuffer@items=\count297
)
(/home/sup/texlive/2017/texmf-dist/tex/generic/pgf/systemlayer/pgfsysprotocol.c
ode.tex
File: pgfsysprotocol.code.tex 2006/10/16  (rcs-revision 1.4)
))
(/home/sup/texlive/2017/texmf-dist/tex/generic/pgf/basiclayer/pgfcore.code.tex
Package: pgfcore 2010/04/11 v3.0.1a (rcs-revision 1.7)

(/home/sup/texlive/2017/texmf-dist/tex/generic/pgf/math/pgfmath.code.tex
(/home/sup/texlive/2017/texmf-dist/tex/generic/pgf/math/pgfmathcalc.code.tex
(/home/sup/texlive/2017/texmf-dist/tex/generic/pgf/math/pgfmathutil.code.tex)
(/home/sup/texlive/2017/texmf-dist/tex/generic/pgf/math/pgfmathparser.code.tex
\pgfmath@dimen=\dimen256
\pgfmath@count=\count298
\pgfmath@box=\box79
\pgfmath@toks=\toks36
\pgfmath@stack@operand=\toks37
\pgfmath@stack@operation=\toks38
)
(/home/sup/texlive/2017/texmf-dist/tex/generic/pgf/math/pgfmathfunctions.code.t
ex
(/home/sup/texlive/2017/texmf-dist/tex/generic/pgf/math/pgfmathfunctions.basic.
code.tex)
(/home/sup/texlive/2017/texmf-dist/tex/generic/pgf/math/pgfmathfunctions.trigon
ometric.code.tex)
(/home/sup/texlive/2017/texmf-dist/tex/generic/pgf/math/pgfmathfunctions.random
.code.tex)
(/home/sup/texlive/2017/texmf-dist/tex/generic/pgf/math/pgfmathfunctions.compar
ison.code.tex)
(/home/sup/texlive/2017/texmf-dist/tex/generic/pgf/math/pgfmathfunctions.base.c
ode.tex)
(/home/sup/texlive/2017/texmf-dist/tex/generic/pgf/math/pgfmathfunctions.round.
code.tex)
(/home/sup/texlive/2017/texmf-dist/tex/generic/pgf/math/pgfmathfunctions.misc.c
ode.tex)
(/home/sup/texlive/2017/texmf-dist/tex/generic/pgf/math/pgfmathfunctions.intege
rarithmetics.code.tex)))
(/home/sup/texlive/2017/texmf-dist/tex/generic/pgf/math/pgfmathfloat.code.tex
\c@pgfmathroundto@lastzeros=\count299
))
(/home/sup/texlive/2017/texmf-dist/tex/generic/pgf/basiclayer/pgfcorepoints.cod
e.tex
File: pgfcorepoints.code.tex 2013/10/07  (rcs-revision 1.27)
\pgf@picminx=\dimen257
\pgf@picmaxx=\dimen258
\pgf@picminy=\dimen259
\pgf@picmaxy=\dimen260
\pgf@pathminx=\dimen261
\pgf@pathmaxx=\dimen262
\pgf@pathminy=\dimen263
\pgf@pathmaxy=\dimen264
\pgf@xx=\dimen265
\pgf@xy=\dimen266
\pgf@yx=\dimen267
\pgf@yy=\dimen268
\pgf@zx=\dimen269
\pgf@zy=\dimen270
)
(/home/sup/texlive/2017/texmf-dist/tex/generic/pgf/basiclayer/pgfcorepathconstr
uct.code.tex
File: pgfcorepathconstruct.code.tex 2013/10/07  (rcs-revision 1.29)
\pgf@path@lastx=\dimen271
\pgf@path@lasty=\dimen272
)
(/home/sup/texlive/2017/texmf-dist/tex/generic/pgf/basiclayer/pgfcorepathusage.
code.tex
File: pgfcorepathusage.code.tex 2014/11/02  (rcs-revision 1.24)
\pgf@shorten@end@additional=\dimen273
\pgf@shorten@start@additional=\dimen274
)
(/home/sup/texlive/2017/texmf-dist/tex/generic/pgf/basiclayer/pgfcorescopes.cod
e.tex
File: pgfcorescopes.code.tex 2015/05/08  (rcs-revision 1.46)
\pgfpic=\box80
\pgf@hbox=\box81
\pgf@layerbox@main=\box82
\pgf@picture@serial@count=\count300
)
(/home/sup/texlive/2017/texmf-dist/tex/generic/pgf/basiclayer/pgfcoregraphicsta
te.code.tex
File: pgfcoregraphicstate.code.tex 2014/11/02  (rcs-revision 1.12)
\pgflinewidth=\dimen275
)
(/home/sup/texlive/2017/texmf-dist/tex/generic/pgf/basiclayer/pgfcoretransforma
tions.code.tex
File: pgfcoretransformations.code.tex 2015/08/07  (rcs-revision 1.20)
\pgf@pt@x=\dimen276
\pgf@pt@y=\dimen277
\pgf@pt@temp=\dimen278
)
(/home/sup/texlive/2017/texmf-dist/tex/generic/pgf/basiclayer/pgfcorequick.code
.tex
File: pgfcorequick.code.tex 2008/10/09  (rcs-revision 1.3)
)
(/home/sup/texlive/2017/texmf-dist/tex/generic/pgf/basiclayer/pgfcoreobjects.co
de.tex
File: pgfcoreobjects.code.tex 2006/10/11  (rcs-revision 1.2)
)
(/home/sup/texlive/2017/texmf-dist/tex/generic/pgf/basiclayer/pgfcorepathproces
sing.code.tex
File: pgfcorepathprocessing.code.tex 2013/09/09  (rcs-revision 1.9)
)
(/home/sup/texlive/2017/texmf-dist/tex/generic/pgf/basiclayer/pgfcorearrows.cod
e.tex
File: pgfcorearrows.code.tex 2015/05/14  (rcs-revision 1.43)
\pgfarrowsep=\dimen279
)
(/home/sup/texlive/2017/texmf-dist/tex/generic/pgf/basiclayer/pgfcoreshade.code
.tex
File: pgfcoreshade.code.tex 2013/07/15  (rcs-revision 1.15)
\pgf@max=\dimen280
\pgf@sys@shading@range@num=\count301
)
(/home/sup/texlive/2017/texmf-dist/tex/generic/pgf/basiclayer/pgfcoreimage.code
.tex
File: pgfcoreimage.code.tex 2013/07/15  (rcs-revision 1.18)

(/home/sup/texlive/2017/texmf-dist/tex/generic/pgf/basiclayer/pgfcoreexternal.c
ode.tex
File: pgfcoreexternal.code.tex 2014/07/09  (rcs-revision 1.21)
\pgfexternal@startupbox=\box83
))
(/home/sup/texlive/2017/texmf-dist/tex/generic/pgf/basiclayer/pgfcorelayers.cod
e.tex
File: pgfcorelayers.code.tex 2013/07/18  (rcs-revision 1.7)
)
(/home/sup/texlive/2017/texmf-dist/tex/generic/pgf/basiclayer/pgfcoretransparen
cy.code.tex
File: pgfcoretransparency.code.tex 2013/09/30  (rcs-revision 1.5)
)
(/home/sup/texlive/2017/texmf-dist/tex/generic/pgf/basiclayer/pgfcorepatterns.c
ode.tex
File: pgfcorepatterns.code.tex 2013/11/07  (rcs-revision 1.5)
)))
(/home/sup/texlive/2017/texmf-dist/tex/generic/pgf/modules/pgfmoduleshapes.code
.tex
File: pgfmoduleshapes.code.tex 2014/03/21  (rcs-revision 1.35)
\pgfnodeparttextbox=\box84
)
(/home/sup/texlive/2017/texmf-dist/tex/generic/pgf/modules/pgfmoduleplot.code.t
ex
File: pgfmoduleplot.code.tex 2015/08/03  (rcs-revision 1.13)
)
(/home/sup/texlive/2017/texmf-dist/tex/latex/pgf/compatibility/pgfcomp-version-
0-65.sty
Package: pgfcomp-version-0-65 2007/07/03 v3.0.1a (rcs-revision 1.7)
\pgf@nodesepstart=\dimen281
\pgf@nodesepend=\dimen282
)
(/home/sup/texlive/2017/texmf-dist/tex/latex/pgf/compatibility/pgfcomp-version-
1-18.sty
Package: pgfcomp-version-1-18 2007/07/23 v3.0.1a (rcs-revision 1.1)
))
(/home/sup/texlive/2017/texmf-dist/tex/latex/pgf/utilities/pgffor.sty
(/home/sup/texlive/2017/texmf-dist/tex/latex/pgf/utilities/pgfkeys.sty
(/home/sup/texlive/2017/texmf-dist/tex/generic/pgf/utilities/pgfkeys.code.tex))
(/home/sup/texlive/2017/texmf-dist/tex/latex/pgf/math/pgfmath.sty
(/home/sup/texlive/2017/texmf-dist/tex/generic/pgf/math/pgfmath.code.tex))
(/home/sup/texlive/2017/texmf-dist/tex/generic/pgf/utilities/pgffor.code.tex
Package: pgffor 2013/12/13 v3.0.1a (rcs-revision 1.25)

(/home/sup/texlive/2017/texmf-dist/tex/generic/pgf/math/pgfmath.code.tex)
\pgffor@iter=\dimen283
\pgffor@skip=\dimen284
\pgffor@stack=\toks39
\pgffor@toks=\toks40
))
(/home/sup/texlive/2017/texmf-dist/tex/generic/pgf/frontendlayer/tikz/tikz.code
.tex
Package: tikz 2015/08/07 v3.0.1a (rcs-revision 1.151)

(/home/sup/texlive/2017/texmf-dist/tex/generic/pgf/libraries/pgflibraryplothand
lers.code.tex
File: pgflibraryplothandlers.code.tex 2013/08/31 v3.0.1a (rcs-revision 1.20)
\pgf@plot@mark@count=\count302
\pgfplotmarksize=\dimen285
)
\tikz@lastx=\dimen286
\tikz@lasty=\dimen287
\tikz@lastxsaved=\dimen288
\tikz@lastysaved=\dimen289
\tikzleveldistance=\dimen290
\tikzsiblingdistance=\dimen291
\tikz@figbox=\box85
\tikz@figbox@bg=\box86
\tikz@tempbox=\box87
\tikz@tempbox@bg=\box88
\tikztreelevel=\count303
\tikznumberofchildren=\count304
\tikznumberofcurrentchild=\count305
\tikz@fig@count=\count306

(/home/sup/texlive/2017/texmf-dist/tex/generic/pgf/modules/pgfmodulematrix.code
.tex
File: pgfmodulematrix.code.tex 2013/09/17  (rcs-revision 1.8)
\pgfmatrixcurrentrow=\count307
\pgfmatrixcurrentcolumn=\count308
\pgf@matrix@numberofcolumns=\count309
)
\tikz@expandcount=\count310

(/home/sup/texlive/2017/texmf-dist/tex/generic/pgf/frontendlayer/tikz/libraries
/tikzlibrarytopaths.code.tex
File: tikzlibrarytopaths.code.tex 2008/06/17 v3.0.1a (rcs-revision 1.2)
)))
(/home/sup/texlive/2017/texmf-dist/tex/generic/pgf/frontendlayer/tikz/libraries
/tikzlibraryarrows.code.tex
File: tikzlibraryarrows.code.tex 2008/01/09 v3.0.1a (rcs-revision 1.1)

(/home/sup/texlive/2017/texmf-dist/tex/generic/pgf/libraries/pgflibraryarrows.c
ode.tex
File: pgflibraryarrows.code.tex 2013/09/23 v3.0.1a (rcs-revision 1.16)
\arrowsize=\dimen292
))
(/home/sup/texlive/2017/texmf-dist/tex/generic/pgf/frontendlayer/tikz/libraries
/tikzlibrarycalc.code.tex
File: tikzlibrarycalc.code.tex 2013/07/15 v3.0.1a (rcs-revision 1.9)
)
(/home/sup/texlive/2017/texmf-dist/tex/generic/pgf/frontendlayer/tikz/libraries
/tikzlibrarydecorations.code.tex
(/home/sup/texlive/2017/texmf-dist/tex/generic/pgf/modules/pgfmoduledecorations
.code.tex
\pgfdecoratedcompleteddistance=\dimen293
\pgfdecoratedremainingdistance=\dimen294
\pgfdecoratedinputsegmentcompleteddistance=\dimen295
\pgfdecoratedinputsegmentremainingdistance=\dimen296
\pgf@decorate@distancetomove=\dimen297
\pgf@decorate@repeatstate=\count311
\pgfdecorationsegmentamplitude=\dimen298
\pgfdecorationsegmentlength=\dimen299
)
\tikz@lib@dec@box=\box89
)
(/home/sup/texlive/2017/texmf-dist/tex/generic/pgf/frontendlayer/tikz/libraries
/tikzlibraryshapes.code.tex
File: tikzlibraryshapes.code.tex 2008/01/09 v3.0.1a (rcs-revision 1.1)

(/home/sup/texlive/2017/texmf-dist/tex/generic/pgf/frontendlayer/tikz/libraries
/tikzlibraryshapes.geometric.code.tex
File: tikzlibraryshapes.geometric.code.tex 2008/01/09 v3.0.1a (rcs-revision 1.1
)

(/home/sup/texlive/2017/texmf-dist/tex/generic/pgf/libraries/shapes/pgflibrarys
hapes.geometric.code.tex
File: pgflibraryshapes.geometric.code.tex 2008/06/26 v3.0.1a (rcs-revision 1.1)

))
(/home/sup/texlive/2017/texmf-dist/tex/generic/pgf/frontendlayer/tikz/libraries
/tikzlibraryshapes.misc.code.tex
File: tikzlibraryshapes.misc.code.tex 2008/01/09 v3.0.1a (rcs-revision 1.1)

(/home/sup/texlive/2017/texmf-dist/tex/generic/pgf/libraries/shapes/pgflibrarys
hapes.misc.code.tex
File: pgflibraryshapes.misc.code.tex 2013/07/18 v3.0.1a (rcs-revision 1.5)
))
(/home/sup/texlive/2017/texmf-dist/tex/generic/pgf/frontendlayer/tikz/libraries
/tikzlibraryshapes.symbols.code.tex
File: tikzlibraryshapes.symbols.code.tex 2008/01/09 v3.0.1a (rcs-revision 1.1)

(/home/sup/texlive/2017/texmf-dist/tex/generic/pgf/libraries/shapes/pgflibrarys
hapes.symbols.code.tex
File: pgflibraryshapes.symbols.code.tex 2013/09/11 v3.0.1a (rcs-revision 1.6)
))
(/home/sup/texlive/2017/texmf-dist/tex/generic/pgf/frontendlayer/tikz/libraries
/tikzlibraryshapes.arrows.code.tex
File: tikzlibraryshapes.arrows.code.tex 2008/01/09 v3.0.1a (rcs-revision 1.1)

(/home/sup/texlive/2017/texmf-dist/tex/generic/pgf/libraries/shapes/pgflibrarys
hapes.arrows.code.tex
File: pgflibraryshapes.arrows.code.tex 2008/06/26 v3.0.1a (rcs-revision 1.1)
))
(/home/sup/texlive/2017/texmf-dist/tex/generic/pgf/frontendlayer/tikz/libraries
/tikzlibraryshapes.callouts.code.tex
(/home/sup/texlive/2017/texmf-dist/tex/generic/pgf/libraries/shapes/pgflibrarys
hapes.callouts.code.tex))
(/home/sup/texlive/2017/texmf-dist/tex/generic/pgf/frontendlayer/tikz/libraries
/tikzlibraryshapes.multipart.code.tex
File: tikzlibraryshapes.multipart.code.tex 2008/01/09 v3.0.1a (rcs-revision 1.1
)

(/home/sup/texlive/2017/texmf-dist/tex/generic/pgf/libraries/shapes/pgflibrarys
hapes.multipart.code.tex
File: pgflibraryshapes.multipart.code.tex 2010/01/07 v3.0.1a (rcs-revision 1.2)

\pgfnodepartlowerbox=\box90
\pgfnodeparttwobox=\box91
\pgfnodepartthreebox=\box92
\pgfnodepartfourbox=\box93
\pgfnodeparttwentybox=\box94
\pgfnodepartnineteenbox=\box95
\pgfnodeparteighteenbox=\box96
\pgfnodepartseventeenbox=\box97
\pgfnodepartsixteenbox=\box98
\pgfnodepartfifteenbox=\box99
\pgfnodepartfourteenbox=\box100
\pgfnodepartthirteenbox=\box101
\pgfnodeparttwelvebox=\box102
\pgfnodepartelevenbox=\box103
\pgfnodeparttenbox=\box104
\pgfnodepartninebox=\box105
\pgfnodeparteightbox=\box106
\pgfnodepartsevenbox=\box107
\pgfnodepartsixbox=\box108
\pgfnodepartfivebox=\box109
)))
(/home/sup/texlive/2017/texmf-dist/tex/generic/pgf/frontendlayer/tikz/libraries
/tikzlibrarydecorations.pathmorphing.code.tex
(/home/sup/texlive/2017/texmf-dist/tex/generic/pgf/libraries/decorations/pgflib
rarydecorations.pathmorphing.code.tex))
(/home/sup/texlive/2017/texmf-dist/tex/generic/pgf/frontendlayer/tikz/libraries
/tikzlibrarypatterns.code.tex
File: tikzlibrarypatterns.code.tex 2008/01/15 v3.0.1a (rcs-revision 1.2)

(/home/sup/texlive/2017/texmf-dist/tex/generic/pgf/libraries/pgflibrarypatterns
.code.tex
File: pgflibrarypatterns.code.tex 2008/03/03 v3.0.1a (rcs-revision 1.13)
)) (/home/sup/texlive/2017/texmf-dist/tex/latex/pgfplots/pgfplots.sty
(/home/sup/texlive/2017/texmf-dist/tex/generic/pgfplots/pgfplots.revision.tex)
Package: pgfplots 2017/06/05 v1.15 Data Visualization (1.15)

(/home/sup/texlive/2017/texmf-dist/tex/generic/pgfplots/pgfplots.code.tex
(/home/sup/texlive/2017/texmf-dist/tex/generic/pgfplots/pgfplotscore.code.tex
\t@pgfplots@toka=\toks41
\t@pgfplots@tokb=\toks42
\t@pgfplots@tokc=\toks43
\pgfplots@tmpa=\dimen300
\c@pgfplots@coordindex=\count312
\c@pgfplots@scanlineindex=\count313

(/home/sup/texlive/2017/texmf-dist/tex/generic/pgfplots/sys/pgfplotssysgeneric.
code.tex))
(/home/sup/texlive/2017/texmf-dist/tex/generic/pgfplots/libs/pgfplotslibrary.co
de.tex)
(/home/sup/texlive/2017/texmf-dist/tex/generic/pgfplots/oldpgfcompatib/pgfplots
oldpgfsupp_loader.code.tex
(/home/sup/texlive/2017/texmf-dist/tex/generic/pgf/libraries/pgflibraryfpu.code
.tex)
Package pgfplots: loading complementary arithmetics for your pgf version...

(/home/sup/texlive/2017/texmf-dist/tex/generic/pgfplots/oldpgfcompatib/pgfplots
oldpgfsupp_pgflibraryfpu.code.tex)
(/home/sup/texlive/2017/texmf-dist/tex/generic/pgfplots/oldpgfcompatib/pgfplots
oldpgfsupp_pgfmathfloat.code.tex
\c@pgfmathroundto@lastzeros=\count314
))
(/home/sup/texlive/2017/texmf-dist/tex/generic/pgfplots/util/pgfplotsutil.code.
tex
(/home/sup/texlive/2017/texmf-dist/tex/generic/pgfplots/liststructure/pgfplotsl
iststructure.code.tex)
(/home/sup/texlive/2017/texmf-dist/tex/generic/pgfplots/liststructure/pgfplotsl
iststructureext.code.tex)
(/home/sup/texlive/2017/texmf-dist/tex/generic/pgfplots/liststructure/pgfplotsa
rray.code.tex
\c@pgfplotsarray@tmp=\count315
)
(/home/sup/texlive/2017/texmf-dist/tex/generic/pgfplots/liststructure/pgfplotsm
atrix.code.tex)
(/home/sup/texlive/2017/texmf-dist/tex/generic/pgfplots/numtable/pgfplotstables
hared.code.tex
\c@pgfplotstable@counta=\count316
\t@pgfplotstable@a=\toks44
)
(/home/sup/texlive/2017/texmf-dist/tex/generic/pgfplots/liststructure/pgfplotsd
eque.code.tex)
(/home/sup/texlive/2017/texmf-dist/tex/generic/pgfplots/util/pgfplotsbinary.cod
e.tex
(/home/sup/texlive/2017/texmf-dist/tex/generic/pgfplots/util/pgfplotsbinary.dat
a.code.tex))
(/home/sup/texlive/2017/texmf-dist/tex/generic/pgfplots/util/pgfplotsutil.verb.
code.tex)
(/home/sup/texlive/2017/texmf-dist/tex/generic/pgfplots/libs/pgflibrarypgfplots
.surfshading.code.tex
\c@pgfplotslibrarysurf@no=\count317

(/home/sup/texlive/2017/texmf-dist/tex/generic/pgfplots/sys/pgflibrarypgfplots.
surfshading.pgfsys-xetex.def
(/home/sup/texlive/2017/texmf-dist/tex/generic/pgfplots/sys/pgflibrarypgfplots.
surfshading.pgfsys-dvipdfmx.def
\c@pgfplotslibrarysurf@streamlen=\count318
))))
(/home/sup/texlive/2017/texmf-dist/tex/generic/pgfplots/util/pgfplotscolormap.c
ode.tex
(/home/sup/texlive/2017/texmf-dist/tex/generic/pgfplots/util/pgfplotscolor.code
.tex))
(/home/sup/texlive/2017/texmf-dist/tex/generic/pgfplots/pgfplotsstackedplots.co
de.tex)
(/home/sup/texlive/2017/texmf-dist/tex/generic/pgfplots/pgfplotsplothandlers.co
de.tex
(/home/sup/texlive/2017/texmf-dist/tex/generic/pgfplots/pgfplotsmeshplothandler
.code.tex
(/home/sup/texlive/2017/texmf-dist/tex/generic/pgfplots/pgfplotsmeshplotimage.c
ode.tex)))
(/home/sup/texlive/2017/texmf-dist/tex/generic/pgfplots/pgfplots.scaling.code.t
ex)
(/home/sup/texlive/2017/texmf-dist/tex/generic/pgfplots/pgfplotscoordprocessing
.code.tex)
(/home/sup/texlive/2017/texmf-dist/tex/generic/pgfplots/pgfplots.errorbars.code
.tex)
(/home/sup/texlive/2017/texmf-dist/tex/generic/pgfplots/pgfplots.markers.code.t
ex)
(/home/sup/texlive/2017/texmf-dist/tex/generic/pgfplots/pgfplotsticks.code.tex)

(/home/sup/texlive/2017/texmf-dist/tex/generic/pgfplots/pgfplots.paths.code.tex
)
(/home/sup/texlive/2017/texmf-dist/tex/generic/pgf/frontendlayer/tikz/libraries
/tikzlibrarydecorations.pathreplacing.code.tex
(/home/sup/texlive/2017/texmf-dist/tex/generic/pgf/libraries/decorations/pgflib
rarydecorations.pathreplacing.code.tex))
\pgfplots@numplots=\count319
\pgfplots@xmin@reg=\dimen301
\pgfplots@xmax@reg=\dimen302
\pgfplots@ymin@reg=\dimen303
\pgfplots@ymax@reg=\dimen304
\pgfplots@zmin@reg=\dimen305
\pgfplots@zmax@reg=\dimen306
)
(/home/sup/texlive/2017/texmf-dist/tex/generic/pgf/frontendlayer/tikz/libraries
/tikzlibraryplotmarks.code.tex
File: tikzlibraryplotmarks.code.tex 2008/01/09 v3.0.1a (rcs-revision 1.1)

(/home/sup/texlive/2017/texmf-dist/tex/generic/pgf/libraries/pgflibraryplotmark
s.code.tex
File: pgflibraryplotmarks.code.tex 2015/08/03 v3.0.1a (rcs-revision 1.14)
))) (/home/sup/texlive/2017/texmf-dist/tex/latex/tocloft/tocloft.sty
Package: tocloft 2017/08/31 v2.3i parameterised ToC, etc., typesetting
Package tocloft Info: The document has chapter divisions on input line 51.
\cftparskip=\skip103
\cftbeforetoctitleskip=\skip104
\cftaftertoctitleskip=\skip105
\cftbeforepartskip=\skip106
\cftpartnumwidth=\skip107
\cftpartindent=\skip108
\cftbeforechapskip=\skip109
\cftchapindent=\skip110
\cftchapnumwidth=\skip111
\cftbeforesecskip=\skip112
\cftsecindent=\skip113
\cftsecnumwidth=\skip114
\cftbeforesubsecskip=\skip115
\cftsubsecindent=\skip116
\cftsubsecnumwidth=\skip117
\cftbeforesubsubsecskip=\skip118
\cftsubsubsecindent=\skip119
\cftsubsubsecnumwidth=\skip120
\cftbeforeparaskip=\skip121
\cftparaindent=\skip122
\cftparanumwidth=\skip123
\cftbeforesubparaskip=\skip124
\cftsubparaindent=\skip125
\cftsubparanumwidth=\skip126
\cftbeforeloftitleskip=\skip127
\cftafterloftitleskip=\skip128
\cftbeforefigskip=\skip129
\cftfigindent=\skip130
\cftfignumwidth=\skip131
\cftbeforelottitleskip=\skip132
\cftafterlottitleskip=\skip133
\cftbeforetabskip=\skip134
\cfttabindent=\skip135
\cfttabnumwidth=\skip136
\cftbeforesubfigskip=\skip137
\cftsubfigindent=\skip138
\cftsubfignumwidth=\skip139
\cftbeforesubtabskip=\skip140
\cftsubtabindent=\skip141
\cftsubtabnumwidth=\skip142


Package tocloft Warning: \@starttoc has already been redefined; tocloft bailing
 out. on input line 1147.

)

LaTeX Warning: Unused global option(s):
    [12pt].

(./solar.aux
LaTeX Font Info:    Font shape `TU/THSarabunNew(0)/m/n' will be
(Font)              scaled to size 12.29996pt on input line 19.
\thai@year=\count320
)
\openout1 = `solar.aux'.

LaTeX Font Info:    Checking defaults for OML/cmm/m/it on input line 73.
LaTeX Font Info:    ... okay on input line 73.
LaTeX Font Info:    Checking defaults for T1/cmr/m/n on input line 73.
LaTeX Font Info:    ... okay on input line 73.
LaTeX Font Info:    Checking defaults for OT1/cmr/m/n on input line 73.
LaTeX Font Info:    ... okay on input line 73.
LaTeX Font Info:    Checking defaults for OMS/cmsy/m/n on input line 73.
LaTeX Font Info:    ... okay on input line 73.
LaTeX Font Info:    Checking defaults for TU/lmr/m/n on input line 73.
LaTeX Font Info:    ... okay on input line 73.
LaTeX Font Info:    Checking defaults for OMX/cmex/m/n on input line 73.
LaTeX Font Info:    ... okay on input line 73.
LaTeX Font Info:    Checking defaults for U/cmr/m/n on input line 73.
LaTeX Font Info:    ... okay on input line 73.
LaTeX Font Info:    Checking defaults for PD1/pdf/m/n on input line 73.
LaTeX Font Info:    ... okay on input line 73.
LaTeX Font Info:    Checking defaults for PU/pdf/m/n on input line 73.
LaTeX Font Info:    ... okay on input line 73.
.................................................
. fontspec info: "setup-math"
. 
. Adjusting the maths setup (use [no-math] to avoid this).
.................................................
\symlegacymaths=\mathgroup4
LaTeX Font Info:    Overwriting symbol font `legacymaths' in version `bold'
(Font)                  OT1/cmr/m/n --> OT1/cmr/bx/n on input line 73.
LaTeX Font Info:    Redeclaring math accent \acute on input line 73.
LaTeX Font Info:    Redeclaring math accent \grave on input line 73.
LaTeX Font Info:    Redeclaring math accent \ddot on input line 73.
LaTeX Font Info:    Redeclaring math accent \tilde on input line 73.
LaTeX Font Info:    Redeclaring math accent \bar on input line 73.
LaTeX Font Info:    Redeclaring math accent \breve on input line 73.
LaTeX Font Info:    Redeclaring math accent \check on input line 73.
LaTeX Font Info:    Redeclaring math accent \hat on input line 73.
LaTeX Font Info:    Redeclaring math accent \dot on input line 73.
LaTeX Font Info:    Redeclaring math accent \mathring on input line 73.
LaTeX Font Info:    Redeclaring math symbol \colon on input line 73.
LaTeX Font Info:    Redeclaring math symbol \Gamma on input line 73.
LaTeX Font Info:    Redeclaring math symbol \Delta on input line 73.
LaTeX Font Info:    Redeclaring math symbol \Theta on input line 73.
LaTeX Font Info:    Redeclaring math symbol \Lambda on input line 73.
LaTeX Font Info:    Redeclaring math symbol \Xi on input line 73.
LaTeX Font Info:    Redeclaring math symbol \Pi on input line 73.
LaTeX Font Info:    Redeclaring math symbol \Sigma on input line 73.
LaTeX Font Info:    Redeclaring math symbol \Upsilon on input line 73.
LaTeX Font Info:    Redeclaring math symbol \Phi on input line 73.
LaTeX Font Info:    Redeclaring math symbol \Psi on input line 73.
LaTeX Font Info:    Redeclaring math symbol \Omega on input line 73.
LaTeX Font Info:    Redeclaring math symbol \mathdollar on input line 73.
LaTeX Font Info:    Redeclaring symbol font `operators' on input line 73.
LaTeX Font Info:    Encoding `OT1' has changed to `TU' for symbol font
(Font)              `operators' in the math version `normal' on input line 73.
LaTeX Font Info:    Overwriting symbol font `operators' in version `normal'
(Font)                  OT1/cmr/m/n --> TU/lmr/m/n on input line 73.
LaTeX Font Info:    Encoding `OT1' has changed to `TU' for symbol font
(Font)              `operators' in the math version `bold' on input line 73.
LaTeX Font Info:    Overwriting symbol font `operators' in version `bold'
(Font)                  OT1/cmr/bx/n --> TU/lmr/m/n on input line 73.
LaTeX Font Info:    Overwriting symbol font `operators' in version `normal'
(Font)                  TU/lmr/m/n --> TU/lmr/m/n on input line 73.
LaTeX Font Info:    Overwriting math alphabet `\mathit' in version `normal'
(Font)                  OT1/cmr/m/it --> TU/lmr/m/it on input line 73.
LaTeX Font Info:    Overwriting math alphabet `\mathbf' in version `normal'
(Font)                  OT1/cmr/bx/n --> TU/lmr/bx/n on input line 73.
LaTeX Font Info:    Overwriting math alphabet `\mathsf' in version `normal'
(Font)                  OT1/cmss/m/n --> TU/lmss/m/n on input line 73.
LaTeX Font Info:    Overwriting math alphabet `\mathtt' in version `normal'
(Font)                  OT1/cmtt/m/n --> TU/lmtt/m/n on input line 73.
LaTeX Font Info:    Overwriting symbol font `operators' in version `bold'
(Font)                  TU/lmr/m/n --> TU/lmr/bx/n on input line 73.
LaTeX Font Info:    Overwriting math alphabet `\mathit' in version `bold'
(Font)                  OT1/cmr/bx/it --> TU/lmr/bx/it on input line 73.
LaTeX Font Info:    Overwriting math alphabet `\mathsf' in version `bold'
(Font)                  OT1/cmss/bx/n --> TU/lmss/bx/n on input line 73.
LaTeX Font Info:    Overwriting math alphabet `\mathtt' in version `bold'
(Font)                  OT1/cmtt/m/n --> TU/lmtt/bx/n on input line 73.
\AtBeginShipoutBox=\box110
Package hyperref Info: Link coloring OFF on input line 73.
 (/home/sup/texlive/2017/texmf-dist/tex/latex/hyperref/nameref.sty
Package: nameref 2016/05/21 v2.44 Cross-referencing by name of section
(/home/sup/texlive/2017/texmf-dist/tex/generic/oberdiek/gettitlestring.sty
Package: gettitlestring 2016/05/16 v1.5 Cleanup title references (HO)
)
\c@section@level=\count321
)
LaTeX Info: Redefining \ref on input line 73.
LaTeX Info: Redefining \pageref on input line 73.
LaTeX Info: Redefining \nameref on input line 73.

(./solar.out) (./solar.out)
\@outlinefile=\write4
\openout4 = `solar.out'.

 ABD: EverySelectfont initializing macros
LaTeX Info: Redefining \selectfont on input line 73.

*geometry* driver: auto-detecting
*geometry* detected driver: xetex
*geometry* verbose mode - [ preamble ] result:
* driver: xetex
* paper: a4paper
* layout: <same size as paper>
* layoutoffset:(h,v)=(0.0pt,0.0pt)
* modes: twoside asymmetric 
* h-part:(L,W,R)=(70.56284pt, 304.44447pt, 222.50056pt)
* v-part:(T,H,B)=(77.96053pt, 686.0pt, 81.08632pt)
* \paperwidth=597.50787pt
* \paperheight=845.04684pt
* \textwidth=304.44447pt
* \textheight=686.0pt
* \oddsidemargin=-1.70715pt
* \evensidemargin=-1.70715pt
* \topmargin=-36.30946pt
* \headheight=14.0pt
* \headsep=28.0pt
* \topskip=10.0pt
* \footskip=25.29494pt
* \marginparwidth=140.5566pt
* \marginparsep=23.33124pt
* \columnsep=10.0pt
* \skip\footins=9.0pt plus 4.0pt minus 2.0pt
* \hoffset=0.0pt
* \voffset=0.0pt
* \mag=1000
* \@twocolumnfalse
* \@twosidetrue
* \@mparswitchfalse
* \@reversemarginfalse
* (1in=72.27pt=25.4mm, 1cm=28.453pt)

\langwohyphens=\language84
\thai@year=\count322
ABD: EveryShipout initializing macros

Package pgfplots Warning: running in backwards compatibility mode (unsuitable t
ick labels; missing features). Consider writing \pgfplotsset{compat=1.15} into 
your preamble.
 on input line 73.

*geometry* verbose mode - [ newgeometry ] result:
* driver: xetex
* paper: a4paper
* layout: <same size as paper>
* layoutoffset:(h,v)=(0.0pt,0.0pt)
* modes: twoside 
* h-part:(L,W,R)=(28.45274pt, 497.35347pt, 71.70166pt)
* v-part:(T,H,B)=(28.45274pt, 715.18745pt, 101.40665pt)
* \paperwidth=597.50787pt
* \paperheight=845.04684pt
* \textwidth=497.35347pt
* \textheight=715.18745pt
* \oddsidemargin=-43.81725pt
* \evensidemargin=-0.56833pt
* \topmargin=-85.81725pt
* \headheight=14.0pt
* \headsep=28.0pt
* \topskip=10.0pt
* \footskip=25.29494pt
* \marginparwidth=140.5566pt
* \marginparsep=23.33124pt
* \columnsep=10.0pt
* \skip\footins=9.0pt plus 4.0pt minus 2.0pt
* \hoffset=0.0pt
* \voffset=0.0pt
* \mag=1000
* \@twocolumnfalse
* \@twosidetrue
* \@mparswitchtrue
* \@reversemarginfalse
* (1in=72.27pt=25.4mm, 1cm=28.453pt)

File: pictures/logo-tu.pdf Graphic file (type pdf)
<use pictures/logo-tu.pdf>
LaTeX Font Info:    Font shape `TU/THSarabunNew(0)/bx/n' will be
(Font)              scaled to size 12.29996pt on input line 86.
LaTeX Font Info:    Font shape `TU/THSarabunNew(0)/m/n' will be
(Font)              scaled to size 29.5199pt on input line 92.
LaTeX Font Info:    Font shape `TU/THSarabunNew(0)/bx/n' will be
(Font)              scaled to size 29.5199pt on input line 92.
LaTeX Font Info:    Font shape `TU/THSarabunNew(0)/m/n' will be
(Font)              scaled to size 25.51012pt on input line 95.
[1




] [2


]
LaTeX Font Info:    Font shape `TU/THSarabunNew(0)/bx/n' will be
(Font)              scaled to size 25.51012pt on input line 102.
 [3] (./solar.toc
\thai@year=\count323
LaTeX Font Info:    Font shape `TU/THSarabunNew(0)/m/n' will be
(Font)              scaled to size 14.75995pt on input line 2.
LaTeX Font Info:    Font shape `TU/THSarabunNew(0)/bx/n' will be
(Font)              scaled to size 14.75995pt on input line 2.
LaTeX Font Info:    Font shape `TU/THSarabunNew(0)/m/n' will be
(Font)              scaled to size 13.46844pt on input line 2.
LaTeX Font Info:    Font shape `TU/THSarabunNew(0)/bx/n' will be
(Font)              scaled to size 13.46844pt on input line 2.
LaTeX Font Info:    External font `cmex10' loaded for size
(Font)              <10.95> on input line 2.
LaTeX Font Info:    External font `cmex10' loaded for size
(Font)              <8> on input line 2.
LaTeX Font Info:    External font `cmex10' loaded for size
(Font)              <6> on input line 2.
LaTeX Font Info:    External font `cmex10' loaded for size
(Font)              <7> on input line 3.
LaTeX Font Info:    External font `cmex10' loaded for size
(Font)              <5> on input line 3.
)
\tf@toc=\write5
\openout5 = `solar.toc'.

 [4

] (./solar.lof
\thai@year=\count324
)
\tf@lof=\write6
\openout6 = `solar.lof'.

 [5

] (./solar.lot
\thai@year=\count325
)
\tf@lot=\write7
\openout7 = `solar.lot'.

 [6

] [7


] [8]
 1.
[9

] [10

]
 2.
[11] [12

]
 3.
[13] [14

]
 4.
LaTeX Font Info:    Font shape `TU/THSarabunNew(0)/m/it' will be
(Font)              scaled to size 13.46844pt on input line 159.
[15] [16

] [17] [18]
 5.
[19

]

LaTeX Font Warning: Font shape `TU/THSarabunNew(0)/m/sc' undefined
(Font)              using `TU/THSarabunNew(0)/m/n' instead on input line 200.

[20]
 6.
[21

] [22

]
 7.
[23] [24

] [25] [26]
 8.
[27

]
LaTeX Font Info:    Font shape `TU/THSarabunNew(0)/m/sc' will be
(Font)              scaled to size 12.29996pt on input line 238.
 [28]
 9.
[29

] [30

]

Package bibentry Warning: You have used \nobibliography* 
(bibentry)                without a following \bibliography.
(bibentry)                You may not be able to run BibTeX.

Package atveryend Info: Empty hook `BeforeClearDocument' on input line 242.
Package atveryend Info: Empty hook `AfterLastShipout' on input line 242.
(./solar.aux
\thai@year=\count326
)
Package atveryend Info: Empty hook `AtVeryEndDocument' on input line 242.
Package atveryend Info: Empty hook `AtEndAfterFileList' on input line 242.


LaTeX Font Warning: Some font shapes were not available, defaults substituted.

Package atveryend Info: Empty hook `AtVeryVeryEnd' on input line 242.
 ) 
Here is how much of TeX's memory you used:
 44310 strings out of 493005
 1028324 string characters out of 6135007
 1317440 words of memory out of 5000000
 47607 multiletter control sequences out of 15000+600000
 533876 words of font info for 57 fonts, out of 8000000 for 9000
 1348 hyphenation exceptions out of 8191
 62i,13n,96p,10471b,518s stack positions out of 5000i,500n,10000p,200000b,80000s

Output written on solar.pdf (30 pages).
