\BOOKMARK [-1][-]{part.1}{\376\377\000I\000\040\016\036\016\045\016\061\016\007\016\007\016\062\016\031\016\027\016\024\016\101\016\027\016\031\016\100\016\032\016\067\016\111\016\055\016\007\016\025\016\111\016\031}{}% 1
\BOOKMARK [0][-]{chapter.1}{\376\377\016\036\016\045\016\061\016\007\016\007\016\062\016\031\016\101\016\052\016\007\016\055\016\062\016\027\016\064\016\025\016\042\016\114}{part.1}% 2
\BOOKMARK [1][-]{section.1.1}{\376\377\016\001\016\062\016\043\016\101\016\034\016\110\016\043\016\061\016\007\016\052\016\065\016\002\016\055\016\007\016\047\016\061\016\025\016\026\016\070\016\024\016\063\000\040\000\050\000B\000l\000a\000c\000k\000b\000o\000d\000y\000\040\000R\000a\000d\000i\000a\000t\000i\000o\000n\000\051}{chapter.1}% 3
\BOOKMARK [1][-]{section.1.2}{\376\377\016\027\016\064\016\050\016\027\016\062\016\007\016\002\016\055\016\007\016\101\016\052\016\007\016\055\016\062\016\027\016\064\016\025\016\042\016\114}{chapter.1}% 4
\BOOKMARK [1][-]{section.1.3}{\376\377\016\100\016\013\016\045\016\045\016\114\016\101\016\052\016\007\016\055\016\062\016\027\016\064\016\025\016\042\016\114}{chapter.1}% 5
\BOOKMARK [1][-]{section.1.4}{\376\377\016\053\016\045\016\061\016\001\016\001\016\062\016\043\016\027\016\063\016\007\016\062\016\031\016\002\016\055\016\007\016\100\016\013\016\045\016\045\016\114\016\101\016\052\016\007\016\055\016\062\016\027\016\064\016\025\016\042\016\114}{chapter.1}% 6
\BOOKMARK [1][-]{section.1.5}{\376\377\016\025\016\111\016\031\016\027\016\070\016\031\016\002\016\055\016\007\016\001\016\062\016\043\016\034\016\045\016\064\016\025\016\104\016\037\016\037\016\111\016\062\016\010\016\062\016\001\016\100\016\013\016\045\016\045\016\114\016\101\016\052\016\007\016\055\016\062\016\027\016\064\016\025\016\042\016\114}{chapter.1}% 7
\BOOKMARK [1][-]{section.1.6}{\376\377\016\052\016\040\016\062\016\036\016\001\016\062\016\043\016\027\016\063\016\007\016\062\016\031\016\002\016\055\016\007\016\100\016\013\016\045\016\045\016\114\016\101\016\052\016\007\016\055\016\062\016\027\016\064\016\025\016\042\016\114}{chapter.1}% 8
\BOOKMARK [1][-]{section.1.7}{\376\377\016\036\016\045\016\061\016\007\016\007\016\062\016\031\016\004\016\047\016\062\016\041\016\043\016\111\016\055\016\031\016\101\016\052\016\007\016\055\016\062\016\027\016\064\016\025\016\042\016\114}{chapter.1}% 9
\BOOKMARK [1][-]{section.1.8}{\376\377\016\004\016\070\016\023\016\052\016\041\016\032\016\061\016\025\016\064\016\002\016\055\016\007\016\025\016\061\016\047\016\043\016\061\016\032\016\101\016\052\016\007}{chapter.1}% 10
\BOOKMARK [1][-]{section.1.9}{\376\377\016\100\016\027\016\004\016\102\016\031\016\102\016\045\016\042\016\065\016\031\016\063\016\004\016\047\016\062\016\041\016\043\016\111\016\055\016\031\016\104\016\033\016\103\016\012\016\111\016\025\016\110\016\055}{chapter.1}% 11
\BOOKMARK [0][-]{chapter.2}{\376\377\016\100\016\027\016\055\016\043\016\114\016\102\016\041\016\055\016\064\016\100\016\045\016\107\016\001\016\027\016\043\016\064\016\001\000\040\000\050\000T\000h\000e\000r\000m\000o\000e\000l\000e\000c\000t\000r\000i\000c\000i\000t\000y\000\051}{part.1}% 12
\BOOKMARK [1][-]{section.2.1}{\376\377\016\033\016\043\016\062\016\001\016\017\016\001\016\062\016\043\016\023\016\114\016\013\016\065\016\100\016\032\016\107\016\001\000\040\000\050\000S\000e\000e\000b\000e\000c\000k\000\040\000E\000f\000f\000e\000c\000t\000\051}{chapter.2}% 13
\BOOKMARK [1][-]{section.2.2}{\376\377\016\033\016\043\016\062\016\001\016\017\016\001\016\062\016\043\016\023\016\114\016\100\016\036\016\045\016\100\016\027\016\065\016\042\016\043\016\114\000\040\000\050\000P\000e\000l\000t\000i\000e\000r\000\040\000E\000f\000f\000e\000c\000t\000\051}{chapter.2}% 14
\BOOKMARK [1][-]{section.2.3}{\376\377\016\033\016\043\016\062\016\001\016\017\016\001\016\062\016\043\016\023\016\114\016\027\016\055\016\041\016\052\016\061\016\031\000\040\000\050\000T\000h\000o\000m\000s\000o\000n\000\040\000E\000f\000f\000e\000c\000t\000\051}{chapter.2}% 15
\BOOKMARK [1][-]{section.2.4}{\376\377\016\053\016\045\016\061\016\001\016\001\016\062\016\043\016\027\016\063\016\007\016\062\016\031\016\002\016\055\016\007\016\100\016\027\016\055\016\043\016\114\016\102\016\041\016\055\016\064\016\100\016\045\016\001\016\027\016\043\016\064\016\001}{chapter.2}% 16
\BOOKMARK [1][-]{section.2.5}{\376\377\016\025\016\111\016\031\016\027\016\070\016\031\016\002\016\055\016\007\016\036\016\045\016\061\016\007\016\007\016\062\016\031\016\010\016\062\016\001\016\100\016\027\016\055\016\043\016\114\016\102\016\041\016\055\016\064\016\100\016\045\016\001\016\027\016\043\016\064\016\001}{chapter.2}% 17
\BOOKMARK [0][-]{chapter.3}{\376\377\016\100\016\013\016\045\016\045\016\114\016\100\016\012\016\067\016\111\016\055\016\100\016\036\016\045\016\064\016\007\000\040\000\050\000F\000u\000e\000l\000\040\000C\000e\000l\000l\000s\000\051}{part.1}% 18
\BOOKMARK [1][-]{section.3.1}{\376\377\016\052\016\110\016\047\016\031\016\033\016\043\016\060\016\001\016\055\016\032\016\002\016\055\016\007\016\100\016\013\016\045\016\045\016\114\016\100\016\012\016\067\016\111\016\055\016\100\016\036\016\045\016\064\016\007}{chapter.3}% 19
\BOOKMARK [1][-]{section.3.2}{\376\377\016\033\016\017\016\064\016\001\016\064\016\043\016\064\016\042\016\062\016\103\016\031\016\100\016\013\016\045\016\045\016\114\016\100\016\012\016\067\016\111\016\055\016\100\016\036\016\045\016\064\016\007}{chapter.3}% 20
\BOOKMARK [1][-]{section.3.3}{\376\377\016\036\016\045\016\061\016\007\016\007\016\062\016\031\016\027\016\065\016\110\016\104\016\024\016\111\016\010\016\062\016\001\016\100\016\013\016\045\016\045\016\114\016\100\016\012\016\067\016\111\016\055\016\100\016\036\016\045\016\064\016\007}{chapter.3}% 21
\BOOKMARK [1][-]{section.3.4}{\376\377\016\012\016\031\016\064\016\024\016\002\016\055\016\007\016\100\016\013\016\045\016\045\016\114\016\100\016\012\016\067\016\111\016\055\016\100\016\036\016\045\016\064\016\007}{chapter.3}% 22
\BOOKMARK [1][-]{section.3.5}{\376\377\016\001\016\062\016\043\016\047\016\064\016\100\016\004\016\043\016\062\016\060\016\053\016\114\016\025\016\111\016\031\016\027\016\070\016\031\016\002\016\055\016\007\016\100\016\013\016\045\016\045\016\114\016\100\016\012\016\067\016\111\016\055\016\100\016\036\016\045\016\064\016\007}{chapter.3}% 23
\BOOKMARK [0][-]{chapter.4}{\376\377\016\036\016\045\016\061\016\007\016\007\016\062\016\031\016\045\016\041}{part.1}% 24
\BOOKMARK [1][-]{section.4.1}{\376\377\016\053\016\045\016\061\016\001\016\001\016\062\016\043\016\101\016\033\016\045\016\007\016\036\016\045\016\061\016\007\016\007\016\062\016\031\016\045\016\041}{chapter.4}% 25
\BOOKMARK [1][-]{section.4.2}{\376\377\016\055\016\062\016\001\016\062\016\050\016\036\016\045\016\050\016\062\016\052\016\025\016\043\016\114\016\002\016\055\016\007\016\001\016\061\016\007\016\053\016\061\016\031\016\045\016\041}{chapter.4}% 26
\BOOKMARK [1][-]{section.4.3}{\376\377\016\001\016\062\016\043\016\055\016\055\016\001\016\101\016\032\016\032\016\001\016\061\016\007\016\053\016\061\016\031\016\045\016\041\016\034\016\045\016\064\016\025\016\104\016\037\016\037\016\111\016\062}{chapter.4}% 27
\BOOKMARK [1][-]{section.4.4}{\376\377\016\025\016\111\016\031\016\027\016\070\016\031\016\001\016\062\016\043\016\034\016\045\016\064\016\025\016\104\016\037\016\037\016\111\016\062\016\036\016\045\016\061\016\007\016\007\016\062\016\031\016\045\016\041}{chapter.4}% 28
\BOOKMARK [0][-]{chapter.5}{\376\377\016\036\016\045\016\061\016\007\016\007\016\062\016\031\016\012\016\065\016\047\016\040\016\062\016\036}{part.1}% 29
\BOOKMARK [1][-]{section.5.1}{\376\377\016\047\016\061\016\025\016\026\016\070\016\024\016\064\016\032\000\040\000\050\000F\000e\000e\000d\000s\000t\000o\000c\000k\000\051}{chapter.5}% 30
\BOOKMARK [1][-]{section.5.2}{\376\377\016\100\016\055\016\027\016\062\016\031\016\055\016\045}{chapter.5}% 31
\BOOKMARK [1][-]{section.5.3}{\376\377\016\102\016\032\016\102\016\055\016\024\016\065\016\100\016\013\016\045}{chapter.5}% 32
\BOOKMARK [1][-]{section.5.4}{\376\377\016\101\016\001\016\107\016\052\016\012\016\065\016\047\016\040\016\062\016\036}{chapter.5}% 33
\BOOKMARK [0][-]{chapter.6}{\376\377\016\001\016\062\016\043\016\001\016\061\016\001\016\100\016\001\016\107\016\032\016\036\016\045\016\061\016\007\016\007\016\062\016\031\000\040\000\050\000E\000n\000e\000r\000g\000y\000\040\000S\000t\000o\000r\000a\000g\000e\000\051}{part.1}% 34
\BOOKMARK [1][-]{section.6.1}{\376\377\016\032\016\110\016\055\016\001\016\061\016\001\016\100\016\001\016\107\016\032\016\036\016\045\016\061\016\007\016\007\016\062\016\031\016\101\016\052\016\007\016\055\016\062\016\027\016\064\016\025\016\042\016\114\000\040\000\050\000S\000o\000l\000a\000r\000\040\000P\000o\000n\000d\000s\000\051}{chapter.6}% 35
\BOOKMARK [1][-]{section.6.2}{\376\377\016\101\016\032\016\025\016\100\016\025\016\055\016\043\016\065\016\110}{chapter.6}% 36
\BOOKMARK [1][-]{section.6.3}{\376\377\016\045\016\111\016\055\016\025\016\070\016\031\016\001\016\063\016\045\016\061\016\007\000\040\000\050\000F\000l\000y\000w\000h\000e\000e\000l\000\051}{chapter.6}% 37
\BOOKMARK [-1][-]{part.2}{\376\377\000I\000I\000\040\016\100\016\050\016\043\016\051\016\020\016\050\016\062\016\052\016\025\016\043\016\114\016\036\016\045\016\061\016\007\016\007\016\062\016\031}{}% 38
\BOOKMARK [0][-]{chapter.7}{\376\377\016\001\016\062\016\043\016\047\016\064\016\100\016\004\016\043\016\062\016\060\016\053\016\114\016\025\016\111\016\031\016\027\016\070\016\031}{part.2}% 39
\BOOKMARK [1][-]{section.7.1}{\376\377\016\102\016\004\016\043\016\007\016\052\016\043\016\111\016\062\016\007\016\025\016\111\016\031\016\027\016\070\016\031}{chapter.7}% 40
\BOOKMARK [1][-]{section.7.2}{\376\377\016\041\016\071\016\045\016\004\016\110\016\062\016\100\016\007\016\064\016\031\016\025\016\062\016\041\016\100\016\047\016\045\016\062\000\040\000\050\000T\000i\000m\000e\000\040\000V\000a\000l\000u\000e\000\040\000o\000f\000\040\000M\000o\000n\000e\000y\000\051}{chapter.7}% 41
\BOOKMARK [1][-]{section.7.3}{\376\377\016\025\016\111\016\031\016\027\016\070\016\031\016\100\016\011\016\045\016\065\016\110\016\042\016\025\016\045\016\055\016\024\016\055\016\062\016\042\016\070\016\102\016\004\016\043\016\007\016\001\016\062\016\043\000\040\000\050\000L\000e\000v\000e\000l\000i\000z\000e\000d\000\040\000C\000o\000s\000t\000\040\000o\000f\000\040\000E\000n\000e\000r\000g\000y\000\040\000-\000\040\000L\000C\000O\000E\000\051}{chapter.7}% 42
\BOOKMARK [1][-]{section.7.4}{\376\377\016\055\016\061\016\025\016\043\016\062\016\034\016\045\016\025\016\055\016\032\016\101\016\027\016\031\016\040\016\062\016\042\016\103\016\031\000\040\000\050\000I\000n\000t\000e\000r\000n\000a\000l\000\040\000R\000a\000t\000e\000\040\000o\000f\000\040\000R\000e\000t\000u\000r\000n\000\040\000-\000\040\000I\000R\000R\000\051}{chapter.7}% 43
\BOOKMARK [1][-]{section.7.5}{\376\377\016\041\016\071\016\045\016\004\016\110\016\062\016\033\016\061\016\010\016\010\016\070\016\032\016\061\016\031\016\052\016\070\016\027\016\030\016\064\000\040\000\050\000N\000e\000t\000\040\000P\000r\000e\000s\000e\000n\000t\000\040\000V\000a\000l\000u\000e\000\040\000-\000\040\000N\000P\000V\000\051}{chapter.7}% 44
\BOOKMARK [-1][-]{part.3}{\376\377\000I\000I\000I\000\040\016\050\016\061\016\001\016\042\016\040\016\062\016\036\016\002\016\055\016\007\016\036\016\045\016\061\016\007\016\007\016\062\016\031\016\027\016\024\016\101\016\027\016\031\016\103\016\031\016\033\016\043\016\060\016\100\016\027\016\050\016\104\016\027\016\042}{}% 45
\BOOKMARK [0][-]{chapter.8}{\376\377\016\001\016\062\016\043\016\036\016\061\016\022\016\031\016\062\016\055\016\042\016\110\016\062\016\007\016\042\016\061\016\110\016\007\016\042\016\067\016\031}{part.3}% 46
